Log file open, 08/28/18 15:51:16
LogWindows: Failed to load 'aqProf.dll' (GetLastError=126)
LogWindows: File 'aqProf.dll' does not exist
LogWindows: Failed to load 'VSPerf140.dll' (GetLastError=126)
LogWindows: File 'VSPerf140.dll' does not exist
LogWindows: Failed to load 'VtuneApi.dll' (GetLastError=126)
LogWindows: File 'VtuneApi.dll' does not exist
LogWindows: Failed to load 'VtuneApi32e.dll' (GetLastError=126)
LogWindows: File 'VtuneApi32e.dll' does not exist
LogInit: Display: Running engine for game: RacerPrototype
LogPlatformFile: Not using cached read wrapper
LogInit: Display: RandInit(-766855582) SRandInit(-766855581).
LogInit: Read version file with build ID '3709383'
LogInit: Overriding engine version to CL 3832480, compatible CL 3709383
LogInit: Registered custom module enumerator with build ID '3709383'
LogTaskGraph: Started task graph with 5 named threads and 8 total threads with 3 sets of task threads.
LogStats: Stats thread started at 0.190664
LogD3D11RHI: Aftermath initialized
LogModuleManager: Display: Found up-to-date module file ../../../Engine/Plugins/2D/Paper2D/Binaries/Win64/UE4Editor-Paper2D.dll (API version 3709383).
LogModuleManager: Display: Found up-to-date module file ../../../Engine/Plugins/2D/Paper2D/Binaries/Win64/UE4Editor-Paper2DEditor.dll (API version 3709383).
LogModuleManager: Display: Found up-to-date module file ../../../Engine/Plugins/2D/Paper2D/Binaries/Win64/UE4Editor-PaperSpriteSheetImporter.dll (API version 3709383).
LogModuleManager: Display: Found up-to-date module file ../../../Engine/Plugins/2D/Paper2D/Binaries/Win64/UE4Editor-PaperTiledImporter.dll (API version 3709383).
LogModuleManager: Display: Found up-to-date module file ../../../Engine/Plugins/2D/Paper2D/Binaries/Win64/UE4Editor-SmartSnapping.dll (API version 3709383).
LogModuleManager: Display: Found up-to-date module file ../../../Engine/Plugins/Blendables/LightPropagationVolume/Binaries/Win64/UE4Editor-LightPropagationVolumeRuntime.dll (API version 3709383).
LogModuleManager: Display: Found up-to-date module file ../../../Engine/Plugins/Blendables/LightPropagationVolume/Binaries/Win64/UE4Editor-LightPropagationVolumeEditor.dll (API version 3709383).
LogModuleManager: Display: Found up-to-date module file ../../../Engine/Plugins/Developer/GitSourceControl/Binaries/Win64/UE4Editor-GitSourceControl.dll (API version 3709383).
LogModuleManager: Display: Found up-to-date module file ../../../Engine/Plugins/Developer/PerforceSourceControl/Binaries/Win64/UE4Editor-PerforceSourceControl.dll (API version 3709383).
LogModuleManager: Display: Found up-to-date module file ../../../Engine/Plugins/Developer/SubversionSourceControl/Binaries/Win64/UE4Editor-SubversionSourceControl.dll (API version 3709383).
LogModuleManager: Display: Found up-to-date module file ../../../Engine/Plugins/Developer/UObjectPlugin/Binaries/Win64/UE4Editor-UObjectPlugin.dll (API version 3709383).
LogModuleManager: Display: Found up-to-date module file ../../../Engine/Plugins/Developer/VisualStudioCodeSourceCodeAccess/Binaries/Win64/UE4Editor-VisualStudioCodeSourceCodeAccess.dll (API version 3709383).
LogModuleManager: Display: Found up-to-date module file ../../../Engine/Plugins/Developer/VisualStudioSourceCodeAccess/Binaries/Win64/UE4Editor-VisualStudioSourceCodeAccess.dll (API version 3709383).
LogModuleManager: Display: Found up-to-date module file ../../../Engine/Plugins/Editor/AssetManagerEditor/Binaries/Win64/UE4Editor-AssetManagerEditor.dll (API version 3709383).
LogModuleManager: Display: Found up-to-date module file ../../../Engine/Plugins/Editor/AudioCapture/Binaries/Win64/UE4Editor-AudioCapture.dll (API version 3709383).
LogModuleManager: Display: Found up-to-date module file ../../../Engine/Plugins/Editor/FacialAnimation/Binaries/Win64/UE4Editor-FacialAnimation.dll (API version 3709383).
LogModuleManager: Display: Found up-to-date module file ../../../Engine/Plugins/Editor/FacialAnimation/Binaries/Win64/UE4Editor-FacialAnimationEditor.dll (API version 3709383).
LogModuleManager: Display: Found up-to-date module file ../../../Engine/Plugins/Editor/GameplayTagsEditor/Binaries/Win64/UE4Editor-GameplayTagsEditor.dll (API version 3709383).
LogModuleManager: Display: Found up-to-date module file ../../../Engine/Plugins/Editor/MobileLauncherProfileWizard/Binaries/Win64/UE4Editor-MobileLauncherProfileWizard.dll (API version 3709383).
LogModuleManager: Display: Found up-to-date module file ../../../Engine/Plugins/Editor/PluginBrowser/Binaries/Win64/UE4Editor-PluginBrowser.dll (API version 3709383).
LogModuleManager: Display: Found up-to-date module file ../../../Engine/Plugins/Editor/SpeedTreeImporter/Binaries/Win64/UE4Editor-SpeedTreeImporter.dll (API version 3709383).
LogModuleManager: Display: Found up-to-date module file ../../../Engine/Plugins/Experimental/AlembicImporter/Binaries/Win64/UE4Editor-AlembicImporter.dll (API version 3709383).
LogModuleManager: Display: Found up-to-date module file ../../../Engine/Plugins/Experimental/AlembicImporter/Binaries/Win64/UE4Editor-AlembicLibrary.dll (API version 3709383).
LogModuleManager: Display: Found up-to-date module file ../../../Engine/Plugins/Experimental/CharacterAI/Binaries/Win64/UE4Editor-CharacterAI.dll (API version 3709383).
LogModuleManager: Display: Found up-to-date module file ../../../Engine/Plugins/Experimental/HTML5Networking/Binaries/Win64/UE4Editor-HTML5Networking.dll (API version 3709383).
LogModuleManager: Display: Found up-to-date module file ../../../Engine/Plugins/Media/AndroidMedia/Binaries/Win64/UE4Editor-AndroidMediaEditor.dll (API version 3709383).
LogModuleManager: Display: Found up-to-date module file ../../../Engine/Plugins/Media/AndroidMedia/Binaries/Win64/UE4Editor-AndroidMediaFactory.dll (API version 3709383).
LogModuleManager: Display: Found up-to-date module file ../../../Engine/Plugins/Media/AvfMedia/Binaries/Win64/UE4Editor-AvfMediaEditor.dll (API version 3709383).
LogModuleManager: Display: Found up-to-date module file ../../../Engine/Plugins/Media/AvfMedia/Binaries/Win64/UE4Editor-AvfMediaFactory.dll (API version 3709383).
LogModuleManager: Display: Found up-to-date module file ../../../Engine/Plugins/Media/AvfMedia/Binaries/Win64/UE4Editor-AvfMediaFactory.dll (API version 3709383).
LogModuleManager: Display: Found up-to-date module file ../../../Engine/Plugins/Media/ImgMedia/Binaries/Win64/UE4Editor-ImgMedia.dll (API version 3709383).
LogModuleManager: Display: Found up-to-date module file ../../../Engine/Plugins/Media/ImgMedia/Binaries/Win64/UE4Editor-ImgMediaEditor.dll (API version 3709383).
LogModuleManager: Display: Found up-to-date module file ../../../Engine/Plugins/Media/ImgMedia/Binaries/Win64/UE4Editor-ImgMediaFactory.dll (API version 3709383).
LogModuleManager: Display: Found up-to-date module file ../../../Engine/Plugins/Media/ImgMedia/Binaries/Win64/UE4Editor-ImgMediaFactory.dll (API version 3709383).
LogModuleManager: Display: Found up-to-date module file ../../../Engine/Plugins/Media/ImgMedia/Binaries/Win64/UE4Editor-OpenExrWrapper.dll (API version 3709383).
LogModuleManager: Display: Found up-to-date module file ../../../Engine/Plugins/Media/MediaCompositing/Binaries/Win64/UE4Editor-MediaCompositing.dll (API version 3709383).
LogModuleManager: Display: Found up-to-date module file ../../../Engine/Plugins/Media/MediaCompositing/Binaries/Win64/UE4Editor-MediaCompositingEditor.dll (API version 3709383).
LogModuleManager: Display: Found up-to-date module file ../../../Engine/Plugins/Media/MediaPlayerEditor/Binaries/Win64/UE4Editor-MediaPlayerEditor.dll (API version 3709383).
LogModuleManager: Display: Found up-to-date module file ../../../Engine/Plugins/Media/WmfMedia/Binaries/Win64/UE4Editor-WmfMedia.dll (API version 3709383).
LogModuleManager: Display: Found up-to-date module file ../../../Engine/Plugins/Media/WmfMedia/Binaries/Win64/UE4Editor-WmfMediaEditor.dll (API version 3709383).
LogModuleManager: Display: Found up-to-date module file ../../../Engine/Plugins/Media/WmfMedia/Binaries/Win64/UE4Editor-WmfMediaFactory.dll (API version 3709383).
LogModuleManager: Display: Found up-to-date module file ../../../Engine/Plugins/Media/WmfMedia/Binaries/Win64/UE4Editor-WmfMediaFactory.dll (API version 3709383).
LogModuleManager: Display: Found up-to-date module file ../../../Engine/Plugins/Messaging/TcpMessaging/Binaries/Win64/UE4Editor-TcpMessaging.dll (API version 3709383).
LogModuleManager: Display: Found up-to-date module file ../../../Engine/Plugins/Messaging/UdpMessaging/Binaries/Win64/UE4Editor-UdpMessaging.dll (API version 3709383).
LogModuleManager: Display: Found up-to-date module file ../../../Engine/Plugins/MovieScene/ActorSequence/Binaries/Win64/UE4Editor-ActorSequence.dll (API version 3709383).
LogModuleManager: Display: Found up-to-date module file ../../../Engine/Plugins/MovieScene/LevelSequenceEditor/Binaries/Win64/UE4Editor-LevelSequenceEditor.dll (API version 3709383).
LogModuleManager: Display: Found up-to-date module file ../../../Engine/Plugins/MovieScene/MatineeToLevelSequence/Binaries/Win64/UE4Editor-MatineeToLevelSequence.dll (API version 3709383).
LogModuleManager: Display: Found up-to-date module file ../../../Engine/Plugins/Online/OnlineSubsystem/Binaries/Win64/UE4Editor-OnlineSubsystem.dll (API version 3709383).
LogModuleManager: Display: Found up-to-date module file ../../../Engine/Plugins/Runtime/AndroidPermission/Binaries/Win64/UE4Editor-AndroidPermission.dll (API version 3709383).
LogModuleManager: Display: Found up-to-date module file ../../../Engine/Plugins/Online/OnlineSubsystemNull/Binaries/Win64/UE4Editor-OnlineSubsystemNull.dll (API version 3709383).
LogModuleManager: Display: Found up-to-date module file ../../../Engine/Plugins/Online/OnlineSubsystemUtils/Binaries/Win64/UE4Editor-OnlineSubsystemUtils.dll (API version 3709383).
LogModuleManager: Display: Found up-to-date module file ../../../Engine/Plugins/Online/OnlineSubsystemUtils/Binaries/Win64/UE4Editor-OnlineBlueprintSupport.dll (API version 3709383).
LogModuleManager: Display: Found up-to-date module file ../../../Engine/Plugins/Runtime/AndroidDeviceProfileSelector/Binaries/Win64/UE4Editor-AndroidDeviceProfileSelector.dll (API version 3709383).
LogModuleManager: Display: Found up-to-date module file ../../../Engine/Plugins/Runtime/AppleARKit/Binaries/Win64/UE4Editor-AppleARKit.dll (API version 3709383).
LogModuleManager: Display: Found up-to-date module file ../../../Engine/Plugins/Runtime/ArchVisCharacter/Binaries/Win64/UE4Editor-ArchVisCharacter.dll (API version 3709383).
LogModuleManager: Display: Found up-to-date module file ../../../Engine/Plugins/Runtime/CableComponent/Binaries/Win64/UE4Editor-CableComponent.dll (API version 3709383).
LogModuleManager: Display: Found up-to-date module file ../../../Engine/Plugins/Runtime/CustomMeshComponent/Binaries/Win64/UE4Editor-CustomMeshComponent.dll (API version 3709383).
LogModuleManager: Display: Found up-to-date module file ../../../Engine/Plugins/Runtime/ExampleDeviceProfileSelector/Binaries/Win64/UE4Editor-ExampleDeviceProfileSelector.dll (API version 3709383).
LogModuleManager: Display: Found up-to-date module file ../../../Engine/Plugins/Runtime/ImmediatePhysics/Binaries/Win64/UE4Editor-ImmediatePhysics.dll (API version 3709383).
LogModuleManager: Display: Found up-to-date module file ../../../Engine/Plugins/Runtime/ImmediatePhysics/Binaries/Win64/UE4Editor-ImmediatePhysicsEditor.dll (API version 3709383).
LogModuleManager: Display: Found up-to-date module file ../../../Engine/Plugins/Runtime/LocationServicesBPLibrary/Binaries/Win64/UE4Editor-LocationServicesBPLibrary.dll (API version 3709383).
LogModuleManager: Display: Found up-to-date module file ../../../Engine/Plugins/Runtime/MobilePatchingUtils/Binaries/Win64/UE4Editor-MobilePatchingUtils.dll (API version 3709383).
LogModuleManager: Display: Found up-to-date module file ../../../Engine/Plugins/Runtime/Oculus/OculusVR/Binaries/Win64/UE4Editor-OculusHMD.dll (API version 3709383).
LogModuleManager: Display: Found up-to-date module file ../../../Engine/Plugins/Runtime/Oculus/OculusVR/Binaries/Win64/UE4Editor-OculusInput.dll (API version 3709383).
LogModuleManager: Display: Found up-to-date module file ../../../Engine/Plugins/Runtime/Oculus/OculusVR/Binaries/Win64/UE4Editor-OculusEditor.dll (API version 3709383).
LogModuleManager: Display: Found up-to-date module file ../../../Engine/Plugins/Runtime/PhysXVehicles/Binaries/Win64/UE4Editor-PhysXVehicles.dll (API version 3709383).
LogModuleManager: Display: Found up-to-date module file ../../../Engine/Plugins/Runtime/PhysXVehicles/Binaries/Win64/UE4Editor-PhysXVehiclesEditor.dll (API version 3709383).
LogModuleManager: Display: Found up-to-date module file ../../../Engine/Plugins/Runtime/ProceduralMeshComponent/Binaries/Win64/UE4Editor-ProceduralMeshComponent.dll (API version 3709383).
LogModuleManager: Display: Found up-to-date module file ../../../Engine/Plugins/Runtime/ProceduralMeshComponent/Binaries/Win64/UE4Editor-ProceduralMeshComponentEditor.dll (API version 3709383).
LogModuleManager: Display: Found up-to-date module file ../../../Engine/Plugins/Runtime/RuntimePhysXCooking/Binaries/Win64/UE4Editor-RuntimePhysXCooking.dll (API version 3709383).
LogModuleManager: Display: Found up-to-date module file ../../../Engine/Plugins/Runtime/Steam/SteamVR/Binaries/Win64/UE4Editor-SteamVR.dll (API version 3709383).
LogModuleManager: Display: Found up-to-date module file ../../../Engine/Plugins/Runtime/Steam/SteamVR/Binaries/Win64/UE4Editor-SteamVRController.dll (API version 3709383).
LogModuleManager: Display: Found up-to-date module file ../../../Engine/Plugins/Runtime/WindowsMoviePlayer/Binaries/Win64/UE4Editor-WindowsMoviePlayer.dll (API version 3709383).
LogPluginManager: Mounting plugin Paper2D
LogPluginManager: Mounting plugin LightPropagationVolume
LogPluginManager: Mounting plugin CodeLiteSourceCodeAccess
LogPluginManager: Mounting plugin GitSourceControl
LogPluginManager: Mounting plugin KDevelopSourceCodeAccess
LogPluginManager: Mounting plugin NullSourceCodeAccess
LogPluginManager: Mounting plugin PerforceSourceControl
LogPluginManager: Mounting plugin SubversionSourceControl
LogPluginManager: Mounting plugin UObjectPlugin
LogPluginManager: Mounting plugin VisualStudioCodeSourceCodeAccess
LogPluginManager: Mounting plugin VisualStudioSourceCodeAccess
LogPluginManager: Mounting plugin XCodeSourceCodeAccess
LogPluginManager: Mounting plugin AssetManagerEditor
LogPluginManager: Mounting plugin AudioCapture
LogPluginManager: Mounting plugin FacialAnimation
LogPluginManager: Mounting plugin GameplayTagsEditor
LogPluginManager: Mounting plugin MobileLauncherProfileWizard
LogPluginManager: Mounting plugin PluginBrowser
LogPluginManager: Mounting plugin SpeedTreeImporter
LogPluginManager: Mounting plugin AlembicImporter
LogPluginManager: Mounting plugin CharacterAI
LogPluginManager: Mounting plugin HTML5Networking
LogPluginManager: Mounting plugin AndroidMedia
LogPluginManager: Mounting plugin AvfMedia
LogPluginManager: Mounting plugin ImgMedia
LogPluginManager: Mounting plugin MediaCompositing
LogPluginManager: Mounting plugin MediaPlayerEditor
LogPluginManager: Mounting plugin WmfMedia
LogPluginManager: Mounting plugin TcpMessaging
LogPluginManager: Mounting plugin UdpMessaging
LogPluginManager: Mounting plugin ActorSequence
LogPluginManager: Mounting plugin LevelSequenceEditor
LogPluginManager: Mounting plugin MatineeToLevelSequence
LogPluginManager: Mounting plugin OnlineSubsystemGooglePlay
LogPluginManager: Mounting plugin OnlineSubsystemIOS
LogPluginManager: Mounting plugin OnlineSubsystem
LogPluginManager: Mounting plugin OnlineSubsystemNull
LogPluginManager: Mounting plugin OnlineSubsystemUtils
LogPluginManager: Mounting plugin AndroidDeviceProfileSelector
LogPluginManager: Mounting plugin AndroidMoviePlayer
LogPluginManager: Mounting plugin AndroidPermission
LogPluginManager: Mounting plugin AppleARKit
LogPluginManager: Mounting plugin AppleMoviePlayer
LogPluginManager: Mounting plugin ArchVisCharacter
LogPluginManager: Mounting plugin CableComponent
LogPluginManager: Mounting plugin CustomMeshComponent
LogPluginManager: Mounting plugin ExampleDeviceProfileSelector
LogPluginManager: Mounting plugin GoogleCloudMessaging
LogPluginManager: Mounting plugin ImmediatePhysics
LogPluginManager: Mounting plugin IOSDeviceProfileSelector
LogPluginManager: Mounting plugin LinuxDeviceProfileSelector
LogPluginManager: Mounting plugin LocationServicesBPLibrary
LogPluginManager: Mounting plugin MobilePatchingUtils
LogPluginManager: Mounting plugin OculusVR
LogPluginManager: Plugin shader directory ../../../Engine/Plugins/Runtime/Oculus/OculusVR/Shaders found
LogPluginManager: Mapping shader source directory ../../../Engine/Plugins/Runtime/Oculus/OculusVR/Shaders to virtual directory /Plugin/OculusVR
LogPluginManager: Mounting plugin PhysXVehicles
LogPluginManager: Mounting plugin ProceduralMeshComponent
LogPluginManager: Mounting plugin RuntimePhysXCooking
LogPluginManager: Mounting plugin SteamVR
LogPluginManager: Mounting plugin WindowsMoviePlayer
LogInit: Using libcurl 7.47.1
LogInit:  - built for x86_64-pc-win32
LogInit:  - supports SSL with OpenSSL/1.0.2g
LogInit:  - supports HTTP deflate (compression) using libz 1.2.8
LogInit:  - other features:
LogInit:      CURL_VERSION_SSL
LogInit:      CURL_VERSION_LIBZ
LogInit:      CURL_VERSION_IPV6
LogInit:      CURL_VERSION_ASYNCHDNS
LogInit:      CURL_VERSION_LARGEFILE
LogInit:      CURL_VERSION_IDN
LogInit:  CurlRequestOptions (configurable via config and command line):
LogInit:  - bVerifyPeer = false  - Libcurl will NOT verify peer certificate
LogInit:  - bUseHttpProxy = false  - Libcurl will NOT use HTTP proxy
LogInit:  - bDontReuseConnections = false  - Libcurl will reuse connections
LogInit:  - CertBundlePath = nullptr  - Libcurl will use whatever was configured at build time.
LogInit: Build: ++UE4+Release-4.18-CL-3832480
LogInit: Engine Version: 4.18.3-3832480+++UE4+Release-4.18
LogInit: Compatible Engine Version: 4.18.0-3709383+++UE4+Release-4.18
LogInit: Net CL: 3709383
LogDevObjectVersion: Number of dev versions registered: 16
LogDevObjectVersion:   Dev-Blueprints (B0D832E4-1F89-4F0D-ACCF-7EB736FD4AA2): 10
LogDevObjectVersion:   Dev-Build (E1C64328-A22C-4D53-A36C-8E866417BD8C): 0
LogDevObjectVersion:   Dev-Core (375EC13C-06E4-48FB-B500-84F0262A717E): 2
LogDevObjectVersion:   Dev-Editor (E4B068ED-F494-42E9-A231-DA0B2E46BB41): 20
LogDevObjectVersion:   Dev-Framework (CFFC743F-43B0-4480-9391-14DF171D2073): 30
LogDevObjectVersion:   Dev-Mobile (B02B49B5-BB20-44E9-A304-32B752E40360): 0
LogDevObjectVersion:   Dev-Networking (A4E4105C-59A1-49B5-A7C5-40C4547EDFEE): 0
LogDevObjectVersion:   Dev-Online (39C831C9-5AE6-47DC-9A44-9C173E1C8E7C): 0
LogDevObjectVersion:   Dev-Physics (78F01B33-EBEA-4F98-B9B4-84EACCB95AA2): 0
LogDevObjectVersion:   Dev-Platform (6631380F-2D4D-43E0-8009-CF276956A95A): 0
LogDevObjectVersion:   Dev-Rendering (12F88B9F-8875-4AFC-A67C-D90C383ABD29): 20
LogDevObjectVersion:   Dev-Sequencer (7B5AE74C-D270-4C10-A958-57980B212A5A): 4
LogDevObjectVersion:   Dev-VR (D7296918-1DD6-4BDD-9DE2-64A83CC13884): 0
LogDevObjectVersion:   Dev-LoadTimes (C2A15278-BFE7-4AFE-6C17-90FF531DF755): 1
LogDevObjectVersion:   Private-Geometry (6EACA3D4-40EC-4CC1-B786-8BED09428FC5): 1
LogDevObjectVersion:   Dev-AnimPhys (29E575DD-E0A3-4627-9D10-D276232CDCEA): 12
LogInit: Compiled (64-bit): Jan 12 2018 02:04:55
LogInit: Compiled with Visual C++: 19.00.24215.01
LogInit: Build Configuration: Development
LogInit: Branch Name: ++UE4+Release-4.18
LogInit: Command line:  
LogInit: Base directory: C:/Program Files/Epic Games/UE_4.18/Engine/Binaries/Win64/
LogInit: Installed Engine Build: 1
LogInit: Presizing for max 8388607 objects, including 0 objects not considered by GC, pre-allocating 0 bytes for permanent pool.
LogInit: Object subsystem initialized
[2018.08.28-13.51.19:523][  0]LogInit: Selected Device Profile: [Windows]
[2018.08.28-13.51.19:523][  0]LogInit: Applying CVar settings loaded from the selected device profile: [Windows]
[2018.08.28-13.51.19:552][  0]LogInit: Computer: DESKTOP-OEM0S1H
[2018.08.28-13.51.19:552][  0]LogInit: User: Korisnik
[2018.08.28-13.51.19:553][  0]LogInit: CPU Page size=4096, Cores=2
[2018.08.28-13.51.19:553][  0]LogInit: High frequency timer resolution =3.215366 MHz
[2018.08.28-13.51.19:553][  0]LogMemory: Memory total: Physical=8.0GB (8GB approx)
[2018.08.28-13.51.19:553][  0]LogMemory: Platform Memory Stats for Windows
[2018.08.28-13.51.19:553][  0]LogMemory: Process Physical Memory: 273.72 MB used, 273.72 MB peak
[2018.08.28-13.51.19:553][  0]LogMemory: Process Virtual Memory: 271.63 MB used, 271.63 MB peak
[2018.08.28-13.51.19:553][  0]LogMemory: Physical Memory: 4194.16 MB used,  3953.50 MB free, 8147.66 MB total
[2018.08.28-13.51.19:553][  0]LogMemory: Virtual Memory: 4798.40 MB used,  3953.50 MB free, 134217728.00 MB total
[2018.08.28-13.51.20:053][  0]LogInit: Using OS detected language (en-US).
[2018.08.28-13.51.20:053][  0]LogInit: Using OS detected locale (en-US).
[2018.08.28-13.51.20:061][  0]LogTextLocalizationManager: No specific localization for 'en-US' exists, so the 'en' localization will be used.
[2018.08.28-13.51.20:785][  0]LogInit: Setting process to per monitor DPI aware
[2018.08.28-13.51.21:252][  0]LogD3D11RHI: D3D11 adapters:
[2018.08.28-13.51.21:345][  0]LogD3D11RHI:    0. 'NVIDIA GeForce GT 1030' (Feature Level 11_0)
[2018.08.28-13.51.21:345][  0]LogD3D11RHI:       1982/0/4073 MB DedicatedVideo/DedicatedSystem/SharedSystem, Outputs:1, VendorId:0x10de
[2018.08.28-13.51.21:348][  0]LogD3D11RHI:    1. 'Microsoft Basic Render Driver' (Feature Level 11_0)
[2018.08.28-13.51.21:348][  0]LogD3D11RHI:       0/0/4073 MB DedicatedVideo/DedicatedSystem/SharedSystem, Outputs:0, VendorId:0x1414
[2018.08.28-13.51.21:348][  0]LogD3D11RHI: Chosen D3D11 Adapter: 0
[2018.08.28-13.51.21:357][  0]LogD3D11RHI: Creating new Direct3DDevice
[2018.08.28-13.51.21:358][  0]LogD3D11RHI:     GPU DeviceId: 0x1d01 (for the marketing name, search the web for "GPU Device Id")
[2018.08.28-13.51.21:358][  0]LogWindows: EnumDisplayDevices:
[2018.08.28-13.51.21:358][  0]LogWindows:    0. 'NVIDIA GeForce GT 1030' (P:1 D:1)
[2018.08.28-13.51.21:358][  0]LogWindows:    1. 'NVIDIA GeForce GT 1030' (P:0 D:0)
[2018.08.28-13.51.21:358][  0]LogWindows: DebugString: GetVideoDriverDetailsInvalid PrimaryIsNotTheChoosenAdapter GetVideoDriverDetailsInvalid PrimaryIsNotTheChoosenAdapter FoundDriverCount:0 
[2018.08.28-13.51.21:358][  0]LogD3D11RHI:     Adapter Name: NVIDIA GeForce GT 1030
[2018.08.28-13.51.21:358][  0]LogD3D11RHI:   Driver Version: Unknown (internal:Unknown, unified:Unknown)
[2018.08.28-13.51.21:358][  0]LogD3D11RHI:      Driver Date: Unknown
[2018.08.28-13.51.21:358][  0]LogRHI: Texture pool is 1387 MB (70% of 1982 MB)
[2018.08.28-13.51.21:424][  0]LogD3D11RHI: Async texture creation enabled
[2018.08.28-13.51.21:445][  0]LogD3D11RHI: GPU Timing Frequency: 1000.000000 (Debug: 2 2)
[2018.08.28-13.51.21:488][  0]LogShaderCompilers: Guid format shader working directory is -23 characters bigger than the processId version (../../../../../../Users/Korisnik/Documents/RacerPrototype/RacerPrototype/Intermediate/Shaders/WorkingDirectory/9860/).
[2018.08.28-13.51.21:489][  0]LogShaderCompilers: Cleaned the shader compiler working directory 'C:/Users/Korisnik/AppData/Local/Temp/UnrealShaderWorkingDir/880948AA4D122EFBBB76EBBA228075A5/'.
[2018.08.28-13.51.21:489][  0]LogShaderCompilers: Display: Using Local Shader Compiler.
[2018.08.28-13.51.22:991][  0]LogTemp: Display: Loaded TP AllDesktopTargetPlatform
[2018.08.28-13.51.23:107][  0]LogTemp: Display: Loaded TP MacClientTargetPlatform
[2018.08.28-13.51.23:226][  0]LogTemp: Display: Loaded TP MacNoEditorTargetPlatform
[2018.08.28-13.51.23:342][  0]LogTemp: Display: Loaded TP MacServerTargetPlatform
[2018.08.28-13.51.23:459][  0]LogTemp: Display: Loaded TP MacTargetPlatform
[2018.08.28-13.51.23:574][  0]LogTemp: Display: Loaded TP WindowsClientTargetPlatform
[2018.08.28-13.51.23:695][  0]LogTemp: Display: Loaded TP WindowsNoEditorTargetPlatform
[2018.08.28-13.51.23:813][  0]LogTemp: Display: Loaded TP WindowsServerTargetPlatform
[2018.08.28-13.51.23:921][  0]LogTemp: Display: Loaded TP WindowsTargetPlatform
[2018.08.28-13.51.24:038][  0]LogTemp: Display: Loaded TP Android_ASTCTargetPlatform
[2018.08.28-13.51.24:152][  0]LogTemp: Display: Loaded TP Android_ATCTargetPlatform
[2018.08.28-13.51.24:266][  0]LogTemp: Display: Loaded TP Android_DXTTargetPlatform
[2018.08.28-13.51.24:380][  0]LogTemp: Display: Loaded TP Android_ETC1TargetPlatform
[2018.08.28-13.51.24:495][  0]LogTemp: Display: Loaded TP Android_ETC2TargetPlatform
[2018.08.28-13.51.24:725][  0]LogTemp: Display: Loaded TP Android_MultiTargetPlatform
[2018.08.28-13.51.24:725][  0]LogTemp: Display: Loaded TP Android_PVRTCTargetPlatform
[2018.08.28-13.51.24:842][  0]LogTemp: Display: Loaded TP AndroidTargetPlatform
[2018.08.28-13.51.24:943][  0]LogTemp: Display: Loaded TP HTML5TargetPlatform
[2018.08.28-13.51.25:122][  0]LogTemp: Display: Loaded TP IOSTargetPlatform
[2018.08.28-13.51.25:175][  0]LogTemp: Display: Loaded TP TVOSTargetPlatform
[2018.08.28-13.51.25:296][  0]LogTemp: Display: Loaded TP LinuxClientTargetPlatform
[2018.08.28-13.51.25:412][  0]LogTemp: Display: Loaded TP LinuxNoEditorTargetPlatform
[2018.08.28-13.51.25:526][  0]LogTemp: Display: Loaded TP LinuxServerTargetPlatform
[2018.08.28-13.51.25:640][  0]LogTemp: Display: Loaded TP LinuxTargetPlatform
[2018.08.28-13.51.25:640][  0]LogTargetPlatformManager: Display: Building Assets For Windows
[2018.08.28-13.51.26:742][  0]LogDerivedDataCache: Display: Max Cache Size: 512 MB
[2018.08.28-13.51.26:867][  0]LogDerivedDataCache: Loaded boot cache 0.12s 91MB C:/Users/Korisnik/AppData/Local/UnrealEngine/4.18/DerivedDataCache/Boot.ddc.
[2018.08.28-13.51.26:867][  0]LogDerivedDataCache: Display: Loaded Boot cache: C:/Users/Korisnik/AppData/Local/UnrealEngine/4.18/DerivedDataCache/Boot.ddc
[2018.08.28-13.51.26:867][  0]LogDerivedDataCache: FDerivedDataBackendGraph:  Pak pak cache file ../../../../../../Users/Korisnik/Documents/RacerPrototype/RacerPrototype/DerivedDataCache/DDC.ddp not found, will not use a pak cache.
[2018.08.28-13.51.26:867][  0]LogDerivedDataCache: Unable to find inner node Pak for hierarchical cache Hierarchy.
[2018.08.28-13.51.26:867][  0]LogDerivedDataCache: FDerivedDataBackendGraph:  CompressedPak pak cache file ../../../../../../Users/Korisnik/Documents/RacerPrototype/RacerPrototype/DerivedDataCache/Compressed.ddp not found, will not use a pak cache.
[2018.08.28-13.51.26:867][  0]LogDerivedDataCache: Unable to find inner node CompressedPak for hierarchical cache Hierarchy.
[2018.08.28-13.51.26:885][  0]LogDerivedDataCache: Display: Pak cache opened for reading ../../../Engine/DerivedDataCache/Compressed.ddp.
[2018.08.28-13.51.26:898][  0]LogDerivedDataCache: Using Local data cache path C:/Users/Korisnik/AppData/Local/UnrealEngine/Common/DerivedDataCache: Writable
[2018.08.28-13.51.26:911][  0]LogMaterial: Verifying Global Shaders for PCD3D_SM5
[2018.08.28-13.51.26:912][  0]LogSlate: Using Freetype 2.6.0
[2018.08.28-13.51.26:913][  0]LogSlate: SlateFontCache - WITH_FREETYPE: 1, WITH_HARFBUZZ: 1
[2018.08.28-13.51.26:913][  0]LogSlate: SlateFontCache - WITH_FREETYPE: 1, WITH_HARFBUZZ: 1
[2018.08.28-13.51.27:445][  0]LogInit: Selected Device Profile: [Windows]
[2018.08.28-13.51.28:117][  0]LogSimplygon: Simplygon DLL not present - disabling.
[2018.08.28-13.51.28:217][  0]LogMeshReduction: Using SimplygonSwarm for distributed automatic mesh merging
[2018.08.28-13.51.28:217][  0]LogMeshReduction: Using QuadricMeshReduction for automatic static mesh reduction
[2018.08.28-13.51.28:217][  0]LogMeshReduction: No automatic skeletal mesh reduction module available
[2018.08.28-13.51.28:217][  0]LogMeshReduction: No automatic mesh merging module available
[2018.08.28-13.51.28:217][  0]LogMeshMerging: No automatic mesh merging module available
[2018.08.28-13.51.28:258][  0]LogNetVersion: RacerPrototype , NetCL: 3709383, EngineNetVer: 2, GameNetVer: 0 (Checksum: 2470993418)
[2018.08.28-13.51.28:551][  0]LogAssetRegistry: FAssetRegistry took 0.0279 seconds to start up
[2018.08.28-13.51.29:367][  0]LogPackageLocalizationCache: Processed 7 localized package path(s) for 2 prioritized culture(s) in 0.078284 seconds
[2018.08.28-13.51.29:373][  0]LogUObjectArray: 35870 objects as part of root set at end of initial load.
[2018.08.28-13.51.29:373][  0]LogUObjectAllocator: 7363704 out of 0 bytes used by permanent object pool.
[2018.08.28-13.51.29:373][  0]LogUObjectArray: CloseDisregardForGC: 0/0 objects in disregard for GC pool
[2018.08.28-13.51.29:498][  0]LogInit: WinSock: version 1.1 (2.2), MaxSocks=32767, MaxUdp=65467
[2018.08.28-13.51.34:652][  0]LogTcpMessaging: Initializing TcpMessaging bridge
[2018.08.28-13.51.34:729][  0]LogUdpMessaging: Initializing bridge on interface 0.0.0.0:0 to multicast group 230.0.0.1:6666.
[2018.08.28-13.51.36:197][  0]LogMaterial: Uniform references updated for custom material expression Custom.
[2018.08.28-13.51.37:099][  0]SourceControl: Source control is disabled
[2018.08.28-13.51.37:100][  0]SourceControl: Source control is disabled
[2018.08.28-13.51.37:221][  0]SourceControl: Source control is disabled
[2018.08.28-13.51.37:342][  0]SourceControl: Source control is disabled
[2018.08.28-13.51.39:190][  0]LogAndroidPermission: UAndroidPermissionCallbackProxy::GetInstance
[2018.08.28-13.51.39:801][  0]LogOcInput: OculusInput pre-init called
[2018.08.28-13.51.40:430][  0]LogEngine: Initializing Engine...
[2018.08.28-13.51.40:433][  0]LogHMD: Failed to initialize OpenVR with code 110
[2018.08.28-13.51.40:708][  0]LogStats: UGameplayTagsManager::ConstructGameplayTagTree: Construct from data asset -  0.000 s
[2018.08.28-13.51.40:708][  0]LogStats: UGameplayTagsManager::ConstructGameplayTagTree: GameplayTagTreeChangedEvent.Broadcast -  0.000 s
[2018.08.28-13.51.41:047][  0]LogAIModule: Creating AISystem for world Untitled
[2018.08.28-13.51.41:061][  0]LogInit: XAudio2 using 'Speakers (High Definition Audio Device)' : 2 channels at 44.1 kHz using 16 bits per sample (channel mask 0x3)
[2018.08.28-13.51.41:094][  0]LogInit: FAudioDevice initialized.
[2018.08.28-13.51.41:266][  0]LogDerivedDataCache: Saved boot cache 0.17s 91MB C:/Users/Korisnik/AppData/Local/UnrealEngine/4.18/DerivedDataCache/Boot.ddc.
[2018.08.28-13.51.41:324][  0]LogInit: Texture streaming: Enabled
[2018.08.28-13.51.41:553][  0]LogEngineSessionManager: EngineSessionManager initialized
[2018.08.28-13.51.41:556][  0]LogEngineSessionManager: EngineSessionManager sent abnormal shutdown report. Type=Crashed, SessionId={78CE7168-4A9B-A16F-D6CE-7CA9E8EBC8AE}
[2018.08.28-13.51.41:861][  0]LogInit: Transaction tracking system initialized
[2018.08.28-13.51.42:621][  0]BlueprintLog: New page: Editor Load
[2018.08.28-13.51.44:774][  0]LocalizationService: Localization service is disabled
[2018.08.28-13.51.46:003][  0]LogLinker: Warning: Can't find file '/Game/VehicleAdvBP/AdvancedVehicleOverview'
[2018.08.28-13.51.46:003][  0]LogLinker: Warning: Can't find file '/Game/VehicleAdvBP/AdvancedVehicleOverview'
[2018.08.28-13.51.46:003][  0]LogUObjectGlobals: Warning: Failed to find object 'Class /Game/VehicleAdvBP/AdvancedVehicleOverview.AdvancedVehicleOverview_C'
[2018.08.28-13.51.46:519][  0]LogConsoleResponse: Display: 
[2018.08.28-13.51.46:832][  0]LogCook: Display: Max memory allowance for cook 16384mb min free memory 0mb
[2018.08.28-13.51.46:832][  0]LogCook: Display: Mobile HDR setting 1
[2018.08.28-13.51.46:832][  0]LogGameplayTags: Display: UGameplayTagsManager::DoneAddingNativeTags. DelegateIsBound: 0
[2018.08.28-13.51.47:212][  0]LogFileCache: Scanning file cache for directory 'C:/Users/Korisnik/Documents/RacerPrototype/RacerPrototype/Content/' took 0.02s
[2018.08.28-13.51.49:583][  0]SourceControl: Source control is disabled
[2018.08.28-13.51.49:584][  0]Cmd: MAP LOAD FILE="../../../../../../Users/Korisnik/Documents/RacerPrototype/RacerPrototype/Content/StarterContent/Maps/Minimal_Default.umap" TEMPLATE=0 SHOWPROGRESS=1 FEATURELEVEL=3
[2018.08.28-13.51.49:584][  0]LightingResults: New page: Lighting Build
[2018.08.28-13.51.49:685][  0]MapCheck: New page: Map Check
[2018.08.28-13.51.49:685][  0]LightingResults: New page: Lighting Build
[2018.08.28-13.51.49:831][  0]LogLinker: Warning: Can't find file '/Game/StarterContent/Maps/Minimal_Default_BuiltData'
[2018.08.28-13.51.49:831][  0]LogLinker: Warning: Can't find file for asset '/Game/StarterContent/Maps/Minimal_Default_BuiltData' while loading ../../../../../../Users/Korisnik/Documents/RacerPrototype/RacerPrototype/Content/StarterContent/Maps/Minimal_Default.umap.
[2018.08.28-13.51.49:831][  0]LoadErrors: Error: /Game/StarterContent/Maps/Minimal_Default : Can't find file for asset. /Game/StarterContent/Maps/Minimal_Default_BuiltData
[2018.08.28-13.51.49:931][  0]LogLinker: Warning: Can't find file '/Game/StarterContent/Maps/Minimal_Default_BuiltData'
[2018.08.28-13.51.49:931][  0]LogLinker: Warning: Can't find file for asset '/Game/StarterContent/Maps/Minimal_Default_BuiltData' while loading ../../../../../../Users/Korisnik/Documents/RacerPrototype/RacerPrototype/Content/StarterContent/Maps/Minimal_Default.umap.
[2018.08.28-13.51.49:931][  0]LoadErrors: Error: /Game/StarterContent/Maps/Minimal_Default : Can't find file for asset. /Game/StarterContent/Maps/Minimal_Default_BuiltData
[2018.08.28-13.51.49:981][  0]LogLinker: Warning: Can't find file '/Game/StarterContent/Maps/Minimal_Default_BuiltData'
[2018.08.28-13.51.49:982][  0]LogLinker: Warning: Can't find file for asset '/Game/StarterContent/Maps/Minimal_Default_BuiltData' while loading NULL.
[2018.08.28-13.51.49:982][  0]LogLinker: Warning: Can't find file '/Game/StarterContent/Maps/Minimal_Default_BuiltData'
[2018.08.28-13.51.49:982][  0]LogLinker: Warning: Can't find file for asset '/Game/StarterContent/Maps/Minimal_Default_BuiltData' while loading NULL.
[2018.08.28-13.51.50:003][  0]LogLinker: Warning: Can't find file '/Game/StarterContent/Maps/Minimal_Default_BuiltData'
[2018.08.28-13.51.50:003][  0]LoadErrors: Failed to load /Game/StarterContent/Maps/Minimal_Default_BuiltData.Minimal_Default_BuiltData Referenced by PersistentLevel
[2018.08.28-13.51.50:003][  0]LogLinker: Warning: Can't find file for asset '/Game/StarterContent/Maps/Minimal_Default_BuiltData' while loading NULL.
[2018.08.28-13.51.50:003][  0]LoadErrors: Failed to load /Game/StarterContent/Maps/Minimal_Default_BuiltData.Minimal_Default_BuiltData Referenced by PersistentLevel
[2018.08.28-13.51.50:193][  0]LogAIModule: Creating AISystem for world Minimal_Default
[2018.08.28-13.51.50:205][  0]LogEditorServer: Finished looking for orphan Actors (0.000 secs)
[2018.08.28-13.51.50:225][  0]Cmd: MAP CHECKDEP NOCLEARLOG
[2018.08.28-13.51.50:317][  0]MapCheck: Map check complete: 0 Error(s), 0 Warning(s), took 92.032ms to complete.
[2018.08.28-13.51.50:317][  0]LogFileHelpers: Loading map 'Minimal_Default' took 0.733
[2018.08.28-13.51.50:546][  0]LogCollectionManager: Loaded 0 collections in 0.002941 seconds
[2018.08.28-13.51.50:707][  0]LogFileCache: Scanning file cache for directory 'C:/Users/Korisnik/Documents/RacerPrototype/RacerPrototype/Saved/Collections/' took 0.01s
[2018.08.28-13.51.50:708][  0]LogFileCache: Scanning file cache for directory 'C:/Users/Korisnik/Documents/RacerPrototype/RacerPrototype/Content/Developers/Korisnik/Collections/' took 0.01s
[2018.08.28-13.51.50:708][  0]LogFileCache: Scanning file cache for directory 'C:/Users/Korisnik/Documents/RacerPrototype/RacerPrototype/Content/Collections/' took 0.01s
[2018.08.28-13.51.50:708][  0]LogCollectionManager: Rebuilt the GUID cache for 0 collections in 0.000000 seconds
[2018.08.28-13.51.50:719][  0]LogContentBrowser: Native class hierarchy populated in 0.0108 seconds. Added 2363 classes and 519 folders.
[2018.08.28-13.51.50:882][  0]LogContentBrowser: Native class hierarchy updated for 'WidgetCarousel' in 0.0003 seconds. Added 0 classes and 0 folders.
[2018.08.28-13.51.50:942][  0]LogContentBrowser: Native class hierarchy updated for 'AddContentDialog' in 0.0003 seconds. Added 0 classes and 0 folders.
[2018.08.28-13.51.51:044][  0]LogContentBrowser: Native class hierarchy updated for 'SceneOutliner' in 0.0003 seconds. Added 1 classes and 2 folders.
[2018.08.28-13.51.51:119][  0]LogSlate: Took 0.000430 seconds to synchronously load lazily loaded font '../../../Engine/Content/Slate/Fonts/Roboto-Regular.ttf' (155K)
[2018.08.28-13.51.51:125][  0]LogSlate: Took 0.000395 seconds to synchronously load lazily loaded font '../../../Engine/Content/Slate/Fonts/Roboto-Bold.ttf' (160K)
[2018.08.28-13.51.51:133][  0]LogSlate: Took 0.000282 seconds to synchronously load lazily loaded font '../../../Engine/Content/Editor/Slate/Fonts/FontAwesome.ttf' (139K)
[2018.08.28-13.51.51:307][  0]LogRenderer: Reallocating scene render targets to support 1136x652 Format 10 NumSamples 1 (Frame:1).
[2018.08.28-13.51.51:690][  0]LogContentBrowser: Native class hierarchy updated for 'HierarchicalLODOutliner' in 0.0004 seconds. Added 1 classes and 2 folders.
[2018.08.28-13.51.51:690][  0]LogLoad: (Engine Initialization) Total time: 37.50 seconds
[2018.08.28-13.51.51:690][  0]LogLoad: (Engine Initialization) Total Blueprint compile time: 0.00 seconds
[2018.08.28-13.51.51:690][  0]LogExternalProfiler: No external profilers were discovered.  External profiling features will not be available.
[2018.08.28-13.51.52:076][  0]LogContentStreaming: Texture pool size now 1000 MB
[2018.08.28-13.51.53:040][  3]LogAssetRegistry: Asset discovery search completed in 24.5118 seconds
[2018.08.28-13.51.53:044][  3]LogCollectionManager: Rebuilt the object cache for 0 collections in 0.000000 seconds (found 0 objects)
[2018.08.28-13.51.53:044][  3]LogCollectionManager: Fixed up redirectors for 0 collections in 0.000139 seconds (updated 0 objects)
[2018.08.28-14.50.16:416][639]LogSlate: Took 0.000274 seconds to synchronously load lazily loaded font '../../../Engine/Content/Slate/Fonts/Roboto-Light.ttf' (159K)
[2018.08.28-14.50.31:479][954]LogSlate: Took 0.000231 seconds to synchronously load lazily loaded font '../../../Engine/Content/Slate/Fonts/Roboto-Light.ttf' (159K)
[2018.08.28-14.50.43:145][161]Cmd: OBJ SAVEPACKAGE PACKAGE="/Game/Blueprints/MyPlayerController" FILE="../../../../../../Users/Korisnik/Documents/RacerPrototype/RacerPrototype/Content/Blueprints/MyPlayerController.uasset" SILENT=true
[2018.08.28-14.50.43:171][161]LogSavePackage: Save=23.15ms
[2018.08.28-14.50.43:171][161]LogSavePackage: Moving '../../../../../../Users/Korisnik/Documents/RacerPrototype/RacerPrototype/Saved/MyPlayerController8292AD304DD73BA622357E9BC4C8BEE9.tmp' to '../../../../../../Users/Korisnik/Documents/RacerPrototype/RacerPrototype/Content/Blueprints/MyPlayerController.uasset'
[2018.08.28-14.50.43:175][161]LogSavePackage: Display: Finished SavePackage ../../../../../../Users/Korisnik/Documents/RacerPrototype/RacerPrototype/Content/Blueprints/MyPlayerController.uasset
[2018.08.28-14.51.09:494][877]Cmd: OBJ SAVEPACKAGE PACKAGE="/Game/Blueprints/TimeConversion" FILE="../../../../../../Users/Korisnik/Documents/RacerPrototype/RacerPrototype/Content/Blueprints/TimeConversion.uasset" SILENT=true
[2018.08.28-14.51.09:506][877]LogSavePackage: Save=8.11ms
[2018.08.28-14.51.09:506][877]LogSavePackage: Moving '../../../../../../Users/Korisnik/Documents/RacerPrototype/RacerPrototype/Saved/TimeConversionE4B01FD94912096ED9E16F9DBB3B05D1.tmp' to '../../../../../../Users/Korisnik/Documents/RacerPrototype/RacerPrototype/Content/Blueprints/TimeConversion.uasset'
[2018.08.28-14.51.09:509][877]LogSavePackage: Display: Finished SavePackage ../../../../../../Users/Korisnik/Documents/RacerPrototype/RacerPrototype/Content/Blueprints/TimeConversion.uasset
[2018.08.28-14.51.57:847][486]Cmd: OBJ SAVEPACKAGE PACKAGE="/Game/Blueprints/MySaveGame" FILE="../../../../../../Users/Korisnik/Documents/RacerPrototype/RacerPrototype/Content/Blueprints/MySaveGame.uasset" SILENT=true
[2018.08.28-14.51.57:859][486]LogSavePackage: Save=8.57ms
[2018.08.28-14.51.57:859][486]LogSavePackage: Moving '../../../../../../Users/Korisnik/Documents/RacerPrototype/RacerPrototype/Saved/MySaveGame858A5F7B49D484A9EC07758717098CE8.tmp' to '../../../../../../Users/Korisnik/Documents/RacerPrototype/RacerPrototype/Content/Blueprints/MySaveGame.uasset'
[2018.08.28-14.51.57:862][486]LogSavePackage: Display: Finished SavePackage ../../../../../../Users/Korisnik/Documents/RacerPrototype/RacerPrototype/Content/Blueprints/MySaveGame.uasset
[2018.08.28-14.58.18:945][304]Cmd: OBJ SAVEPACKAGE PACKAGE="/Game/Blueprints/UI/HUD" FILE="../../../../../../Users/Korisnik/Documents/RacerPrototype/RacerPrototype/Content/Blueprints/UI/HUD.uasset" SILENT=true
[2018.08.28-14.58.18:963][304]LogSavePackage: Save=14.13ms
[2018.08.28-14.58.18:963][304]LogSavePackage: Moving '../../../../../../Users/Korisnik/Documents/RacerPrototype/RacerPrototype/Saved/HUD86FDC6CA49CF0223FE99E98EF6761411.tmp' to '../../../../../../Users/Korisnik/Documents/RacerPrototype/RacerPrototype/Content/Blueprints/UI/HUD.uasset'
[2018.08.28-14.58.18:967][304]LogSavePackage: Display: Finished SavePackage ../../../../../../Users/Korisnik/Documents/RacerPrototype/RacerPrototype/Content/Blueprints/UI/HUD.uasset
[2018.08.28-14.59.16:983][782]LogContentBrowser: Native class hierarchy updated for 'BlueprintGraph' in 0.0008 seconds. Added 116 classes and 0 folders.
[2018.08.28-14.59.17:957][782]LogSlate: Took 0.000299 seconds to synchronously load lazily loaded font '../../../Engine/Content/Slate/Fonts/Roboto-Regular.ttf' (155K)
[2018.08.28-14.59.22:409][267]LogSlate: Warning: Prevented a slow task dialog from being summoned while a context menu was open
[2018.08.28-14.59.27:107][826]BlueprintLog: New page: Compile GameModeTestcar
[2018.08.28-14.59.28:074][905]LogSavePackage: Save=13.35ms
[2018.08.28-14.59.28:074][905]LogSavePackage: Moving '../../../../../../Users/Korisnik/Documents/RacerPrototype/RacerPrototype/Saved/GameModeTestcarF720DCBE4F09477D319F35B9B0BF3654.tmp' to '../../../../../../Users/Korisnik/Documents/RacerPrototype/RacerPrototype/Content/Vehicles/TestAutoLeMan/GameModeTestcar.uasset'
[2018.08.28-14.59.28:078][905]LogSavePackage: Display: Finished SavePackage ../../../../../../Users/Korisnik/Documents/RacerPrototype/RacerPrototype/Content/Vehicles/TestAutoLeMan/GameModeTestcar.uasset
[2018.08.28-15.00.30:148][248]LogContentBrowser: Native class hierarchy updated for 'SkeletonEditor' in 0.0003 seconds. Added 1 classes and 2 folders.
[2018.08.28-15.00.30:600][248]LogActorComponent: RegisterComponentWithWorld: (/Engine/Transient.World_5:PersistentLevel.Actor_0.DebugSkelMeshComponent_0) Already registered. Aborting.
[2018.08.28-15.00.30:696][248]LogSkeletalMesh: USkeletalMeshComponent::InitArticulated : Bodies already created (/Engine/Transient.World_5:PersistentLevel.Actor_0.DebugSkelMeshComponent_0) - call TermArticulated first.
[2018.08.28-15.00.31:082][248]LogSlate: Took 0.000402 seconds to synchronously load lazily loaded font '../../../Engine/Content/Editor/Slate/Fonts/Roboto-Italic.ttf' (157K)
[2018.08.28-15.00.31:196][248]LogContentBrowser: Native class hierarchy updated for 'ClothingSystemEditorInterface' in 0.0003 seconds. Added 1 classes and 0 folders.
[2018.08.28-15.00.31:204][248]LogRenderer: Reallocating scene render targets to support 1144x1008 Format 10 NumSamples 1 (Frame:1).
[2018.08.28-15.00.46:746][229]LogAIModule: Creating AISystem for world TestMap1
[2018.08.28-15.00.46:782][229]Cmd: MAP LOAD FILE="../../../../../../Users/Korisnik/Documents/RacerPrototype/RacerPrototype/Content/Maps/TestMap1.umap" TEMPLATE=0 SHOWPROGRESS=1 FEATURELEVEL=3
[2018.08.28-15.00.46:782][229]LightingResults: New page: Lighting Build
[2018.08.28-15.00.46:783][229]LoadErrors: New page: Loading map: TestMap1.umap
[2018.08.28-15.00.46:783][229]MapCheck: New page: Map Check
[2018.08.28-15.00.46:784][229]LightingResults: New page: Lighting Build
[2018.08.28-15.00.46:893][229]LogEditorServer: Finished looking for orphan Actors (0.000 secs)
[2018.08.28-15.00.46:953][229]Cmd: MAP CHECKDEP NOCLEARLOG
[2018.08.28-15.00.47:056][229]MapCheck: Map check complete: 0 Error(s), 0 Warning(s), took 102.85ms to complete.
[2018.08.28-15.00.47:056][229]LogFileHelpers: Loading map 'TestMap1' took 0.276
[2018.08.28-15.00.56:043][ 99]LogEditorViewport: Clicking on Actor (LMB): TestcarBlueprint_C (TestcarBlueprint)
[2018.08.28-15.04.09:701][919]LogTemp: Repeating last play command: Selected Viewport
[2018.08.28-15.04.09:768][919]LogPlayLevel: PlayLevel: No blueprints needed recompiling
[2018.08.28-15.04.09:769][919]PIE: New page: PIE session: TestMap1 (Aug 28, 2018, 7:04:09 PM)
[2018.08.28-15.04.09:769][919]LogPlayLevel: Creating play world package: /Game/Maps/UEDPIE_0_TestMap1
[2018.08.28-15.04.09:776][919]LogPlayLevel: PIE: StaticDuplicateObject took: (0.007238s)
[2018.08.28-15.04.09:777][919]LogAIModule: Creating AISystem for world TestMap1
[2018.08.28-15.04.09:777][919]LogPlayLevel: PIE: World Init took: (0.000884s)
[2018.08.28-15.04.09:777][919]LogPlayLevel: PIE: Created PIE world by copying editor world from /Game/Maps/TestMap1.TestMap1 to /Game/Maps/UEDPIE_0_TestMap1.TestMap1 (0.008480s)
[2018.08.28-15.04.09:834][919]LogInit: XAudio2 using 'Speakers (High Definition Audio Device)' : 2 channels at 44.1 kHz using 16 bits per sample (channel mask 0x3)
[2018.08.28-15.04.09:847][919]LogInit: FAudioDevice initialized.
[2018.08.28-15.04.09:893][919]LogLoad: Game class is 'GameModeBase'
[2018.08.28-15.04.09:895][919]LogWorld: Bringing World /Game/Maps/UEDPIE_0_TestMap1.TestMap1 up for play (max tick rate 0) at 2018.08.28-17.04.09
[2018.08.28-15.04.09:895][919]LogWorld: Bringing up level for play took: 0.001804
[2018.08.28-15.04.10:017][919]LogContentBrowser: Native class hierarchy updated for 'MovieSceneCapture' in 0.0004 seconds. Added 11 classes and 0 folders.
[2018.08.28-15.04.10:018][919]PIE: Play in editor start time for /Game/Maps/UEDPIE_0_TestMap1 -0.742
[2018.08.28-15.04.20:030][897]LogWindows: Error: === Critical error: ===
[2018.08.28-15.04.20:030][897]LogWindows: Error: 
[2018.08.28-15.04.20:030][897]LogWindows: Error: Fatal error!
[2018.08.28-15.04.20:030][897]LogWindows: Error: 
[2018.08.28-15.04.20:030][897]LogWindows: Error: Unhandled Exception: EXCEPTION_ACCESS_VIOLATION reading address 0xffffffff
[2018.08.28-15.04.20:030][897]LogWindows: Error: 
[2018.08.28-15.04.20:030][897]LogWindows: Error: [Callstack] 0x0000000002F438A6 UE4Editor-UnrealEd.dll!UnknownFunction []
[2018.08.28-15.04.20:030][897]LogWindows: Error: [Callstack] 0x0000000002EF9EE7 UE4Editor-UnrealEd.dll!UnknownFunction []
[2018.08.28-15.04.20:030][897]LogWindows: Error: [Callstack] 0x0000000002EFCE07 UE4Editor-UnrealEd.dll!UnknownFunction []
[2018.08.28-15.04.20:030][897]LogWindows: Error: [Callstack] 0x000000000715BA9B UE4Editor-CoreUObject.dll!UnknownFunction []
[2018.08.28-15.04.20:030][897]LogWindows: Error: [Callstack] 0x0000000002F5525B UE4Editor-UnrealEd.dll!UnknownFunction []
[2018.08.28-15.04.20:031][897]LogWindows: Error: [Callstack] 0x00000000071839EA UE4Editor-CoreUObject.dll!UnknownFunction []
[2018.08.28-15.04.20:031][897]LogWindows: Error: [Callstack] 0x00000000F0368696 UE4Editor-LevelEditor.dll!UnknownFunction []
[2018.08.28-15.04.20:031][897]LogWindows: Error: [Callstack] 0x00000000F036786D UE4Editor-LevelEditor.dll!UnknownFunction []
[2018.08.28-15.04.20:031][897]LogWindows: Error: [Callstack] 0x00000000F0368DD5 UE4Editor-LevelEditor.dll!UnknownFunction []
[2018.08.28-15.04.20:031][897]LogWindows: Error: [Callstack] 0x00000000F0367CD8 UE4Editor-LevelEditor.dll!UnknownFunction []
[2018.08.28-15.04.20:031][897]LogWindows: Error: [Callstack] 0x00000000F02F786C UE4Editor-LevelEditor.dll!UnknownFunction []
[2018.08.28-15.04.20:031][897]LogWindows: Error: [Callstack] 0x00000000F02FAD16 UE4Editor-LevelEditor.dll!UnknownFunction []
[2018.08.28-15.04.20:031][897]LogWindows: Error: [Callstack] 0x000000000403EE61 UE4Editor-Slate.dll!UnknownFunction []
[2018.08.28-15.04.20:031][897]LogWindows: Error: [Callstack] 0x000000000403EBB4 UE4Editor-Slate.dll!UnknownFunction []
[2018.08.28-15.04.20:031][897]LogWindows: Error: [Callstack] 0x000000000403EBB4 UE4Editor-Slate.dll!UnknownFunction []
[2018.08.28-15.04.20:031][897]LogWindows: Error: [Callstack] 0x000000000403EBB4 UE4Editor-Slate.dll!UnknownFunction []
[2018.08.28-15.04.20:031][897]LogWindows: Error: [Callstack] 0x0000000003F5C715 UE4Editor-Slate.dll!UnknownFunction []
[2018.08.28-15.04.20:031][897]LogWindows: Error: [Callstack] 0x000000000406C80B UE4Editor-Slate.dll!UnknownFunction []
[2018.08.28-15.04.20:031][897]LogWindows: Error: [Callstack] 0x000000000408026C UE4Editor-Slate.dll!UnknownFunction []
[2018.08.28-15.04.20:031][897]LogWindows: Error: [Callstack] 0x000000000407FD1A UE4Editor-Slate.dll!UnknownFunction []
[2018.08.28-15.04.20:031][897]LogWindows: Error: [Callstack] 0x00000000E68B2367 UE4Editor-MainFrame.dll!UnknownFunction []
[2018.08.28-15.04.20:031][897]LogWindows: Error: [Callstack] 0x0000000003CCF655 UE4Editor-SlateCore.dll!UnknownFunction []
[2018.08.28-15.04.20:031][897]LogWindows: Error: [Callstack] 0x0000000003F48DE1 UE4Editor-Slate.dll!UnknownFunction []
[2018.08.28-15.04.20:031][897]LogWindows: Error: [Callstack] 0x0000000003EF4F52 UE4Editor-Slate.dll!UnknownFunction []
[2018.08.28-15.04.20:031][897]LogWindows: Error: [Callstack] 0x0000000003EF61A9 UE4Editor-Slate.dll!UnknownFunction []
[2018.08.28-15.04.20:032][897]LogWindows: Error: [Callstack] 0x0000000003F57A35 UE4Editor-Slate.dll!UnknownFunction []
[2018.08.28-15.04.20:032][897]LogWindows: Error: [Callstack] 0x00000000040F2B27 UE4Editor-Slate.dll!UnknownFunction []
[2018.08.28-15.04.20:032][897]LogWindows: Error: [Callstack] 0x000000000411EA04 UE4Editor-Slate.dll!UnknownFunction []
[2018.08.28-15.04.20:032][897]LogWindows: Error: [Callstack] 0x0000000003F35EFC UE4Editor-Slate.dll!UnknownFunction []
[2018.08.28-15.04.20:032][897]LogWindows: Error: [Callstack] 0x0000000003F08095 UE4Editor-Slate.dll!UnknownFunction []
[2018.08.28-15.04.20:032][897]LogWindows: Error: [Callstack] 0x0000000003FA28A7 UE4Editor-Slate.dll!UnknownFunction []
[2018.08.28-15.04.20:032][897]LogWindows: Error: [Callstack] 0x0000000003F8B092 UE4Editor-Slate.dll!UnknownFunction []
[2018.08.28-15.04.20:032][897]LogWindows: Error: [Callstack] 0x0000000003F7D902 UE4Editor-Slate.dll!UnknownFunction []
[2018.08.28-15.04.20:032][897]LogWindows: Error: [Callstack] 0x0000000032E9E54B UE4Editor-ApplicationCore.dll!UnknownFunction []
[2018.08.28-15.04.20:032][897]LogWindows: Error: [Callstack] 0x0000000032E91A48 UE4Editor-ApplicationCore.dll!UnknownFunction []
[2018.08.28-15.04.20:032][897]LogWindows: Error: [Callstack] 0x0000000032EA03EC UE4Editor-ApplicationCore.dll!UnknownFunction []
[2018.08.28-15.04.20:032][897]LogWindows: Error: [Callstack] 0x0000000032E8D5A9 UE4Editor-ApplicationCore.dll!UnknownFunction []
[2018.08.28-15.04.20:032][897]LogWindows: Error: [Callstack] 0x0000000056576CC1 USER32.dll!UnknownFunction []
[2018.08.28-15.04.20:032][897]LogWindows: Error: [Callstack] 0x0000000056576693 USER32.dll!UnknownFunction []
[2018.08.28-15.04.20:032][897]LogWindows: Error: [Callstack] 0x0000000032EA1516 UE4Editor-ApplicationCore.dll!UnknownFunction []
[2018.08.28-15.04.20:032][897]LogWindows: Error: [Callstack] 0x0000000008F750C8 UE4Editor.exe!UnknownFunction []
[2018.08.28-15.04.20:032][897]LogWindows: Error: [Callstack] 0x0000000008F85430 UE4Editor.exe!UnknownFunction []
[2018.08.28-15.04.20:032][897]LogWindows: Error: [Callstack] 0x0000000008F854AA UE4Editor.exe!UnknownFunction []
[2018.08.28-15.04.20:032][897]LogWindows: Error: [Callstack] 0x0000000008F92379 UE4Editor.exe!UnknownFunction []
[2018.08.28-15.04.20:032][897]LogWindows: Error: [Callstack] 0x0000000008F93D57 UE4Editor.exe!UnknownFunction []
[2018.08.28-15.04.20:032][897]LogWindows: Error: [Callstack] 0x0000000055893034 KERNEL32.DLL!UnknownFunction []
[2018.08.28-15.04.20:032][897]LogWindows: Error: [Callstack] 0x0000000056EF1431 ntdll.dll!UnknownFunction []
[2018.08.28-15.04.20:032][897]LogWindows: Error: [Callstack] 0x0000000056EF1431 ntdll.dll!UnknownFunction []
[2018.08.28-15.04.20:032][897]LogWindows: Error: 
[2018.08.28-15.04.20:060][897]LogExit: Executing StaticShutdownAfterError
[2018.08.28-15.04.20:069][897]LogWindows: FPlatformMisc::RequestExit(1)
[2018.08.28-15.04.20:069][897]Log file closed, 08/28/18 17:04:20
