Log file open, 08/24/18 14:06:16
LogWindows: Failed to load 'aqProf.dll' (GetLastError=126)
LogWindows: File 'aqProf.dll' does not exist
LogWindows: Failed to load 'VSPerf140.dll' (GetLastError=126)
LogWindows: File 'VSPerf140.dll' does not exist
LogWindows: Failed to load 'VtuneApi.dll' (GetLastError=126)
LogWindows: File 'VtuneApi.dll' does not exist
LogWindows: Failed to load 'VtuneApi32e.dll' (GetLastError=126)
LogWindows: File 'VtuneApi32e.dll' does not exist
LogInit: Display: Running engine for game: RacerPrototype
LogPlatformFile: Not using cached read wrapper
LogInit: Display: RandInit(-2117918850) SRandInit(-2117918849).
LogInit: Read version file with build ID '3709383'
LogInit: Overriding engine version to CL 3832480, compatible CL 3709383
LogInit: Registered custom module enumerator with build ID '3709383'
LogTaskGraph: Started task graph with 5 named threads and 8 total threads with 3 sets of task threads.
LogStats: Stats thread started at 0.146523
LogD3D11RHI: Aftermath initialized
LogModuleManager: Display: Found up-to-date module file ../../../Engine/Plugins/2D/Paper2D/Binaries/Win64/UE4Editor-Paper2D.dll (API version 3709383).
LogModuleManager: Display: Found up-to-date module file ../../../Engine/Plugins/2D/Paper2D/Binaries/Win64/UE4Editor-Paper2DEditor.dll (API version 3709383).
LogModuleManager: Display: Found up-to-date module file ../../../Engine/Plugins/2D/Paper2D/Binaries/Win64/UE4Editor-PaperSpriteSheetImporter.dll (API version 3709383).
LogModuleManager: Display: Found up-to-date module file ../../../Engine/Plugins/2D/Paper2D/Binaries/Win64/UE4Editor-PaperTiledImporter.dll (API version 3709383).
LogModuleManager: Display: Found up-to-date module file ../../../Engine/Plugins/2D/Paper2D/Binaries/Win64/UE4Editor-SmartSnapping.dll (API version 3709383).
LogModuleManager: Display: Found up-to-date module file ../../../Engine/Plugins/Blendables/LightPropagationVolume/Binaries/Win64/UE4Editor-LightPropagationVolumeRuntime.dll (API version 3709383).
LogModuleManager: Display: Found up-to-date module file ../../../Engine/Plugins/Blendables/LightPropagationVolume/Binaries/Win64/UE4Editor-LightPropagationVolumeEditor.dll (API version 3709383).
LogModuleManager: Display: Found up-to-date module file ../../../Engine/Plugins/Developer/GitSourceControl/Binaries/Win64/UE4Editor-GitSourceControl.dll (API version 3709383).
LogModuleManager: Display: Found up-to-date module file ../../../Engine/Plugins/Developer/PerforceSourceControl/Binaries/Win64/UE4Editor-PerforceSourceControl.dll (API version 3709383).
LogModuleManager: Display: Found up-to-date module file ../../../Engine/Plugins/Developer/SubversionSourceControl/Binaries/Win64/UE4Editor-SubversionSourceControl.dll (API version 3709383).
LogModuleManager: Display: Found up-to-date module file ../../../Engine/Plugins/Developer/UObjectPlugin/Binaries/Win64/UE4Editor-UObjectPlugin.dll (API version 3709383).
LogModuleManager: Display: Found up-to-date module file ../../../Engine/Plugins/Developer/VisualStudioCodeSourceCodeAccess/Binaries/Win64/UE4Editor-VisualStudioCodeSourceCodeAccess.dll (API version 3709383).
LogModuleManager: Display: Found up-to-date module file ../../../Engine/Plugins/Developer/VisualStudioSourceCodeAccess/Binaries/Win64/UE4Editor-VisualStudioSourceCodeAccess.dll (API version 3709383).
LogModuleManager: Display: Found up-to-date module file ../../../Engine/Plugins/Editor/AssetManagerEditor/Binaries/Win64/UE4Editor-AssetManagerEditor.dll (API version 3709383).
LogModuleManager: Display: Found up-to-date module file ../../../Engine/Plugins/Editor/AudioCapture/Binaries/Win64/UE4Editor-AudioCapture.dll (API version 3709383).
LogModuleManager: Display: Found up-to-date module file ../../../Engine/Plugins/Editor/FacialAnimation/Binaries/Win64/UE4Editor-FacialAnimation.dll (API version 3709383).
LogModuleManager: Display: Found up-to-date module file ../../../Engine/Plugins/Editor/FacialAnimation/Binaries/Win64/UE4Editor-FacialAnimationEditor.dll (API version 3709383).
LogModuleManager: Display: Found up-to-date module file ../../../Engine/Plugins/Editor/GameplayTagsEditor/Binaries/Win64/UE4Editor-GameplayTagsEditor.dll (API version 3709383).
LogModuleManager: Display: Found up-to-date module file ../../../Engine/Plugins/Editor/MobileLauncherProfileWizard/Binaries/Win64/UE4Editor-MobileLauncherProfileWizard.dll (API version 3709383).
LogModuleManager: Display: Found up-to-date module file ../../../Engine/Plugins/Editor/PluginBrowser/Binaries/Win64/UE4Editor-PluginBrowser.dll (API version 3709383).
LogModuleManager: Display: Found up-to-date module file ../../../Engine/Plugins/Editor/SpeedTreeImporter/Binaries/Win64/UE4Editor-SpeedTreeImporter.dll (API version 3709383).
LogModuleManager: Display: Found up-to-date module file ../../../Engine/Plugins/Experimental/AlembicImporter/Binaries/Win64/UE4Editor-AlembicImporter.dll (API version 3709383).
LogModuleManager: Display: Found up-to-date module file ../../../Engine/Plugins/Experimental/AlembicImporter/Binaries/Win64/UE4Editor-AlembicLibrary.dll (API version 3709383).
LogModuleManager: Display: Found up-to-date module file ../../../Engine/Plugins/Experimental/CharacterAI/Binaries/Win64/UE4Editor-CharacterAI.dll (API version 3709383).
LogModuleManager: Display: Found up-to-date module file ../../../Engine/Plugins/Experimental/HTML5Networking/Binaries/Win64/UE4Editor-HTML5Networking.dll (API version 3709383).
LogModuleManager: Display: Found up-to-date module file ../../../Engine/Plugins/Media/AndroidMedia/Binaries/Win64/UE4Editor-AndroidMediaEditor.dll (API version 3709383).
LogModuleManager: Display: Found up-to-date module file ../../../Engine/Plugins/Media/AndroidMedia/Binaries/Win64/UE4Editor-AndroidMediaFactory.dll (API version 3709383).
LogModuleManager: Display: Found up-to-date module file ../../../Engine/Plugins/Media/AvfMedia/Binaries/Win64/UE4Editor-AvfMediaEditor.dll (API version 3709383).
LogModuleManager: Display: Found up-to-date module file ../../../Engine/Plugins/Media/AvfMedia/Binaries/Win64/UE4Editor-AvfMediaFactory.dll (API version 3709383).
LogModuleManager: Display: Found up-to-date module file ../../../Engine/Plugins/Media/AvfMedia/Binaries/Win64/UE4Editor-AvfMediaFactory.dll (API version 3709383).
LogModuleManager: Display: Found up-to-date module file ../../../Engine/Plugins/Media/ImgMedia/Binaries/Win64/UE4Editor-ImgMedia.dll (API version 3709383).
LogModuleManager: Display: Found up-to-date module file ../../../Engine/Plugins/Media/ImgMedia/Binaries/Win64/UE4Editor-ImgMediaEditor.dll (API version 3709383).
LogModuleManager: Display: Found up-to-date module file ../../../Engine/Plugins/Media/ImgMedia/Binaries/Win64/UE4Editor-ImgMediaFactory.dll (API version 3709383).
LogModuleManager: Display: Found up-to-date module file ../../../Engine/Plugins/Media/ImgMedia/Binaries/Win64/UE4Editor-ImgMediaFactory.dll (API version 3709383).
LogModuleManager: Display: Found up-to-date module file ../../../Engine/Plugins/Media/ImgMedia/Binaries/Win64/UE4Editor-OpenExrWrapper.dll (API version 3709383).
LogModuleManager: Display: Found up-to-date module file ../../../Engine/Plugins/Media/MediaCompositing/Binaries/Win64/UE4Editor-MediaCompositing.dll (API version 3709383).
LogModuleManager: Display: Found up-to-date module file ../../../Engine/Plugins/Media/MediaCompositing/Binaries/Win64/UE4Editor-MediaCompositingEditor.dll (API version 3709383).
LogModuleManager: Display: Found up-to-date module file ../../../Engine/Plugins/Media/MediaPlayerEditor/Binaries/Win64/UE4Editor-MediaPlayerEditor.dll (API version 3709383).
LogModuleManager: Display: Found up-to-date module file ../../../Engine/Plugins/Media/WmfMedia/Binaries/Win64/UE4Editor-WmfMedia.dll (API version 3709383).
LogModuleManager: Display: Found up-to-date module file ../../../Engine/Plugins/Media/WmfMedia/Binaries/Win64/UE4Editor-WmfMediaEditor.dll (API version 3709383).
LogModuleManager: Display: Found up-to-date module file ../../../Engine/Plugins/Media/WmfMedia/Binaries/Win64/UE4Editor-WmfMediaFactory.dll (API version 3709383).
LogModuleManager: Display: Found up-to-date module file ../../../Engine/Plugins/Media/WmfMedia/Binaries/Win64/UE4Editor-WmfMediaFactory.dll (API version 3709383).
LogModuleManager: Display: Found up-to-date module file ../../../Engine/Plugins/Messaging/TcpMessaging/Binaries/Win64/UE4Editor-TcpMessaging.dll (API version 3709383).
LogModuleManager: Display: Found up-to-date module file ../../../Engine/Plugins/Messaging/UdpMessaging/Binaries/Win64/UE4Editor-UdpMessaging.dll (API version 3709383).
LogModuleManager: Display: Found up-to-date module file ../../../Engine/Plugins/MovieScene/ActorSequence/Binaries/Win64/UE4Editor-ActorSequence.dll (API version 3709383).
LogModuleManager: Display: Found up-to-date module file ../../../Engine/Plugins/MovieScene/LevelSequenceEditor/Binaries/Win64/UE4Editor-LevelSequenceEditor.dll (API version 3709383).
LogModuleManager: Display: Found up-to-date module file ../../../Engine/Plugins/MovieScene/MatineeToLevelSequence/Binaries/Win64/UE4Editor-MatineeToLevelSequence.dll (API version 3709383).
LogModuleManager: Display: Found up-to-date module file ../../../Engine/Plugins/Online/OnlineSubsystem/Binaries/Win64/UE4Editor-OnlineSubsystem.dll (API version 3709383).
LogModuleManager: Display: Found up-to-date module file ../../../Engine/Plugins/Runtime/AndroidPermission/Binaries/Win64/UE4Editor-AndroidPermission.dll (API version 3709383).
LogModuleManager: Display: Found up-to-date module file ../../../Engine/Plugins/Online/OnlineSubsystemNull/Binaries/Win64/UE4Editor-OnlineSubsystemNull.dll (API version 3709383).
LogModuleManager: Display: Found up-to-date module file ../../../Engine/Plugins/Online/OnlineSubsystemUtils/Binaries/Win64/UE4Editor-OnlineSubsystemUtils.dll (API version 3709383).
LogModuleManager: Display: Found up-to-date module file ../../../Engine/Plugins/Online/OnlineSubsystemUtils/Binaries/Win64/UE4Editor-OnlineBlueprintSupport.dll (API version 3709383).
LogModuleManager: Display: Found up-to-date module file ../../../Engine/Plugins/Runtime/AndroidDeviceProfileSelector/Binaries/Win64/UE4Editor-AndroidDeviceProfileSelector.dll (API version 3709383).
LogModuleManager: Display: Found up-to-date module file ../../../Engine/Plugins/Runtime/AppleARKit/Binaries/Win64/UE4Editor-AppleARKit.dll (API version 3709383).
LogModuleManager: Display: Found up-to-date module file ../../../Engine/Plugins/Runtime/ArchVisCharacter/Binaries/Win64/UE4Editor-ArchVisCharacter.dll (API version 3709383).
LogModuleManager: Display: Found up-to-date module file ../../../Engine/Plugins/Runtime/CableComponent/Binaries/Win64/UE4Editor-CableComponent.dll (API version 3709383).
LogModuleManager: Display: Found up-to-date module file ../../../Engine/Plugins/Runtime/CustomMeshComponent/Binaries/Win64/UE4Editor-CustomMeshComponent.dll (API version 3709383).
LogModuleManager: Display: Found up-to-date module file ../../../Engine/Plugins/Runtime/ExampleDeviceProfileSelector/Binaries/Win64/UE4Editor-ExampleDeviceProfileSelector.dll (API version 3709383).
LogModuleManager: Display: Found up-to-date module file ../../../Engine/Plugins/Runtime/ImmediatePhysics/Binaries/Win64/UE4Editor-ImmediatePhysics.dll (API version 3709383).
LogModuleManager: Display: Found up-to-date module file ../../../Engine/Plugins/Runtime/ImmediatePhysics/Binaries/Win64/UE4Editor-ImmediatePhysicsEditor.dll (API version 3709383).
LogModuleManager: Display: Found up-to-date module file ../../../Engine/Plugins/Runtime/LocationServicesBPLibrary/Binaries/Win64/UE4Editor-LocationServicesBPLibrary.dll (API version 3709383).
LogModuleManager: Display: Found up-to-date module file ../../../Engine/Plugins/Runtime/MobilePatchingUtils/Binaries/Win64/UE4Editor-MobilePatchingUtils.dll (API version 3709383).
LogModuleManager: Display: Found up-to-date module file ../../../Engine/Plugins/Runtime/Oculus/OculusVR/Binaries/Win64/UE4Editor-OculusHMD.dll (API version 3709383).
LogModuleManager: Display: Found up-to-date module file ../../../Engine/Plugins/Runtime/Oculus/OculusVR/Binaries/Win64/UE4Editor-OculusInput.dll (API version 3709383).
LogModuleManager: Display: Found up-to-date module file ../../../Engine/Plugins/Runtime/Oculus/OculusVR/Binaries/Win64/UE4Editor-OculusEditor.dll (API version 3709383).
LogModuleManager: Display: Found up-to-date module file ../../../Engine/Plugins/Runtime/PhysXVehicles/Binaries/Win64/UE4Editor-PhysXVehicles.dll (API version 3709383).
LogModuleManager: Display: Found up-to-date module file ../../../Engine/Plugins/Runtime/PhysXVehicles/Binaries/Win64/UE4Editor-PhysXVehiclesEditor.dll (API version 3709383).
LogModuleManager: Display: Found up-to-date module file ../../../Engine/Plugins/Runtime/ProceduralMeshComponent/Binaries/Win64/UE4Editor-ProceduralMeshComponent.dll (API version 3709383).
LogModuleManager: Display: Found up-to-date module file ../../../Engine/Plugins/Runtime/ProceduralMeshComponent/Binaries/Win64/UE4Editor-ProceduralMeshComponentEditor.dll (API version 3709383).
LogModuleManager: Display: Found up-to-date module file ../../../Engine/Plugins/Runtime/RuntimePhysXCooking/Binaries/Win64/UE4Editor-RuntimePhysXCooking.dll (API version 3709383).
LogModuleManager: Display: Found up-to-date module file ../../../Engine/Plugins/Runtime/Steam/SteamVR/Binaries/Win64/UE4Editor-SteamVR.dll (API version 3709383).
LogModuleManager: Display: Found up-to-date module file ../../../Engine/Plugins/Runtime/Steam/SteamVR/Binaries/Win64/UE4Editor-SteamVRController.dll (API version 3709383).
LogModuleManager: Display: Found up-to-date module file ../../../Engine/Plugins/Runtime/WindowsMoviePlayer/Binaries/Win64/UE4Editor-WindowsMoviePlayer.dll (API version 3709383).
LogPluginManager: Mounting plugin Paper2D
LogPluginManager: Mounting plugin LightPropagationVolume
LogPluginManager: Mounting plugin CodeLiteSourceCodeAccess
LogPluginManager: Mounting plugin GitSourceControl
LogPluginManager: Mounting plugin KDevelopSourceCodeAccess
LogPluginManager: Mounting plugin NullSourceCodeAccess
LogPluginManager: Mounting plugin PerforceSourceControl
LogPluginManager: Mounting plugin SubversionSourceControl
LogPluginManager: Mounting plugin UObjectPlugin
LogPluginManager: Mounting plugin VisualStudioCodeSourceCodeAccess
LogPluginManager: Mounting plugin VisualStudioSourceCodeAccess
LogPluginManager: Mounting plugin XCodeSourceCodeAccess
LogPluginManager: Mounting plugin AssetManagerEditor
LogPluginManager: Mounting plugin AudioCapture
LogPluginManager: Mounting plugin FacialAnimation
LogPluginManager: Mounting plugin GameplayTagsEditor
LogPluginManager: Mounting plugin MobileLauncherProfileWizard
LogPluginManager: Mounting plugin PluginBrowser
LogPluginManager: Mounting plugin SpeedTreeImporter
LogPluginManager: Mounting plugin AlembicImporter
LogPluginManager: Mounting plugin CharacterAI
LogPluginManager: Mounting plugin HTML5Networking
LogPluginManager: Mounting plugin AndroidMedia
LogPluginManager: Mounting plugin AvfMedia
LogPluginManager: Mounting plugin ImgMedia
LogPluginManager: Mounting plugin MediaCompositing
LogPluginManager: Mounting plugin MediaPlayerEditor
LogPluginManager: Mounting plugin WmfMedia
LogPluginManager: Mounting plugin TcpMessaging
LogPluginManager: Mounting plugin UdpMessaging
LogPluginManager: Mounting plugin ActorSequence
LogPluginManager: Mounting plugin LevelSequenceEditor
LogPluginManager: Mounting plugin MatineeToLevelSequence
LogPluginManager: Mounting plugin OnlineSubsystemGooglePlay
LogPluginManager: Mounting plugin OnlineSubsystemIOS
LogPluginManager: Mounting plugin OnlineSubsystem
LogPluginManager: Mounting plugin OnlineSubsystemNull
LogPluginManager: Mounting plugin OnlineSubsystemUtils
LogPluginManager: Mounting plugin AndroidDeviceProfileSelector
LogPluginManager: Mounting plugin AndroidMoviePlayer
LogPluginManager: Mounting plugin AndroidPermission
LogPluginManager: Mounting plugin AppleARKit
LogPluginManager: Mounting plugin AppleMoviePlayer
LogPluginManager: Mounting plugin ArchVisCharacter
LogPluginManager: Mounting plugin CableComponent
LogPluginManager: Mounting plugin CustomMeshComponent
LogPluginManager: Mounting plugin ExampleDeviceProfileSelector
LogPluginManager: Mounting plugin GoogleCloudMessaging
LogPluginManager: Mounting plugin ImmediatePhysics
LogPluginManager: Mounting plugin IOSDeviceProfileSelector
LogPluginManager: Mounting plugin LinuxDeviceProfileSelector
LogPluginManager: Mounting plugin LocationServicesBPLibrary
LogPluginManager: Mounting plugin MobilePatchingUtils
LogPluginManager: Mounting plugin OculusVR
LogPluginManager: Plugin shader directory ../../../Engine/Plugins/Runtime/Oculus/OculusVR/Shaders found
LogPluginManager: Mapping shader source directory ../../../Engine/Plugins/Runtime/Oculus/OculusVR/Shaders to virtual directory /Plugin/OculusVR
LogPluginManager: Mounting plugin PhysXVehicles
LogPluginManager: Mounting plugin ProceduralMeshComponent
LogPluginManager: Mounting plugin RuntimePhysXCooking
LogPluginManager: Mounting plugin SteamVR
LogPluginManager: Mounting plugin WindowsMoviePlayer
LogInit: Using libcurl 7.47.1
LogInit:  - built for x86_64-pc-win32
LogInit:  - supports SSL with OpenSSL/1.0.2g
LogInit:  - supports HTTP deflate (compression) using libz 1.2.8
LogInit:  - other features:
LogInit:      CURL_VERSION_SSL
LogInit:      CURL_VERSION_LIBZ
LogInit:      CURL_VERSION_IPV6
LogInit:      CURL_VERSION_ASYNCHDNS
LogInit:      CURL_VERSION_LARGEFILE
LogInit:      CURL_VERSION_IDN
LogInit:  CurlRequestOptions (configurable via config and command line):
LogInit:  - bVerifyPeer = false  - Libcurl will NOT verify peer certificate
LogInit:  - bUseHttpProxy = false  - Libcurl will NOT use HTTP proxy
LogInit:  - bDontReuseConnections = false  - Libcurl will reuse connections
LogInit:  - CertBundlePath = nullptr  - Libcurl will use whatever was configured at build time.
LogInit: Build: ++UE4+Release-4.18-CL-3832480
LogInit: Engine Version: 4.18.3-3832480+++UE4+Release-4.18
LogInit: Compatible Engine Version: 4.18.0-3709383+++UE4+Release-4.18
LogInit: Net CL: 3709383
LogDevObjectVersion: Number of dev versions registered: 16
LogDevObjectVersion:   Dev-Blueprints (B0D832E4-1F89-4F0D-ACCF-7EB736FD4AA2): 10
LogDevObjectVersion:   Dev-Build (E1C64328-A22C-4D53-A36C-8E866417BD8C): 0
LogDevObjectVersion:   Dev-Core (375EC13C-06E4-48FB-B500-84F0262A717E): 2
LogDevObjectVersion:   Dev-Editor (E4B068ED-F494-42E9-A231-DA0B2E46BB41): 20
LogDevObjectVersion:   Dev-Framework (CFFC743F-43B0-4480-9391-14DF171D2073): 30
LogDevObjectVersion:   Dev-Mobile (B02B49B5-BB20-44E9-A304-32B752E40360): 0
LogDevObjectVersion:   Dev-Networking (A4E4105C-59A1-49B5-A7C5-40C4547EDFEE): 0
LogDevObjectVersion:   Dev-Online (39C831C9-5AE6-47DC-9A44-9C173E1C8E7C): 0
LogDevObjectVersion:   Dev-Physics (78F01B33-EBEA-4F98-B9B4-84EACCB95AA2): 0
LogDevObjectVersion:   Dev-Platform (6631380F-2D4D-43E0-8009-CF276956A95A): 0
LogDevObjectVersion:   Dev-Rendering (12F88B9F-8875-4AFC-A67C-D90C383ABD29): 20
LogDevObjectVersion:   Dev-Sequencer (7B5AE74C-D270-4C10-A958-57980B212A5A): 4
LogDevObjectVersion:   Dev-VR (D7296918-1DD6-4BDD-9DE2-64A83CC13884): 0
LogDevObjectVersion:   Dev-LoadTimes (C2A15278-BFE7-4AFE-6C17-90FF531DF755): 1
LogDevObjectVersion:   Private-Geometry (6EACA3D4-40EC-4CC1-B786-8BED09428FC5): 1
LogDevObjectVersion:   Dev-AnimPhys (29E575DD-E0A3-4627-9D10-D276232CDCEA): 12
LogInit: Compiled (64-bit): Jan 12 2018 02:04:55
LogInit: Compiled with Visual C++: 19.00.24215.01
LogInit: Build Configuration: Development
LogInit: Branch Name: ++UE4+Release-4.18
LogInit: Command line:  
LogInit: Base directory: C:/Program Files/Epic Games/UE_4.18/Engine/Binaries/Win64/
LogInit: Installed Engine Build: 1
LogInit: Presizing for max 8388607 objects, including 0 objects not considered by GC, pre-allocating 0 bytes for permanent pool.
LogInit: Object subsystem initialized
[2018.08.24-12.06.18:038][  0]LogInit: Selected Device Profile: [Windows]
[2018.08.24-12.06.18:038][  0]LogInit: Applying CVar settings loaded from the selected device profile: [Windows]
[2018.08.24-12.06.18:055][  0]LogInit: Computer: DESKTOP-OEM0S1H
[2018.08.24-12.06.18:055][  0]LogInit: User: Korisnik
[2018.08.24-12.06.18:055][  0]LogInit: CPU Page size=4096, Cores=2
[2018.08.24-12.06.18:055][  0]LogInit: High frequency timer resolution =3.215370 MHz
[2018.08.24-12.06.18:055][  0]LogMemory: Memory total: Physical=8.0GB (8GB approx)
[2018.08.24-12.06.18:055][  0]LogMemory: Platform Memory Stats for Windows
[2018.08.24-12.06.18:055][  0]LogMemory: Process Physical Memory: 272.38 MB used, 272.38 MB peak
[2018.08.24-12.06.18:055][  0]LogMemory: Process Virtual Memory: 269.64 MB used, 269.64 MB peak
[2018.08.24-12.06.18:055][  0]LogMemory: Physical Memory: 3952.70 MB used,  4194.96 MB free, 8147.66 MB total
[2018.08.24-12.06.18:055][  0]LogMemory: Virtual Memory: 4796.34 MB used,  4194.96 MB free, 134217728.00 MB total
[2018.08.24-12.06.18:376][  0]LogInit: Using OS detected language (en-US).
[2018.08.24-12.06.18:377][  0]LogInit: Using OS detected locale (en-US).
[2018.08.24-12.06.18:380][  0]LogTextLocalizationManager: No specific localization for 'en-US' exists, so the 'en' localization will be used.
[2018.08.24-12.06.18:853][  0]LogInit: Setting process to per monitor DPI aware
[2018.08.24-12.06.19:216][  0]LogD3D11RHI: D3D11 adapters:
[2018.08.24-12.06.19:292][  0]LogD3D11RHI:    0. 'NVIDIA GeForce GT 1030' (Feature Level 11_0)
[2018.08.24-12.06.19:292][  0]LogD3D11RHI:       1982/0/4073 MB DedicatedVideo/DedicatedSystem/SharedSystem, Outputs:1, VendorId:0x10de
[2018.08.24-12.06.19:294][  0]LogD3D11RHI:    1. 'Microsoft Basic Render Driver' (Feature Level 11_0)
[2018.08.24-12.06.19:294][  0]LogD3D11RHI:       0/0/4073 MB DedicatedVideo/DedicatedSystem/SharedSystem, Outputs:0, VendorId:0x1414
[2018.08.24-12.06.19:294][  0]LogD3D11RHI: Chosen D3D11 Adapter: 0
[2018.08.24-12.06.19:300][  0]LogD3D11RHI: Creating new Direct3DDevice
[2018.08.24-12.06.19:300][  0]LogD3D11RHI:     GPU DeviceId: 0x1d01 (for the marketing name, search the web for "GPU Device Id")
[2018.08.24-12.06.19:300][  0]LogWindows: EnumDisplayDevices:
[2018.08.24-12.06.19:300][  0]LogWindows:    0. 'NVIDIA GeForce GT 1030' (P:1 D:1)
[2018.08.24-12.06.19:301][  0]LogWindows:    1. 'NVIDIA GeForce GT 1030' (P:0 D:0)
[2018.08.24-12.06.19:301][  0]LogWindows: DebugString: GetVideoDriverDetailsInvalid PrimaryIsNotTheChoosenAdapter GetVideoDriverDetailsInvalid PrimaryIsNotTheChoosenAdapter FoundDriverCount:0 
[2018.08.24-12.06.19:301][  0]LogD3D11RHI:     Adapter Name: NVIDIA GeForce GT 1030
[2018.08.24-12.06.19:301][  0]LogD3D11RHI:   Driver Version: Unknown (internal:Unknown, unified:Unknown)
[2018.08.24-12.06.19:301][  0]LogD3D11RHI:      Driver Date: Unknown
[2018.08.24-12.06.19:301][  0]LogRHI: Texture pool is 1387 MB (70% of 1982 MB)
[2018.08.24-12.06.19:352][  0]LogD3D11RHI: Async texture creation enabled
[2018.08.24-12.06.19:371][  0]LogD3D11RHI: GPU Timing Frequency: 1000.000000 (Debug: 2 2)
[2018.08.24-12.06.19:413][  0]LogShaderCompilers: Guid format shader working directory is -24 characters bigger than the processId version (../../../../../../Users/Korisnik/Documents/RacerPrototype/RacerPrototype/Intermediate/Shaders/WorkingDirectory/12252/).
[2018.08.24-12.06.19:413][  0]LogShaderCompilers: Cleaned the shader compiler working directory 'C:/Users/Korisnik/AppData/Local/Temp/UnrealShaderWorkingDir/6402036740C2246A5AA97D88E4CDA224/'.
[2018.08.24-12.06.19:413][  0]LogShaderCompilers: Display: Using Local Shader Compiler.
[2018.08.24-12.06.20:647][  0]LogTemp: Display: Loaded TP AllDesktopTargetPlatform
[2018.08.24-12.06.20:730][  0]LogTemp: Display: Loaded TP MacClientTargetPlatform
[2018.08.24-12.06.20:807][  0]LogTemp: Display: Loaded TP MacNoEditorTargetPlatform
[2018.08.24-12.06.20:887][  0]LogTemp: Display: Loaded TP MacServerTargetPlatform
[2018.08.24-12.06.20:965][  0]LogTemp: Display: Loaded TP MacTargetPlatform
[2018.08.24-12.06.21:051][  0]LogTemp: Display: Loaded TP WindowsClientTargetPlatform
[2018.08.24-12.06.21:134][  0]LogTemp: Display: Loaded TP WindowsNoEditorTargetPlatform
[2018.08.24-12.06.21:217][  0]LogTemp: Display: Loaded TP WindowsServerTargetPlatform
[2018.08.24-12.06.21:294][  0]LogTemp: Display: Loaded TP WindowsTargetPlatform
[2018.08.24-12.06.21:384][  0]LogTemp: Display: Loaded TP Android_ASTCTargetPlatform
[2018.08.24-12.06.21:464][  0]LogTemp: Display: Loaded TP Android_ATCTargetPlatform
[2018.08.24-12.06.21:550][  0]LogTemp: Display: Loaded TP Android_DXTTargetPlatform
[2018.08.24-12.06.21:635][  0]LogTemp: Display: Loaded TP Android_ETC1TargetPlatform
[2018.08.24-12.06.21:715][  0]LogTemp: Display: Loaded TP Android_ETC2TargetPlatform
[2018.08.24-12.06.21:874][  0]LogTemp: Display: Loaded TP Android_MultiTargetPlatform
[2018.08.24-12.06.21:874][  0]LogTemp: Display: Loaded TP Android_PVRTCTargetPlatform
[2018.08.24-12.06.21:968][  0]LogTemp: Display: Loaded TP AndroidTargetPlatform
[2018.08.24-12.06.22:047][  0]LogTemp: Display: Loaded TP HTML5TargetPlatform
[2018.08.24-12.06.22:202][  0]LogTemp: Display: Loaded TP IOSTargetPlatform
[2018.08.24-12.06.22:247][  0]LogTemp: Display: Loaded TP TVOSTargetPlatform
[2018.08.24-12.06.22:350][  0]LogTemp: Display: Loaded TP LinuxClientTargetPlatform
[2018.08.24-12.06.22:446][  0]LogTemp: Display: Loaded TP LinuxNoEditorTargetPlatform
[2018.08.24-12.06.22:535][  0]LogTemp: Display: Loaded TP LinuxServerTargetPlatform
[2018.08.24-12.06.22:625][  0]LogTemp: Display: Loaded TP LinuxTargetPlatform
[2018.08.24-12.06.22:625][  0]LogTargetPlatformManager: Display: Building Assets For Windows
[2018.08.24-12.06.23:421][  0]LogDerivedDataCache: Display: Max Cache Size: 512 MB
[2018.08.24-12.06.23:529][  0]LogDerivedDataCache: Loaded boot cache 0.11s 91MB C:/Users/Korisnik/AppData/Local/UnrealEngine/4.18/DerivedDataCache/Boot.ddc.
[2018.08.24-12.06.23:530][  0]LogDerivedDataCache: Display: Loaded Boot cache: C:/Users/Korisnik/AppData/Local/UnrealEngine/4.18/DerivedDataCache/Boot.ddc
[2018.08.24-12.06.23:530][  0]LogDerivedDataCache: FDerivedDataBackendGraph:  Pak pak cache file ../../../../../../Users/Korisnik/Documents/RacerPrototype/RacerPrototype/DerivedDataCache/DDC.ddp not found, will not use a pak cache.
[2018.08.24-12.06.23:530][  0]LogDerivedDataCache: Unable to find inner node Pak for hierarchical cache Hierarchy.
[2018.08.24-12.06.23:530][  0]LogDerivedDataCache: FDerivedDataBackendGraph:  CompressedPak pak cache file ../../../../../../Users/Korisnik/Documents/RacerPrototype/RacerPrototype/DerivedDataCache/Compressed.ddp not found, will not use a pak cache.
[2018.08.24-12.06.23:530][  0]LogDerivedDataCache: Unable to find inner node CompressedPak for hierarchical cache Hierarchy.
[2018.08.24-12.06.23:547][  0]LogDerivedDataCache: Display: Pak cache opened for reading ../../../Engine/DerivedDataCache/Compressed.ddp.
[2018.08.24-12.06.23:560][  0]LogDerivedDataCache: Using Local data cache path C:/Users/Korisnik/AppData/Local/UnrealEngine/Common/DerivedDataCache: Writable
[2018.08.24-12.06.23:573][  0]LogMaterial: Verifying Global Shaders for PCD3D_SM5
[2018.08.24-12.06.23:573][  0]LogSlate: Using Freetype 2.6.0
[2018.08.24-12.06.23:574][  0]LogSlate: SlateFontCache - WITH_FREETYPE: 1, WITH_HARFBUZZ: 1
[2018.08.24-12.06.23:574][  0]LogSlate: SlateFontCache - WITH_FREETYPE: 1, WITH_HARFBUZZ: 1
[2018.08.24-12.06.24:092][  0]LogInit: Selected Device Profile: [Windows]
[2018.08.24-12.06.24:582][  0]LogSimplygon: Simplygon DLL not present - disabling.
[2018.08.24-12.06.24:647][  0]LogMeshReduction: Using SimplygonSwarm for distributed automatic mesh merging
[2018.08.24-12.06.24:647][  0]LogMeshReduction: Using QuadricMeshReduction for automatic static mesh reduction
[2018.08.24-12.06.24:647][  0]LogMeshReduction: No automatic skeletal mesh reduction module available
[2018.08.24-12.06.24:647][  0]LogMeshReduction: No automatic mesh merging module available
[2018.08.24-12.06.24:647][  0]LogMeshMerging: No automatic mesh merging module available
[2018.08.24-12.06.24:683][  0]LogNetVersion: RacerPrototype , NetCL: 3709383, EngineNetVer: 2, GameNetVer: 0 (Checksum: 2470993418)
[2018.08.24-12.06.24:906][  0]LogAssetRegistry: FAssetRegistry took 0.0275 seconds to start up
[2018.08.24-12.06.25:584][  0]LogPackageLocalizationCache: Processed 7 localized package path(s) for 2 prioritized culture(s) in 0.083427 seconds
[2018.08.24-12.06.25:590][  0]LogUObjectArray: 35870 objects as part of root set at end of initial load.
[2018.08.24-12.06.25:590][  0]LogUObjectAllocator: 7363704 out of 0 bytes used by permanent object pool.
[2018.08.24-12.06.25:590][  0]LogUObjectArray: CloseDisregardForGC: 0/0 objects in disregard for GC pool
[2018.08.24-12.06.25:675][  0]LogInit: WinSock: version 1.1 (2.2), MaxSocks=32767, MaxUdp=65467
[2018.08.24-12.06.29:768][  0]LogTcpMessaging: Initializing TcpMessaging bridge
[2018.08.24-12.06.29:825][  0]LogUdpMessaging: Initializing bridge on interface 0.0.0.0:0 to multicast group 230.0.0.1:6666.
[2018.08.24-12.06.30:851][  0]LogMaterial: Uniform references updated for custom material expression Custom.
[2018.08.24-12.06.31:563][  0]SourceControl: Source control is disabled
[2018.08.24-12.06.31:563][  0]SourceControl: Source control is disabled
[2018.08.24-12.06.31:663][  0]SourceControl: Source control is disabled
[2018.08.24-12.06.31:781][  0]SourceControl: Source control is disabled
[2018.08.24-12.06.33:195][  0]LogAndroidPermission: UAndroidPermissionCallbackProxy::GetInstance
[2018.08.24-12.06.33:639][  0]LogOcInput: OculusInput pre-init called
[2018.08.24-12.06.34:092][  0]LogEngine: Initializing Engine...
[2018.08.24-12.06.34:095][  0]LogHMD: Failed to initialize OpenVR with code 110
[2018.08.24-12.06.34:355][  0]LogStats: UGameplayTagsManager::ConstructGameplayTagTree: Construct from data asset -  0.000 s
[2018.08.24-12.06.34:355][  0]LogStats: UGameplayTagsManager::ConstructGameplayTagTree: GameplayTagTreeChangedEvent.Broadcast -  0.000 s
[2018.08.24-12.06.34:563][  0]LogAIModule: Creating AISystem for world Untitled
[2018.08.24-12.06.34:575][  0]LogInit: XAudio2 using 'Speakers (High Definition Audio Device)' : 2 channels at 44.1 kHz using 16 bits per sample (channel mask 0x3)
[2018.08.24-12.06.34:601][  0]LogInit: FAudioDevice initialized.
[2018.08.24-12.06.34:716][  0]LogDerivedDataCache: Saved boot cache 0.11s 78MB C:/Users/Korisnik/AppData/Local/UnrealEngine/4.18/DerivedDataCache/Boot.ddc.
[2018.08.24-12.06.34:737][  0]LogInit: Texture streaming: Enabled
[2018.08.24-12.06.34:893][  0]LogEngineSessionManager: EngineSessionManager initialized
[2018.08.24-12.06.35:105][  0]LogInit: Transaction tracking system initialized
[2018.08.24-12.06.35:646][  0]BlueprintLog: New page: Editor Load
[2018.08.24-12.06.37:203][  0]LocalizationService: Localization service is disabled
[2018.08.24-12.06.38:236][  0]LogLinker: Warning: Can't find file '/Game/VehicleAdvBP/AdvancedVehicleOverview'
[2018.08.24-12.06.38:237][  0]LogLinker: Warning: Can't find file '/Game/VehicleAdvBP/AdvancedVehicleOverview'
[2018.08.24-12.06.38:237][  0]LogUObjectGlobals: Warning: Failed to find object 'Class /Game/VehicleAdvBP/AdvancedVehicleOverview.AdvancedVehicleOverview_C'
[2018.08.24-12.06.38:668][  0]LogConsoleResponse: Display: 
[2018.08.24-12.06.38:969][  0]LogCook: Display: Max memory allowance for cook 16384mb min free memory 0mb
[2018.08.24-12.06.38:969][  0]LogCook: Display: Mobile HDR setting 1
[2018.08.24-12.06.38:969][  0]LogGameplayTags: Display: UGameplayTagsManager::DoneAddingNativeTags. DelegateIsBound: 0
[2018.08.24-12.06.39:287][  0]LogFileCache: Scanning file cache for directory 'C:/Users/Korisnik/Documents/RacerPrototype/RacerPrototype/Content/' took 0.02s
[2018.08.24-12.06.41:125][  0]SourceControl: Source control is disabled
[2018.08.24-12.06.41:126][  0]Cmd: MAP LOAD FILE="../../../../../../Users/Korisnik/Documents/RacerPrototype/RacerPrototype/Content/StarterContent/Maps/Minimal_Default.umap" TEMPLATE=0 SHOWPROGRESS=1 FEATURELEVEL=3
[2018.08.24-12.06.41:126][  0]LightingResults: New page: Lighting Build
[2018.08.24-12.06.41:206][  0]MapCheck: New page: Map Check
[2018.08.24-12.06.41:206][  0]LightingResults: New page: Lighting Build
[2018.08.24-12.06.41:362][  0]LogLinker: Warning: Can't find file '/Game/StarterContent/Maps/Minimal_Default_BuiltData'
[2018.08.24-12.06.41:362][  0]LogLinker: Warning: Can't find file for asset '/Game/StarterContent/Maps/Minimal_Default_BuiltData' while loading ../../../../../../Users/Korisnik/Documents/RacerPrototype/RacerPrototype/Content/StarterContent/Maps/Minimal_Default.umap.
[2018.08.24-12.06.41:362][  0]LoadErrors: Error: /Game/StarterContent/Maps/Minimal_Default : Can't find file for asset. /Game/StarterContent/Maps/Minimal_Default_BuiltData
[2018.08.24-12.06.41:419][  0]LogLinker: Warning: Can't find file '/Game/StarterContent/Maps/Minimal_Default_BuiltData'
[2018.08.24-12.06.41:419][  0]LogLinker: Warning: Can't find file for asset '/Game/StarterContent/Maps/Minimal_Default_BuiltData' while loading ../../../../../../Users/Korisnik/Documents/RacerPrototype/RacerPrototype/Content/StarterContent/Maps/Minimal_Default.umap.
[2018.08.24-12.06.41:419][  0]LoadErrors: Error: /Game/StarterContent/Maps/Minimal_Default : Can't find file for asset. /Game/StarterContent/Maps/Minimal_Default_BuiltData
[2018.08.24-12.06.41:451][  0]LogLinker: Warning: Can't find file '/Game/StarterContent/Maps/Minimal_Default_BuiltData'
[2018.08.24-12.06.41:452][  0]LogLinker: Warning: Can't find file for asset '/Game/StarterContent/Maps/Minimal_Default_BuiltData' while loading NULL.
[2018.08.24-12.06.41:452][  0]LogLinker: Warning: Can't find file '/Game/StarterContent/Maps/Minimal_Default_BuiltData'
[2018.08.24-12.06.41:452][  0]LogLinker: Warning: Can't find file for asset '/Game/StarterContent/Maps/Minimal_Default_BuiltData' while loading NULL.
[2018.08.24-12.06.41:473][  0]LogLinker: Warning: Can't find file '/Game/StarterContent/Maps/Minimal_Default_BuiltData'
[2018.08.24-12.06.41:473][  0]LoadErrors: Failed to load /Game/StarterContent/Maps/Minimal_Default_BuiltData.Minimal_Default_BuiltData Referenced by PersistentLevel
[2018.08.24-12.06.41:473][  0]LogLinker: Warning: Can't find file for asset '/Game/StarterContent/Maps/Minimal_Default_BuiltData' while loading NULL.
[2018.08.24-12.06.41:473][  0]LoadErrors: Failed to load /Game/StarterContent/Maps/Minimal_Default_BuiltData.Minimal_Default_BuiltData Referenced by PersistentLevel
[2018.08.24-12.06.41:687][  0]LogAIModule: Creating AISystem for world Minimal_Default
[2018.08.24-12.06.41:699][  0]LogEditorServer: Finished looking for orphan Actors (0.000 secs)
[2018.08.24-12.06.41:720][  0]Cmd: MAP CHECKDEP NOCLEARLOG
[2018.08.24-12.06.41:802][  0]MapCheck: Map check complete: 0 Error(s), 0 Warning(s), took 81.69ms to complete.
[2018.08.24-12.06.41:802][  0]LogFileHelpers: Loading map 'Minimal_Default' took 0.677
[2018.08.24-12.06.41:993][  0]LogCollectionManager: Loaded 0 collections in 0.002260 seconds
[2018.08.24-12.06.42:124][  0]LogFileCache: Scanning file cache for directory 'C:/Users/Korisnik/Documents/RacerPrototype/RacerPrototype/Saved/Collections/' took 0.01s
[2018.08.24-12.06.42:124][  0]LogFileCache: Scanning file cache for directory 'C:/Users/Korisnik/Documents/RacerPrototype/RacerPrototype/Content/Developers/Korisnik/Collections/' took 0.01s
[2018.08.24-12.06.42:124][  0]LogFileCache: Scanning file cache for directory 'C:/Users/Korisnik/Documents/RacerPrototype/RacerPrototype/Content/Collections/' took 0.01s
[2018.08.24-12.06.42:124][  0]LogCollectionManager: Rebuilt the GUID cache for 0 collections in 0.000000 seconds
[2018.08.24-12.06.42:141][  0]LogContentBrowser: Native class hierarchy populated in 0.0176 seconds. Added 2363 classes and 519 folders.
[2018.08.24-12.06.42:291][  0]LogContentBrowser: Native class hierarchy updated for 'WidgetCarousel' in 0.0003 seconds. Added 0 classes and 0 folders.
[2018.08.24-12.06.42:357][  0]LogContentBrowser: Native class hierarchy updated for 'AddContentDialog' in 0.0006 seconds. Added 0 classes and 0 folders.
[2018.08.24-12.06.42:442][  0]LogContentBrowser: Native class hierarchy updated for 'SceneOutliner' in 0.0004 seconds. Added 1 classes and 2 folders.
[2018.08.24-12.06.42:528][  0]LogSlate: Took 0.000362 seconds to synchronously load lazily loaded font '../../../Engine/Content/Slate/Fonts/Roboto-Regular.ttf' (155K)
[2018.08.24-12.06.42:532][  0]LogSlate: Took 0.000372 seconds to synchronously load lazily loaded font '../../../Engine/Content/Slate/Fonts/Roboto-Bold.ttf' (160K)
[2018.08.24-12.06.42:541][  0]LogSlate: Took 0.000390 seconds to synchronously load lazily loaded font '../../../Engine/Content/Editor/Slate/Fonts/FontAwesome.ttf' (139K)
[2018.08.24-12.06.42:690][  0]LogRenderer: Reallocating scene render targets to support 1136x652 Format 10 NumSamples 1 (Frame:1).
[2018.08.24-12.06.42:936][  0]LogContentBrowser: Native class hierarchy updated for 'HierarchicalLODOutliner' in 0.0007 seconds. Added 1 classes and 2 folders.
[2018.08.24-12.06.42:936][  0]LogLoad: (Engine Initialization) Total time: 28.13 seconds
[2018.08.24-12.06.42:936][  0]LogLoad: (Engine Initialization) Total Blueprint compile time: 0.00 seconds
[2018.08.24-12.06.42:937][  0]LogExternalProfiler: No external profilers were discovered.  External profiling features will not be available.
[2018.08.24-12.06.42:946][  0]LogWindowsTextInputMethodSystem: Display: IME system now deactivated.
[2018.08.24-12.06.42:976][  0]LogContentStreaming: Texture pool size now 1000 MB
[2018.08.24-12.06.43:006][  1]LogAssetRegistry: Asset discovery search completed in 18.1216 seconds
[2018.08.24-12.06.43:009][  1]LogCollectionManager: Rebuilt the object cache for 0 collections in 0.000000 seconds (found 0 objects)
[2018.08.24-12.06.43:009][  1]LogCollectionManager: Fixed up redirectors for 0 collections in 0.000095 seconds (updated 0 objects)
[2018.08.24-12.06.43:965][101]LogSlate: Took 0.000254 seconds to synchronously load lazily loaded font '../../../Engine/Content/Slate/Fonts/Roboto-Light.ttf' (159K)
[2018.08.24-12.07.42:953][179]LogHttp: Warning: 000002216BD86980: request failed, libcurl error: 6 (Couldn't resolve host name)
[2018.08.24-12.07.42:953][179]LogHttp: Warning: 000002216BD86980: libcurl info message cache 0 (Could not resolve host: datarouter.ol.epicgames.com)
[2018.08.24-12.07.42:953][179]LogHttp: Warning: 000002216BD86980: libcurl info message cache 1 (Closing connection 0)
[2018.08.24-12.09.42:974][575]LogHttp: Warning: 000002216BD85000: request failed, libcurl error: 6 (Couldn't resolve host name)
[2018.08.24-12.09.42:974][575]LogHttp: Warning: 000002216BD85000: libcurl info message cache 0 (Could not resolve host: datarouter.ol.epicgames.com)
[2018.08.24-12.09.42:974][575]LogHttp: Warning: 000002216BD85000: libcurl info message cache 1 (Closing connection 1)
[2018.08.24-12.10.35:753][898]LogSlate: Took 0.000178 seconds to synchronously load lazily loaded font '../../../Engine/Content/Slate/Fonts/Roboto-Light.ttf' (159K)
[2018.08.24-12.10.43:366][635]LogSlate: Took 0.000207 seconds to synchronously load lazily loaded font '../../../Engine/Content/Slate/Fonts/Roboto-Light.ttf' (159K)
[2018.08.24-12.10.43:793][635]LogContentBrowser: Native class hierarchy updated for 'BlueprintGraph' in 0.0008 seconds. Added 116 classes and 0 folders.
[2018.08.24-12.10.44:739][635]LogSlate: Took 0.000183 seconds to synchronously load lazily loaded font '../../../Engine/Content/Slate/Fonts/Roboto-Regular.ttf' (155K)
[2018.08.24-12.10.44:816][635]LogSlate: Took 0.000340 seconds to synchronously load lazily loaded font '../../../Engine/Content/Editor/Slate/Fonts/Roboto-BoldCondensed.ttf' (158K)
[2018.08.24-12.10.44:916][636]LogSlate: Took 0.000306 seconds to synchronously load lazily loaded font '../../../Engine/Content/Editor/Slate/Fonts/Roboto-Italic.ttf' (157K)
[2018.08.24-12.10.48:341][912]LogRenderer: Reallocating scene render targets to support 1144x808 Format 10 NumSamples 1 (Frame:1).
[2018.08.24-12.11.42:994][381]LogHttp: Warning: 0000022186D25D80: request failed, libcurl error: 6 (Couldn't resolve host name)
[2018.08.24-12.11.42:994][381]LogHttp: Warning: 0000022186D25D80: libcurl info message cache 0 (Could not resolve host: datarouter.ol.epicgames.com)
[2018.08.24-12.11.42:994][381]LogHttp: Warning: 0000022186D25D80: libcurl info message cache 1 (Closing connection 2)
[2018.08.24-12.12.21:285][191]BlueprintLog: New page: Compile TestcarBlueprint
[2018.08.24-12.12.22:497][251]LogSavePackage: Save=51.37ms
[2018.08.24-12.12.22:497][251]LogSavePackage: Moving '../../../../../../Users/Korisnik/Documents/RacerPrototype/RacerPrototype/Saved/TestcarBlueprint1356F3544DC9C8D8BADF098885E3E240.tmp' to '../../../../../../Users/Korisnik/Documents/RacerPrototype/RacerPrototype/Content/Vehicles/TestAuto1/TestcarBlueprint.uasset'
[2018.08.24-12.12.22:500][251]LogSavePackage: Display: Finished SavePackage ../../../../../../Users/Korisnik/Documents/RacerPrototype/RacerPrototype/Content/Vehicles/TestAuto1/TestcarBlueprint.uasset
[2018.08.24-12.12.26:880][633]LogAIModule: Creating AISystem for world TestMap1
[2018.08.24-12.12.26:914][633]Cmd: MAP LOAD FILE="../../../../../../Users/Korisnik/Documents/RacerPrototype/RacerPrototype/Content/Maps/TestMap1.umap" TEMPLATE=0 SHOWPROGRESS=1 FEATURELEVEL=3
[2018.08.24-12.12.26:914][633]LightingResults: New page: Lighting Build
[2018.08.24-12.12.26:915][633]LoadErrors: New page: Loading map: TestMap1.umap
[2018.08.24-12.12.26:916][633]MapCheck: New page: Map Check
[2018.08.24-12.12.26:916][633]LightingResults: New page: Lighting Build
[2018.08.24-12.12.27:023][633]LogEditorServer: Finished looking for orphan Actors (0.000 secs)
[2018.08.24-12.12.27:092][633]Cmd: MAP CHECKDEP NOCLEARLOG
[2018.08.24-12.12.27:188][633]MapCheck: Map check complete: 0 Error(s), 0 Warning(s), took 95.927ms to complete.
[2018.08.24-12.12.27:188][633]LogFileHelpers: Loading map 'TestMap1' took 0.275
[2018.08.24-12.12.34:603][378]LogTemp: Repeating last play command: Selected Viewport
[2018.08.24-12.12.34:687][378]LogPlayLevel: PlayLevel: No blueprints needed recompiling
[2018.08.24-12.12.34:687][378]PIE: New page: PIE session: TestMap1 (Aug 24, 2018, 4:12:34 PM)
[2018.08.24-12.12.34:688][378]LogPlayLevel: Creating play world package: /Game/Maps/UEDPIE_0_TestMap1
[2018.08.24-12.12.34:696][378]LogPlayLevel: PIE: StaticDuplicateObject took: (0.008183s)
[2018.08.24-12.12.34:697][378]LogAIModule: Creating AISystem for world TestMap1
[2018.08.24-12.12.34:697][378]LogPlayLevel: PIE: World Init took: (0.001173s)
[2018.08.24-12.12.34:697][378]LogPlayLevel: PIE: Created PIE world by copying editor world from /Game/Maps/TestMap1.TestMap1 to /Game/Maps/UEDPIE_0_TestMap1.TestMap1 (0.009743s)
[2018.08.24-12.12.34:730][378]LogInit: XAudio2 using 'Speakers (High Definition Audio Device)' : 2 channels at 44.1 kHz using 16 bits per sample (channel mask 0x3)
[2018.08.24-12.12.34:742][378]LogInit: FAudioDevice initialized.
[2018.08.24-12.12.34:792][378]LogLoad: Game class is 'GameModeBase'
[2018.08.24-12.12.34:795][378]LogWorld: Bringing World /Game/Maps/UEDPIE_0_TestMap1.TestMap1 up for play (max tick rate 0) at 2018.08.24-14.12.34
[2018.08.24-12.12.34:796][378]LogWorld: Bringing up level for play took: 0.002130
[2018.08.24-12.12.34:870][378]LogContentBrowser: Native class hierarchy updated for 'MovieSceneCapture' in 0.0003 seconds. Added 11 classes and 0 folders.
[2018.08.24-12.12.34:871][378]PIE: Play in editor start time for /Game/Maps/UEDPIE_0_TestMap1 -0.437
[2018.08.24-12.13.43:036][331]LogHttp: Warning: 0000022173374A00: request failed, libcurl error: 6 (Couldn't resolve host name)
[2018.08.24-12.13.43:036][331]LogHttp: Warning: 0000022173374A00: libcurl info message cache 0 (Could not resolve host: datarouter.ol.epicgames.com)
[2018.08.24-12.13.43:036][331]LogHttp: Warning: 0000022173374A00: libcurl info message cache 1 (Closing connection 3)
[2018.08.24-12.13.58:758][875]BlueprintLog: New page: Compile TestcarBlueprint
[2018.08.24-12.14.00:194][938]LogSavePackage: Save=48.62ms
[2018.08.24-12.14.00:194][938]LogSavePackage: Moving '../../../../../../Users/Korisnik/Documents/RacerPrototype/RacerPrototype/Saved/TestcarBlueprint4B55C0A44E6A427A4ED974BFA27F4C57.tmp' to '../../../../../../Users/Korisnik/Documents/RacerPrototype/RacerPrototype/Content/Vehicles/TestAuto1/TestcarBlueprint.uasset'
[2018.08.24-12.14.00:197][938]LogSavePackage: Display: Finished SavePackage ../../../../../../Users/Korisnik/Documents/RacerPrototype/RacerPrototype/Content/Vehicles/TestAuto1/TestcarBlueprint.uasset
[2018.08.24-12.14.02:178][130]Cmd: OBJ SAVEPACKAGE PACKAGE="/Game/Maps/TestMap1" FILE="../../../../../../Users/Korisnik/Documents/RacerPrototype/RacerPrototype/Content/Maps/TestMap1.umap" SILENT=true AUTOSAVING=false KEEPDIRTY=false
[2018.08.24-12.14.02:260][130]LogSavePackage: Save=41.70ms
[2018.08.24-12.14.02:260][130]LogSavePackage: Moving '../../../../../../Users/Korisnik/Documents/RacerPrototype/RacerPrototype/Saved/TestMap18174FF414D8422B037AA66AF6701C534.tmp' to '../../../../../../Users/Korisnik/Documents/RacerPrototype/RacerPrototype/Content/Maps/TestMap1.umap'
[2018.08.24-12.14.02:264][130]LogSavePackage: Display: Finished SavePackage ../../../../../../Users/Korisnik/Documents/RacerPrototype/RacerPrototype/Content/Maps/TestMap1.umap
[2018.08.24-12.14.02:311][130]Cmd: OBJ SAVEPACKAGE PACKAGE="/Game/Maps/TestMap1_BuiltData" FILE="../../../../../../Users/Korisnik/Documents/RacerPrototype/RacerPrototype/Content/Maps/TestMap1_BuiltData.uasset" SILENT=true
[2018.08.24-12.14.02:350][130]LogSavePackage: Save=23.73ms
[2018.08.24-12.14.02:350][130]LogSavePackage: Moving '../../../../../../Users/Korisnik/Documents/RacerPrototype/RacerPrototype/Saved/TestMap1_BuiltDataCC97A35A42C51393C150AB8DA4FCEF7A.tmp' to '../../../../../../Users/Korisnik/Documents/RacerPrototype/RacerPrototype/Content/Maps/TestMap1_BuiltData.uasset'
[2018.08.24-12.14.02:351][130]LogSavePackage: Display: Finished SavePackage ../../../../../../Users/Korisnik/Documents/RacerPrototype/RacerPrototype/Content/Maps/TestMap1_BuiltData.uasset
[2018.08.24-12.14.05:094][419]LogTemp: Repeating last play command: Selected Viewport
[2018.08.24-12.14.05:126][419]LogPlayLevel: PlayLevel: No blueprints needed recompiling
[2018.08.24-12.14.05:126][419]PIE: New page: PIE session: TestMap1 (Aug 24, 2018, 4:14:05 PM)
[2018.08.24-12.14.05:126][419]LogPlayLevel: Creating play world package: /Game/Maps/UEDPIE_0_TestMap1
[2018.08.24-12.14.05:133][419]LogPlayLevel: PIE: StaticDuplicateObject took: (0.007020s)
[2018.08.24-12.14.05:134][419]LogAIModule: Creating AISystem for world TestMap1
[2018.08.24-12.14.05:134][419]LogPlayLevel: PIE: World Init took: (0.001317s)
[2018.08.24-12.14.05:135][419]LogPlayLevel: PIE: Created PIE world by copying editor world from /Game/Maps/TestMap1.TestMap1 to /Game/Maps/UEDPIE_0_TestMap1.TestMap1 (0.008796s)
[2018.08.24-12.14.05:167][419]LogInit: XAudio2 using 'Speakers (High Definition Audio Device)' : 2 channels at 44.1 kHz using 16 bits per sample (channel mask 0x3)
[2018.08.24-12.14.05:177][419]LogInit: FAudioDevice initialized.
[2018.08.24-12.14.05:213][419]LogLoad: Game class is 'GameModeBase'
[2018.08.24-12.14.05:215][419]LogWorld: Bringing World /Game/Maps/UEDPIE_0_TestMap1.TestMap1 up for play (max tick rate 0) at 2018.08.24-14.14.05
[2018.08.24-12.14.05:215][419]LogWorld: Bringing up level for play took: 0.001666
[2018.08.24-12.14.05:216][419]PIE: Play in editor start time for /Game/Maps/UEDPIE_0_TestMap1 -0.092
[2018.08.24-12.14.50:917][129]BlueprintLog: New page: Compile TestcarBlueprint
[2018.08.24-12.14.52:454][189]LogSavePackage: Save=47.88ms
[2018.08.24-12.14.52:454][189]LogSavePackage: Moving '../../../../../../Users/Korisnik/Documents/RacerPrototype/RacerPrototype/Saved/TestcarBlueprint97CD16E344F8F1135D20AABEAC0BAB7E.tmp' to '../../../../../../Users/Korisnik/Documents/RacerPrototype/RacerPrototype/Content/Vehicles/TestAuto1/TestcarBlueprint.uasset'
[2018.08.24-12.14.52:457][189]LogSavePackage: Display: Finished SavePackage ../../../../../../Users/Korisnik/Documents/RacerPrototype/RacerPrototype/Content/Vehicles/TestAuto1/TestcarBlueprint.uasset
[2018.08.24-12.14.56:782][612]BlueprintLog: New page: Compile TestcarBlueprint
[2018.08.24-12.14.57:857][641]LogSavePackage: Save=45.39ms
[2018.08.24-12.14.57:857][641]LogSavePackage: Moving '../../../../../../Users/Korisnik/Documents/RacerPrototype/RacerPrototype/Saved/TestcarBlueprintA4793AEF44196F93C4AA3F80986008E1.tmp' to '../../../../../../Users/Korisnik/Documents/RacerPrototype/RacerPrototype/Content/Vehicles/TestAuto1/TestcarBlueprint.uasset'
[2018.08.24-12.14.57:860][641]LogSavePackage: Display: Finished SavePackage ../../../../../../Users/Korisnik/Documents/RacerPrototype/RacerPrototype/Content/Vehicles/TestAuto1/TestcarBlueprint.uasset
[2018.08.24-12.15.00:276][868]BlueprintLog: New page: Compile TestcarBlueprint
[2018.08.24-12.15.01:372][896]LogSavePackage: Save=48.38ms
[2018.08.24-12.15.01:372][896]LogSavePackage: Moving '../../../../../../Users/Korisnik/Documents/RacerPrototype/RacerPrototype/Saved/TestcarBlueprint75B501544244F6CCE490119E290FD0CF.tmp' to '../../../../../../Users/Korisnik/Documents/RacerPrototype/RacerPrototype/Content/Vehicles/TestAuto1/TestcarBlueprint.uasset'
[2018.08.24-12.15.01:376][896]LogSavePackage: Display: Finished SavePackage ../../../../../../Users/Korisnik/Documents/RacerPrototype/RacerPrototype/Content/Vehicles/TestAuto1/TestcarBlueprint.uasset
[2018.08.24-12.15.02:953][ 51]LogTemp: Repeating last play command: Selected Viewport
[2018.08.24-12.15.02:980][ 51]LogPlayLevel: PlayLevel: No blueprints needed recompiling
[2018.08.24-12.15.02:981][ 51]PIE: New page: PIE session: TestMap1 (Aug 24, 2018, 4:15:02 PM)
[2018.08.24-12.15.02:981][ 51]LogPlayLevel: Creating play world package: /Game/Maps/UEDPIE_0_TestMap1
[2018.08.24-12.15.02:987][ 51]LogPlayLevel: PIE: StaticDuplicateObject took: (0.006013s)
[2018.08.24-12.15.02:988][ 51]LogAIModule: Creating AISystem for world TestMap1
[2018.08.24-12.15.02:988][ 51]LogPlayLevel: PIE: World Init took: (0.001046s)
[2018.08.24-12.15.02:988][ 51]LogPlayLevel: PIE: Created PIE world by copying editor world from /Game/Maps/TestMap1.TestMap1 to /Game/Maps/UEDPIE_0_TestMap1.TestMap1 (0.007498s)
[2018.08.24-12.15.03:020][ 51]LogInit: XAudio2 using 'Speakers (High Definition Audio Device)' : 2 channels at 44.1 kHz using 16 bits per sample (channel mask 0x3)
[2018.08.24-12.15.03:033][ 51]LogInit: FAudioDevice initialized.
[2018.08.24-12.15.03:066][ 51]LogLoad: Game class is 'GameModeBase'
[2018.08.24-12.15.03:068][ 51]LogWorld: Bringing World /Game/Maps/UEDPIE_0_TestMap1.TestMap1 up for play (max tick rate 0) at 2018.08.24-14.15.03
[2018.08.24-12.15.03:068][ 51]LogWorld: Bringing up level for play took: 0.001647
[2018.08.24-12.15.03:069][ 51]PIE: Play in editor start time for /Game/Maps/UEDPIE_0_TestMap1 -0.238
[2018.08.24-12.15.39:232][631]LogEditorViewport: Clicking on Actor (LMB): TestcarBlueprint_C (TestcarBlueprint)
[2018.08.24-12.15.43:075][901]LogHttp: Warning: 0000022165C2A080: request failed, libcurl error: 6 (Couldn't resolve host name)
[2018.08.24-12.15.43:075][901]LogHttp: Warning: 0000022165C2A080: libcurl info message cache 0 (Could not resolve host: datarouter.ol.epicgames.com)
[2018.08.24-12.15.43:075][901]LogHttp: Warning: 0000022165C2A080: libcurl info message cache 1 (Closing connection 4)
[2018.08.24-12.17.43:100][649]LogHttp: Warning: 00000221904BD780: request failed, libcurl error: 6 (Couldn't resolve host name)
[2018.08.24-12.17.43:100][649]LogHttp: Warning: 00000221904BD780: libcurl info message cache 0 (Could not resolve host: datarouter.ol.epicgames.com)
[2018.08.24-12.17.43:100][649]LogHttp: Warning: 00000221904BD780: libcurl info message cache 1 (Closing connection 5)
[2018.08.24-12.17.45:972][991]LogTemp: Repeating last play command: Selected Viewport
[2018.08.24-12.17.46:000][991]LogPlayLevel: PlayLevel: No blueprints needed recompiling
[2018.08.24-12.17.46:000][991]PIE: New page: PIE session: TestMap1 (Aug 24, 2018, 4:17:46 PM)
[2018.08.24-12.17.46:000][991]LogPlayLevel: Creating play world package: /Game/Maps/UEDPIE_0_TestMap1
[2018.08.24-12.17.46:007][991]LogPlayLevel: PIE: StaticDuplicateObject took: (0.007416s)
[2018.08.24-12.17.46:008][991]LogAIModule: Creating AISystem for world TestMap1
[2018.08.24-12.17.46:009][991]LogPlayLevel: PIE: World Init took: (0.001145s)
[2018.08.24-12.17.46:009][991]LogPlayLevel: PIE: Created PIE world by copying editor world from /Game/Maps/TestMap1.TestMap1 to /Game/Maps/UEDPIE_0_TestMap1.TestMap1 (0.008931s)
[2018.08.24-12.17.46:072][991]LogInit: XAudio2 using 'Speakers (High Definition Audio Device)' : 2 channels at 44.1 kHz using 16 bits per sample (channel mask 0x3)
[2018.08.24-12.17.46:082][991]LogInit: FAudioDevice initialized.
[2018.08.24-12.17.46:126][991]LogLoad: Game class is 'GameModeBase'
[2018.08.24-12.17.46:128][991]LogWorld: Bringing World /Game/Maps/UEDPIE_0_TestMap1.TestMap1 up for play (max tick rate 0) at 2018.08.24-14.17.46
[2018.08.24-12.17.46:129][991]LogWorld: Bringing up level for play took: 0.001956
[2018.08.24-12.17.46:131][991]PIE: Play in editor start time for /Game/Maps/UEDPIE_0_TestMap1 0.824
[2018.08.24-12.17.46:173][991]LogRenderer: Reallocating scene render targets to support 1292x808 Format 10 NumSamples 1 (Frame:1).
[2018.08.24-12.18.10:637][696]LogTemp: Repeating last play command: Selected Viewport
[2018.08.24-12.18.10:665][696]LogPlayLevel: PlayLevel: No blueprints needed recompiling
[2018.08.24-12.18.10:665][696]PIE: New page: PIE session: TestMap1 (Aug 24, 2018, 4:18:10 PM)
[2018.08.24-12.18.10:665][696]LogPlayLevel: Creating play world package: /Game/Maps/UEDPIE_0_TestMap1
[2018.08.24-12.18.10:672][696]LogPlayLevel: PIE: StaticDuplicateObject took: (0.007244s)
[2018.08.24-12.18.10:673][696]LogAIModule: Creating AISystem for world TestMap1
[2018.08.24-12.18.10:673][696]LogPlayLevel: PIE: World Init took: (0.001079s)
[2018.08.24-12.18.10:674][696]LogPlayLevel: PIE: Created PIE world by copying editor world from /Game/Maps/TestMap1.TestMap1 to /Game/Maps/UEDPIE_0_TestMap1.TestMap1 (0.008918s)
[2018.08.24-12.18.10:705][696]LogInit: XAudio2 using 'Speakers (High Definition Audio Device)' : 2 channels at 44.1 kHz using 16 bits per sample (channel mask 0x3)
[2018.08.24-12.18.10:713][696]LogInit: FAudioDevice initialized.
[2018.08.24-12.18.10:752][696]LogLoad: Game class is 'GameModeBase'
[2018.08.24-12.18.10:754][696]LogWorld: Bringing World /Game/Maps/UEDPIE_0_TestMap1.TestMap1 up for play (max tick rate 0) at 2018.08.24-14.18.10
[2018.08.24-12.18.10:754][696]LogWorld: Bringing up level for play took: 0.001811
[2018.08.24-12.18.10:759][696]PIE: Play in editor start time for /Game/Maps/UEDPIE_0_TestMap1 -0.549
[2018.08.24-12.18.33:521][908]LogSlate: Only BGRA pngs, bmps or icos are supported in by External Image Picker
[2018.08.24-12.18.33:657][911]LogTemp: Executing iPhonePackager certificates Engine -bundlename com.YourCompany.RacerPrototype
[2018.08.24-12.18.33:657][911]LogTemp: CWD: C:\Program Files\Epic Games\UE_4.18\Engine\Binaries\DotNET\IOS
[2018.08.24-12.18.33:657][911]LogTemp: Initial Dir: C:\Program Files\Epic Games\UE_4.18
[2018.08.24-12.18.33:657][911]LogTemp: Env CWD: C:\Program Files\Epic Games\UE_4.18\Engine\Binaries\DotNET\IOS
[2018.08.24-12.18.33:657][911]LogTemp: BranchPath = DESKTOP-OEM0S1H/C/Program Files/Epic Games/UE_4.18/Engine/Binaries --- GameBranchPath = DESKTOP-OEM0S1H/C/Program Files/Epic Games/UE_4.18/Engine/Binaries
[2018.08.24-12.18.33:668][911]LogTemp: IPP ERROR: Could not find provision directory 'C:\Users\Korisnik\AppData\Local/Apple Computer/MobileDevice/Provisioning Profiles/'.
[2018.08.24-12.18.35:076][928]LogWindows: Error: === Critical error: ===
[2018.08.24-12.18.35:076][928]LogWindows: Error: 
[2018.08.24-12.18.35:076][928]LogWindows: Error: Fatal error!
[2018.08.24-12.18.35:076][928]LogWindows: Error: 
[2018.08.24-12.18.35:076][928]LogWindows: Error: Unhandled Exception: EXCEPTION_ACCESS_VIOLATION reading address 0xffffffff
[2018.08.24-12.18.35:076][928]LogWindows: Error: 
[2018.08.24-12.18.35:076][928]LogWindows: Error: [Callstack] 0x000000006DB138A6 UE4Editor-UnrealEd.dll!UnknownFunction []
[2018.08.24-12.18.35:077][928]LogWindows: Error: [Callstack] 0x000000006DAC9EE7 UE4Editor-UnrealEd.dll!UnknownFunction []
[2018.08.24-12.18.35:077][928]LogWindows: Error: [Callstack] 0x000000006DACCE07 UE4Editor-UnrealEd.dll!UnknownFunction []
[2018.08.24-12.18.35:077][928]LogWindows: Error: [Callstack] 0x000000006FEE0ECB UE4Editor-Engine.dll!UnknownFunction []
[2018.08.24-12.18.35:077][928]LogWindows: Error: [Callstack] 0x000000006FF19CD0 UE4Editor-Engine.dll!UnknownFunction []
[2018.08.24-12.18.35:077][928]LogWindows: Error: [Callstack] 0x000000006FEB462D UE4Editor-Engine.dll!UnknownFunction []
[2018.08.24-12.18.35:077][928]LogWindows: Error: [Callstack] 0x000000006FEB20B1 UE4Editor-Engine.dll!UnknownFunction []
[2018.08.24-12.18.35:077][928]LogWindows: Error: [Callstack] 0x000000006FEB47AA UE4Editor-Engine.dll!UnknownFunction []
[2018.08.24-12.18.35:077][928]LogWindows: Error: [Callstack] 0x000000006FEB3A4A UE4Editor-Engine.dll!UnknownFunction []
[2018.08.24-12.18.35:077][928]LogWindows: Error: [Callstack] 0x000000006F43E28A UE4Editor-Engine.dll!UnknownFunction []
[2018.08.24-12.18.35:077][928]LogWindows: Error: [Callstack] 0x000000006F43A9E9 UE4Editor-Engine.dll!UnknownFunction []
[2018.08.24-12.18.35:077][928]LogWindows: Error: [Callstack] 0x000000006D49747A UE4Editor-UnrealEd.dll!UnknownFunction []
[2018.08.24-12.18.35:077][928]LogWindows: Error: [Callstack] 0x000000006DD44AC6 UE4Editor-UnrealEd.dll!UnknownFunction []
[2018.08.24-12.18.35:077][928]LogWindows: Error: [Callstack] 0x0000000021DA5A26 UE4Editor.exe!UnknownFunction []
[2018.08.24-12.18.35:077][928]LogWindows: Error: [Callstack] 0x0000000021DB5430 UE4Editor.exe!UnknownFunction []
[2018.08.24-12.18.35:077][928]LogWindows: Error: [Callstack] 0x0000000021DB54AA UE4Editor.exe!UnknownFunction []
[2018.08.24-12.18.35:077][928]LogWindows: Error: [Callstack] 0x0000000021DC2379 UE4Editor.exe!UnknownFunction []
[2018.08.24-12.18.35:077][928]LogWindows: Error: [Callstack] 0x0000000021DC3D57 UE4Editor.exe!UnknownFunction []
[2018.08.24-12.18.35:077][928]LogWindows: Error: [Callstack] 0x00000000B4A33034 KERNEL32.DLL!UnknownFunction []
[2018.08.24-12.18.35:077][928]LogWindows: Error: [Callstack] 0x00000000B4C11431 ntdll.dll!UnknownFunction []
[2018.08.24-12.18.35:077][928]LogWindows: Error: [Callstack] 0x00000000B4C11431 ntdll.dll!UnknownFunction []
[2018.08.24-12.18.35:077][928]LogWindows: Error: 
[2018.08.24-12.18.35:091][928]LogExit: Executing StaticShutdownAfterError
[2018.08.24-12.18.35:095][928]LogWindows: FPlatformMisc::RequestExit(1)
[2018.08.24-12.18.35:096][928]Log file closed, 08/24/18 14:18:35
