Log file open, 08/28/18 17:08:39
LogWindows: Failed to load 'aqProf.dll' (GetLastError=126)
LogWindows: File 'aqProf.dll' does not exist
LogWindows: Failed to load 'VSPerf140.dll' (GetLastError=126)
LogWindows: File 'VSPerf140.dll' does not exist
LogWindows: Failed to load 'VtuneApi.dll' (GetLastError=126)
LogWindows: File 'VtuneApi.dll' does not exist
LogWindows: Failed to load 'VtuneApi32e.dll' (GetLastError=126)
LogWindows: File 'VtuneApi32e.dll' does not exist
LogInit: Display: Running engine for game: RacerPrototype
LogPlatformFile: Not using cached read wrapper
LogInit: Display: RandInit(1278409366) SRandInit(1278409366).
LogInit: Read version file with build ID '3709383'
LogInit: Overriding engine version to CL 3832480, compatible CL 3709383
LogInit: Registered custom module enumerator with build ID '3709383'
LogTaskGraph: Started task graph with 5 named threads and 8 total threads with 3 sets of task threads.
LogStats: Stats thread started at 0.199438
LogD3D11RHI: Aftermath initialized
LogModuleManager: Display: Found up-to-date module file ../../../Engine/Plugins/2D/Paper2D/Binaries/Win64/UE4Editor-Paper2D.dll (API version 3709383).
LogModuleManager: Display: Found up-to-date module file ../../../Engine/Plugins/2D/Paper2D/Binaries/Win64/UE4Editor-Paper2DEditor.dll (API version 3709383).
LogModuleManager: Display: Found up-to-date module file ../../../Engine/Plugins/2D/Paper2D/Binaries/Win64/UE4Editor-PaperSpriteSheetImporter.dll (API version 3709383).
LogModuleManager: Display: Found up-to-date module file ../../../Engine/Plugins/2D/Paper2D/Binaries/Win64/UE4Editor-PaperTiledImporter.dll (API version 3709383).
LogModuleManager: Display: Found up-to-date module file ../../../Engine/Plugins/2D/Paper2D/Binaries/Win64/UE4Editor-SmartSnapping.dll (API version 3709383).
LogModuleManager: Display: Found up-to-date module file ../../../Engine/Plugins/Blendables/LightPropagationVolume/Binaries/Win64/UE4Editor-LightPropagationVolumeRuntime.dll (API version 3709383).
LogModuleManager: Display: Found up-to-date module file ../../../Engine/Plugins/Blendables/LightPropagationVolume/Binaries/Win64/UE4Editor-LightPropagationVolumeEditor.dll (API version 3709383).
LogModuleManager: Display: Found up-to-date module file ../../../Engine/Plugins/Developer/GitSourceControl/Binaries/Win64/UE4Editor-GitSourceControl.dll (API version 3709383).
LogModuleManager: Display: Found up-to-date module file ../../../Engine/Plugins/Developer/PerforceSourceControl/Binaries/Win64/UE4Editor-PerforceSourceControl.dll (API version 3709383).
LogModuleManager: Display: Found up-to-date module file ../../../Engine/Plugins/Developer/SubversionSourceControl/Binaries/Win64/UE4Editor-SubversionSourceControl.dll (API version 3709383).
LogModuleManager: Display: Found up-to-date module file ../../../Engine/Plugins/Developer/UObjectPlugin/Binaries/Win64/UE4Editor-UObjectPlugin.dll (API version 3709383).
LogModuleManager: Display: Found up-to-date module file ../../../Engine/Plugins/Developer/VisualStudioCodeSourceCodeAccess/Binaries/Win64/UE4Editor-VisualStudioCodeSourceCodeAccess.dll (API version 3709383).
LogModuleManager: Display: Found up-to-date module file ../../../Engine/Plugins/Developer/VisualStudioSourceCodeAccess/Binaries/Win64/UE4Editor-VisualStudioSourceCodeAccess.dll (API version 3709383).
LogModuleManager: Display: Found up-to-date module file ../../../Engine/Plugins/Editor/AssetManagerEditor/Binaries/Win64/UE4Editor-AssetManagerEditor.dll (API version 3709383).
LogModuleManager: Display: Found up-to-date module file ../../../Engine/Plugins/Editor/AudioCapture/Binaries/Win64/UE4Editor-AudioCapture.dll (API version 3709383).
LogModuleManager: Display: Found up-to-date module file ../../../Engine/Plugins/Editor/FacialAnimation/Binaries/Win64/UE4Editor-FacialAnimation.dll (API version 3709383).
LogModuleManager: Display: Found up-to-date module file ../../../Engine/Plugins/Editor/FacialAnimation/Binaries/Win64/UE4Editor-FacialAnimationEditor.dll (API version 3709383).
LogModuleManager: Display: Found up-to-date module file ../../../Engine/Plugins/Editor/GameplayTagsEditor/Binaries/Win64/UE4Editor-GameplayTagsEditor.dll (API version 3709383).
LogModuleManager: Display: Found up-to-date module file ../../../Engine/Plugins/Editor/MobileLauncherProfileWizard/Binaries/Win64/UE4Editor-MobileLauncherProfileWizard.dll (API version 3709383).
LogModuleManager: Display: Found up-to-date module file ../../../Engine/Plugins/Editor/PluginBrowser/Binaries/Win64/UE4Editor-PluginBrowser.dll (API version 3709383).
LogModuleManager: Display: Found up-to-date module file ../../../Engine/Plugins/Editor/SpeedTreeImporter/Binaries/Win64/UE4Editor-SpeedTreeImporter.dll (API version 3709383).
LogModuleManager: Display: Found up-to-date module file ../../../Engine/Plugins/Experimental/AlembicImporter/Binaries/Win64/UE4Editor-AlembicImporter.dll (API version 3709383).
LogModuleManager: Display: Found up-to-date module file ../../../Engine/Plugins/Experimental/AlembicImporter/Binaries/Win64/UE4Editor-AlembicLibrary.dll (API version 3709383).
LogModuleManager: Display: Found up-to-date module file ../../../Engine/Plugins/Experimental/CharacterAI/Binaries/Win64/UE4Editor-CharacterAI.dll (API version 3709383).
LogModuleManager: Display: Found up-to-date module file ../../../Engine/Plugins/Experimental/HTML5Networking/Binaries/Win64/UE4Editor-HTML5Networking.dll (API version 3709383).
LogModuleManager: Display: Found up-to-date module file ../../../Engine/Plugins/Media/AndroidMedia/Binaries/Win64/UE4Editor-AndroidMediaEditor.dll (API version 3709383).
LogModuleManager: Display: Found up-to-date module file ../../../Engine/Plugins/Media/AndroidMedia/Binaries/Win64/UE4Editor-AndroidMediaFactory.dll (API version 3709383).
LogModuleManager: Display: Found up-to-date module file ../../../Engine/Plugins/Media/AvfMedia/Binaries/Win64/UE4Editor-AvfMediaEditor.dll (API version 3709383).
LogModuleManager: Display: Found up-to-date module file ../../../Engine/Plugins/Media/AvfMedia/Binaries/Win64/UE4Editor-AvfMediaFactory.dll (API version 3709383).
LogModuleManager: Display: Found up-to-date module file ../../../Engine/Plugins/Media/AvfMedia/Binaries/Win64/UE4Editor-AvfMediaFactory.dll (API version 3709383).
LogModuleManager: Display: Found up-to-date module file ../../../Engine/Plugins/Media/ImgMedia/Binaries/Win64/UE4Editor-ImgMedia.dll (API version 3709383).
LogModuleManager: Display: Found up-to-date module file ../../../Engine/Plugins/Media/ImgMedia/Binaries/Win64/UE4Editor-ImgMediaEditor.dll (API version 3709383).
LogModuleManager: Display: Found up-to-date module file ../../../Engine/Plugins/Media/ImgMedia/Binaries/Win64/UE4Editor-ImgMediaFactory.dll (API version 3709383).
LogModuleManager: Display: Found up-to-date module file ../../../Engine/Plugins/Media/ImgMedia/Binaries/Win64/UE4Editor-ImgMediaFactory.dll (API version 3709383).
LogModuleManager: Display: Found up-to-date module file ../../../Engine/Plugins/Media/ImgMedia/Binaries/Win64/UE4Editor-OpenExrWrapper.dll (API version 3709383).
LogModuleManager: Display: Found up-to-date module file ../../../Engine/Plugins/Media/MediaCompositing/Binaries/Win64/UE4Editor-MediaCompositing.dll (API version 3709383).
LogModuleManager: Display: Found up-to-date module file ../../../Engine/Plugins/Media/MediaCompositing/Binaries/Win64/UE4Editor-MediaCompositingEditor.dll (API version 3709383).
LogModuleManager: Display: Found up-to-date module file ../../../Engine/Plugins/Media/MediaPlayerEditor/Binaries/Win64/UE4Editor-MediaPlayerEditor.dll (API version 3709383).
LogModuleManager: Display: Found up-to-date module file ../../../Engine/Plugins/Media/WmfMedia/Binaries/Win64/UE4Editor-WmfMedia.dll (API version 3709383).
LogModuleManager: Display: Found up-to-date module file ../../../Engine/Plugins/Media/WmfMedia/Binaries/Win64/UE4Editor-WmfMediaEditor.dll (API version 3709383).
LogModuleManager: Display: Found up-to-date module file ../../../Engine/Plugins/Media/WmfMedia/Binaries/Win64/UE4Editor-WmfMediaFactory.dll (API version 3709383).
LogModuleManager: Display: Found up-to-date module file ../../../Engine/Plugins/Media/WmfMedia/Binaries/Win64/UE4Editor-WmfMediaFactory.dll (API version 3709383).
LogModuleManager: Display: Found up-to-date module file ../../../Engine/Plugins/Messaging/TcpMessaging/Binaries/Win64/UE4Editor-TcpMessaging.dll (API version 3709383).
LogModuleManager: Display: Found up-to-date module file ../../../Engine/Plugins/Messaging/UdpMessaging/Binaries/Win64/UE4Editor-UdpMessaging.dll (API version 3709383).
LogModuleManager: Display: Found up-to-date module file ../../../Engine/Plugins/MovieScene/ActorSequence/Binaries/Win64/UE4Editor-ActorSequence.dll (API version 3709383).
LogModuleManager: Display: Found up-to-date module file ../../../Engine/Plugins/MovieScene/LevelSequenceEditor/Binaries/Win64/UE4Editor-LevelSequenceEditor.dll (API version 3709383).
LogModuleManager: Display: Found up-to-date module file ../../../Engine/Plugins/MovieScene/MatineeToLevelSequence/Binaries/Win64/UE4Editor-MatineeToLevelSequence.dll (API version 3709383).
LogModuleManager: Display: Found up-to-date module file ../../../Engine/Plugins/Online/OnlineSubsystem/Binaries/Win64/UE4Editor-OnlineSubsystem.dll (API version 3709383).
LogModuleManager: Display: Found up-to-date module file ../../../Engine/Plugins/Runtime/AndroidPermission/Binaries/Win64/UE4Editor-AndroidPermission.dll (API version 3709383).
LogModuleManager: Display: Found up-to-date module file ../../../Engine/Plugins/Online/OnlineSubsystemNull/Binaries/Win64/UE4Editor-OnlineSubsystemNull.dll (API version 3709383).
LogModuleManager: Display: Found up-to-date module file ../../../Engine/Plugins/Online/OnlineSubsystemUtils/Binaries/Win64/UE4Editor-OnlineSubsystemUtils.dll (API version 3709383).
LogModuleManager: Display: Found up-to-date module file ../../../Engine/Plugins/Online/OnlineSubsystemUtils/Binaries/Win64/UE4Editor-OnlineBlueprintSupport.dll (API version 3709383).
LogModuleManager: Display: Found up-to-date module file ../../../Engine/Plugins/Runtime/AndroidDeviceProfileSelector/Binaries/Win64/UE4Editor-AndroidDeviceProfileSelector.dll (API version 3709383).
LogModuleManager: Display: Found up-to-date module file ../../../Engine/Plugins/Runtime/AppleARKit/Binaries/Win64/UE4Editor-AppleARKit.dll (API version 3709383).
LogModuleManager: Display: Found up-to-date module file ../../../Engine/Plugins/Runtime/ArchVisCharacter/Binaries/Win64/UE4Editor-ArchVisCharacter.dll (API version 3709383).
LogModuleManager: Display: Found up-to-date module file ../../../Engine/Plugins/Runtime/CableComponent/Binaries/Win64/UE4Editor-CableComponent.dll (API version 3709383).
LogModuleManager: Display: Found up-to-date module file ../../../Engine/Plugins/Runtime/CustomMeshComponent/Binaries/Win64/UE4Editor-CustomMeshComponent.dll (API version 3709383).
LogModuleManager: Display: Found up-to-date module file ../../../Engine/Plugins/Runtime/ExampleDeviceProfileSelector/Binaries/Win64/UE4Editor-ExampleDeviceProfileSelector.dll (API version 3709383).
LogModuleManager: Display: Found up-to-date module file ../../../Engine/Plugins/Runtime/ImmediatePhysics/Binaries/Win64/UE4Editor-ImmediatePhysics.dll (API version 3709383).
LogModuleManager: Display: Found up-to-date module file ../../../Engine/Plugins/Runtime/ImmediatePhysics/Binaries/Win64/UE4Editor-ImmediatePhysicsEditor.dll (API version 3709383).
LogModuleManager: Display: Found up-to-date module file ../../../Engine/Plugins/Runtime/LocationServicesBPLibrary/Binaries/Win64/UE4Editor-LocationServicesBPLibrary.dll (API version 3709383).
LogModuleManager: Display: Found up-to-date module file ../../../Engine/Plugins/Runtime/MobilePatchingUtils/Binaries/Win64/UE4Editor-MobilePatchingUtils.dll (API version 3709383).
LogModuleManager: Display: Found up-to-date module file ../../../Engine/Plugins/Runtime/Oculus/OculusVR/Binaries/Win64/UE4Editor-OculusHMD.dll (API version 3709383).
LogModuleManager: Display: Found up-to-date module file ../../../Engine/Plugins/Runtime/Oculus/OculusVR/Binaries/Win64/UE4Editor-OculusInput.dll (API version 3709383).
LogModuleManager: Display: Found up-to-date module file ../../../Engine/Plugins/Runtime/Oculus/OculusVR/Binaries/Win64/UE4Editor-OculusEditor.dll (API version 3709383).
LogModuleManager: Display: Found up-to-date module file ../../../Engine/Plugins/Runtime/PhysXVehicles/Binaries/Win64/UE4Editor-PhysXVehicles.dll (API version 3709383).
LogModuleManager: Display: Found up-to-date module file ../../../Engine/Plugins/Runtime/PhysXVehicles/Binaries/Win64/UE4Editor-PhysXVehiclesEditor.dll (API version 3709383).
LogModuleManager: Display: Found up-to-date module file ../../../Engine/Plugins/Runtime/ProceduralMeshComponent/Binaries/Win64/UE4Editor-ProceduralMeshComponent.dll (API version 3709383).
LogModuleManager: Display: Found up-to-date module file ../../../Engine/Plugins/Runtime/ProceduralMeshComponent/Binaries/Win64/UE4Editor-ProceduralMeshComponentEditor.dll (API version 3709383).
LogModuleManager: Display: Found up-to-date module file ../../../Engine/Plugins/Runtime/RuntimePhysXCooking/Binaries/Win64/UE4Editor-RuntimePhysXCooking.dll (API version 3709383).
LogModuleManager: Display: Found up-to-date module file ../../../Engine/Plugins/Runtime/Steam/SteamVR/Binaries/Win64/UE4Editor-SteamVR.dll (API version 3709383).
LogModuleManager: Display: Found up-to-date module file ../../../Engine/Plugins/Runtime/Steam/SteamVR/Binaries/Win64/UE4Editor-SteamVRController.dll (API version 3709383).
LogModuleManager: Display: Found up-to-date module file ../../../Engine/Plugins/Runtime/WindowsMoviePlayer/Binaries/Win64/UE4Editor-WindowsMoviePlayer.dll (API version 3709383).
LogPluginManager: Mounting plugin Paper2D
LogPluginManager: Mounting plugin LightPropagationVolume
LogPluginManager: Mounting plugin CodeLiteSourceCodeAccess
LogPluginManager: Mounting plugin GitSourceControl
LogPluginManager: Mounting plugin KDevelopSourceCodeAccess
LogPluginManager: Mounting plugin NullSourceCodeAccess
LogPluginManager: Mounting plugin PerforceSourceControl
LogPluginManager: Mounting plugin SubversionSourceControl
LogPluginManager: Mounting plugin UObjectPlugin
LogPluginManager: Mounting plugin VisualStudioCodeSourceCodeAccess
LogPluginManager: Mounting plugin VisualStudioSourceCodeAccess
LogPluginManager: Mounting plugin XCodeSourceCodeAccess
LogPluginManager: Mounting plugin AssetManagerEditor
LogPluginManager: Mounting plugin AudioCapture
LogPluginManager: Mounting plugin FacialAnimation
LogPluginManager: Mounting plugin GameplayTagsEditor
LogPluginManager: Mounting plugin MobileLauncherProfileWizard
LogPluginManager: Mounting plugin PluginBrowser
LogPluginManager: Mounting plugin SpeedTreeImporter
LogPluginManager: Mounting plugin AlembicImporter
LogPluginManager: Mounting plugin CharacterAI
LogPluginManager: Mounting plugin HTML5Networking
LogPluginManager: Mounting plugin AndroidMedia
LogPluginManager: Mounting plugin AvfMedia
LogPluginManager: Mounting plugin ImgMedia
LogPluginManager: Mounting plugin MediaCompositing
LogPluginManager: Mounting plugin MediaPlayerEditor
LogPluginManager: Mounting plugin WmfMedia
LogPluginManager: Mounting plugin TcpMessaging
LogPluginManager: Mounting plugin UdpMessaging
LogPluginManager: Mounting plugin ActorSequence
LogPluginManager: Mounting plugin LevelSequenceEditor
LogPluginManager: Mounting plugin MatineeToLevelSequence
LogPluginManager: Mounting plugin OnlineSubsystemGooglePlay
LogPluginManager: Mounting plugin OnlineSubsystemIOS
LogPluginManager: Mounting plugin OnlineSubsystem
LogPluginManager: Mounting plugin OnlineSubsystemNull
LogPluginManager: Mounting plugin OnlineSubsystemUtils
LogPluginManager: Mounting plugin AndroidDeviceProfileSelector
LogPluginManager: Mounting plugin AndroidMoviePlayer
LogPluginManager: Mounting plugin AndroidPermission
LogPluginManager: Mounting plugin AppleARKit
LogPluginManager: Mounting plugin AppleMoviePlayer
LogPluginManager: Mounting plugin ArchVisCharacter
LogPluginManager: Mounting plugin CableComponent
LogPluginManager: Mounting plugin CustomMeshComponent
LogPluginManager: Mounting plugin ExampleDeviceProfileSelector
LogPluginManager: Mounting plugin GoogleCloudMessaging
LogPluginManager: Mounting plugin ImmediatePhysics
LogPluginManager: Mounting plugin IOSDeviceProfileSelector
LogPluginManager: Mounting plugin LinuxDeviceProfileSelector
LogPluginManager: Mounting plugin LocationServicesBPLibrary
LogPluginManager: Mounting plugin MobilePatchingUtils
LogPluginManager: Mounting plugin OculusVR
LogPluginManager: Plugin shader directory ../../../Engine/Plugins/Runtime/Oculus/OculusVR/Shaders found
LogPluginManager: Mapping shader source directory ../../../Engine/Plugins/Runtime/Oculus/OculusVR/Shaders to virtual directory /Plugin/OculusVR
LogPluginManager: Mounting plugin PhysXVehicles
LogPluginManager: Mounting plugin ProceduralMeshComponent
LogPluginManager: Mounting plugin RuntimePhysXCooking
LogPluginManager: Mounting plugin SteamVR
LogPluginManager: Mounting plugin WindowsMoviePlayer
LogInit: Using libcurl 7.47.1
LogInit:  - built for x86_64-pc-win32
LogInit:  - supports SSL with OpenSSL/1.0.2g
LogInit:  - supports HTTP deflate (compression) using libz 1.2.8
LogInit:  - other features:
LogInit:      CURL_VERSION_SSL
LogInit:      CURL_VERSION_LIBZ
LogInit:      CURL_VERSION_IPV6
LogInit:      CURL_VERSION_ASYNCHDNS
LogInit:      CURL_VERSION_LARGEFILE
LogInit:      CURL_VERSION_IDN
LogInit:  CurlRequestOptions (configurable via config and command line):
LogInit:  - bVerifyPeer = false  - Libcurl will NOT verify peer certificate
LogInit:  - bUseHttpProxy = false  - Libcurl will NOT use HTTP proxy
LogInit:  - bDontReuseConnections = false  - Libcurl will reuse connections
LogInit:  - CertBundlePath = nullptr  - Libcurl will use whatever was configured at build time.
LogInit: Build: ++UE4+Release-4.18-CL-3832480
LogInit: Engine Version: 4.18.3-3832480+++UE4+Release-4.18
LogInit: Compatible Engine Version: 4.18.0-3709383+++UE4+Release-4.18
LogInit: Net CL: 3709383
LogDevObjectVersion: Number of dev versions registered: 16
LogDevObjectVersion:   Dev-Blueprints (B0D832E4-1F89-4F0D-ACCF-7EB736FD4AA2): 10
LogDevObjectVersion:   Dev-Build (E1C64328-A22C-4D53-A36C-8E866417BD8C): 0
LogDevObjectVersion:   Dev-Core (375EC13C-06E4-48FB-B500-84F0262A717E): 2
LogDevObjectVersion:   Dev-Editor (E4B068ED-F494-42E9-A231-DA0B2E46BB41): 20
LogDevObjectVersion:   Dev-Framework (CFFC743F-43B0-4480-9391-14DF171D2073): 30
LogDevObjectVersion:   Dev-Mobile (B02B49B5-BB20-44E9-A304-32B752E40360): 0
LogDevObjectVersion:   Dev-Networking (A4E4105C-59A1-49B5-A7C5-40C4547EDFEE): 0
LogDevObjectVersion:   Dev-Online (39C831C9-5AE6-47DC-9A44-9C173E1C8E7C): 0
LogDevObjectVersion:   Dev-Physics (78F01B33-EBEA-4F98-B9B4-84EACCB95AA2): 0
LogDevObjectVersion:   Dev-Platform (6631380F-2D4D-43E0-8009-CF276956A95A): 0
LogDevObjectVersion:   Dev-Rendering (12F88B9F-8875-4AFC-A67C-D90C383ABD29): 20
LogDevObjectVersion:   Dev-Sequencer (7B5AE74C-D270-4C10-A958-57980B212A5A): 4
LogDevObjectVersion:   Dev-VR (D7296918-1DD6-4BDD-9DE2-64A83CC13884): 0
LogDevObjectVersion:   Dev-LoadTimes (C2A15278-BFE7-4AFE-6C17-90FF531DF755): 1
LogDevObjectVersion:   Private-Geometry (6EACA3D4-40EC-4CC1-B786-8BED09428FC5): 1
LogDevObjectVersion:   Dev-AnimPhys (29E575DD-E0A3-4627-9D10-D276232CDCEA): 12
LogInit: Compiled (64-bit): Jan 12 2018 02:04:55
LogInit: Compiled with Visual C++: 19.00.24215.01
LogInit: Build Configuration: Development
LogInit: Branch Name: ++UE4+Release-4.18
LogInit: Command line:  
LogInit: Base directory: C:/Program Files/Epic Games/UE_4.18/Engine/Binaries/Win64/
LogInit: Installed Engine Build: 1
LogInit: Presizing for max 8388607 objects, including 0 objects not considered by GC, pre-allocating 0 bytes for permanent pool.
LogInit: Object subsystem initialized
[2018.08.28-15.08.42:862][  0]LogInit: Selected Device Profile: [Windows]
[2018.08.28-15.08.42:863][  0]LogInit: Applying CVar settings loaded from the selected device profile: [Windows]
[2018.08.28-15.08.42:880][  0]LogInit: Computer: DESKTOP-OEM0S1H
[2018.08.28-15.08.42:880][  0]LogInit: User: Korisnik
[2018.08.28-15.08.42:880][  0]LogInit: CPU Page size=4096, Cores=2
[2018.08.28-15.08.42:880][  0]LogInit: High frequency timer resolution =3.215366 MHz
[2018.08.28-15.08.42:881][  0]LogMemory: Memory total: Physical=8.0GB (8GB approx)
[2018.08.28-15.08.42:881][  0]LogMemory: Platform Memory Stats for Windows
[2018.08.28-15.08.42:881][  0]LogMemory: Process Physical Memory: 273.72 MB used, 273.72 MB peak
[2018.08.28-15.08.42:881][  0]LogMemory: Process Virtual Memory: 271.67 MB used, 271.67 MB peak
[2018.08.28-15.08.42:881][  0]LogMemory: Physical Memory: 4362.75 MB used,  3784.91 MB free, 8147.66 MB total
[2018.08.28-15.08.42:881][  0]LogMemory: Virtual Memory: 4798.40 MB used,  3784.91 MB free, 134217728.00 MB total
[2018.08.28-15.08.43:257][  0]LogInit: Using OS detected language (en-US).
[2018.08.28-15.08.43:257][  0]LogInit: Using OS detected locale (en-US).
[2018.08.28-15.08.43:261][  0]LogTextLocalizationManager: No specific localization for 'en-US' exists, so the 'en' localization will be used.
[2018.08.28-15.08.43:720][  0]LogInit: Setting process to per monitor DPI aware
[2018.08.28-15.08.44:161][  0]LogD3D11RHI: D3D11 adapters:
[2018.08.28-15.08.44:259][  0]LogD3D11RHI:    0. 'NVIDIA GeForce GT 1030' (Feature Level 11_0)
[2018.08.28-15.08.44:259][  0]LogD3D11RHI:       1982/0/4073 MB DedicatedVideo/DedicatedSystem/SharedSystem, Outputs:1, VendorId:0x10de
[2018.08.28-15.08.44:261][  0]LogD3D11RHI:    1. 'Microsoft Basic Render Driver' (Feature Level 11_0)
[2018.08.28-15.08.44:261][  0]LogD3D11RHI:       0/0/4073 MB DedicatedVideo/DedicatedSystem/SharedSystem, Outputs:0, VendorId:0x1414
[2018.08.28-15.08.44:261][  0]LogD3D11RHI: Chosen D3D11 Adapter: 0
[2018.08.28-15.08.44:270][  0]LogD3D11RHI: Creating new Direct3DDevice
[2018.08.28-15.08.44:270][  0]LogD3D11RHI:     GPU DeviceId: 0x1d01 (for the marketing name, search the web for "GPU Device Id")
[2018.08.28-15.08.44:270][  0]LogWindows: EnumDisplayDevices:
[2018.08.28-15.08.44:270][  0]LogWindows:    0. 'NVIDIA GeForce GT 1030' (P:1 D:1)
[2018.08.28-15.08.44:270][  0]LogWindows:    1. 'NVIDIA GeForce GT 1030' (P:0 D:0)
[2018.08.28-15.08.44:271][  0]LogWindows: DebugString: GetVideoDriverDetailsInvalid PrimaryIsNotTheChoosenAdapter GetVideoDriverDetailsInvalid PrimaryIsNotTheChoosenAdapter FoundDriverCount:0 
[2018.08.28-15.08.44:271][  0]LogD3D11RHI:     Adapter Name: NVIDIA GeForce GT 1030
[2018.08.28-15.08.44:271][  0]LogD3D11RHI:   Driver Version: Unknown (internal:Unknown, unified:Unknown)
[2018.08.28-15.08.44:271][  0]LogD3D11RHI:      Driver Date: Unknown
[2018.08.28-15.08.44:271][  0]LogRHI: Texture pool is 1387 MB (70% of 1982 MB)
[2018.08.28-15.08.44:333][  0]LogD3D11RHI: Async texture creation enabled
[2018.08.28-15.08.44:354][  0]LogD3D11RHI: GPU Timing Frequency: 1000.000000 (Debug: 2 2)
[2018.08.28-15.08.44:397][  0]LogShaderCompilers: Guid format shader working directory is -23 characters bigger than the processId version (../../../../../../Users/Korisnik/Documents/RacerPrototype/RacerPrototype/Intermediate/Shaders/WorkingDirectory/2184/).
[2018.08.28-15.08.44:398][  0]LogShaderCompilers: Cleaned the shader compiler working directory 'C:/Users/Korisnik/AppData/Local/Temp/UnrealShaderWorkingDir/070F3D8348CD3A323005BB9EB6666B24/'.
[2018.08.28-15.08.44:398][  0]LogShaderCompilers: Display: Using Local Shader Compiler.
[2018.08.28-15.08.45:728][  0]LogTemp: Display: Loaded TP AllDesktopTargetPlatform
[2018.08.28-15.08.45:852][  0]LogTemp: Display: Loaded TP MacClientTargetPlatform
[2018.08.28-15.08.45:969][  0]LogTemp: Display: Loaded TP MacNoEditorTargetPlatform
[2018.08.28-15.08.46:085][  0]LogTemp: Display: Loaded TP MacServerTargetPlatform
[2018.08.28-15.08.46:199][  0]LogTemp: Display: Loaded TP MacTargetPlatform
[2018.08.28-15.08.46:316][  0]LogTemp: Display: Loaded TP WindowsClientTargetPlatform
[2018.08.28-15.08.46:432][  0]LogTemp: Display: Loaded TP WindowsNoEditorTargetPlatform
[2018.08.28-15.08.46:548][  0]LogTemp: Display: Loaded TP WindowsServerTargetPlatform
[2018.08.28-15.08.46:655][  0]LogTemp: Display: Loaded TP WindowsTargetPlatform
[2018.08.28-15.08.46:771][  0]LogTemp: Display: Loaded TP Android_ASTCTargetPlatform
[2018.08.28-15.08.46:886][  0]LogTemp: Display: Loaded TP Android_ATCTargetPlatform
[2018.08.28-15.08.47:000][  0]LogTemp: Display: Loaded TP Android_DXTTargetPlatform
[2018.08.28-15.08.47:114][  0]LogTemp: Display: Loaded TP Android_ETC1TargetPlatform
[2018.08.28-15.08.47:228][  0]LogTemp: Display: Loaded TP Android_ETC2TargetPlatform
[2018.08.28-15.08.47:458][  0]LogTemp: Display: Loaded TP Android_MultiTargetPlatform
[2018.08.28-15.08.47:458][  0]LogTemp: Display: Loaded TP Android_PVRTCTargetPlatform
[2018.08.28-15.08.47:572][  0]LogTemp: Display: Loaded TP AndroidTargetPlatform
[2018.08.28-15.08.47:671][  0]LogTemp: Display: Loaded TP HTML5TargetPlatform
[2018.08.28-15.08.47:870][  0]LogTemp: Display: Loaded TP IOSTargetPlatform
[2018.08.28-15.08.47:924][  0]LogTemp: Display: Loaded TP TVOSTargetPlatform
[2018.08.28-15.08.48:039][  0]LogTemp: Display: Loaded TP LinuxClientTargetPlatform
[2018.08.28-15.08.48:152][  0]LogTemp: Display: Loaded TP LinuxNoEditorTargetPlatform
[2018.08.28-15.08.48:268][  0]LogTemp: Display: Loaded TP LinuxServerTargetPlatform
[2018.08.28-15.08.48:383][  0]LogTemp: Display: Loaded TP LinuxTargetPlatform
[2018.08.28-15.08.48:383][  0]LogTargetPlatformManager: Display: Building Assets For Windows
[2018.08.28-15.08.49:492][  0]LogDerivedDataCache: Display: Max Cache Size: 512 MB
[2018.08.28-15.08.49:607][  0]LogDerivedDataCache: Loaded boot cache 0.12s 78MB C:/Users/Korisnik/AppData/Local/UnrealEngine/4.18/DerivedDataCache/Boot.ddc.
[2018.08.28-15.08.49:607][  0]LogDerivedDataCache: Display: Loaded Boot cache: C:/Users/Korisnik/AppData/Local/UnrealEngine/4.18/DerivedDataCache/Boot.ddc
[2018.08.28-15.08.49:607][  0]LogDerivedDataCache: FDerivedDataBackendGraph:  Pak pak cache file ../../../../../../Users/Korisnik/Documents/RacerPrototype/RacerPrototype/DerivedDataCache/DDC.ddp not found, will not use a pak cache.
[2018.08.28-15.08.49:607][  0]LogDerivedDataCache: Unable to find inner node Pak for hierarchical cache Hierarchy.
[2018.08.28-15.08.49:607][  0]LogDerivedDataCache: FDerivedDataBackendGraph:  CompressedPak pak cache file ../../../../../../Users/Korisnik/Documents/RacerPrototype/RacerPrototype/DerivedDataCache/Compressed.ddp not found, will not use a pak cache.
[2018.08.28-15.08.49:607][  0]LogDerivedDataCache: Unable to find inner node CompressedPak for hierarchical cache Hierarchy.
[2018.08.28-15.08.49:625][  0]LogDerivedDataCache: Display: Pak cache opened for reading ../../../Engine/DerivedDataCache/Compressed.ddp.
[2018.08.28-15.08.49:638][  0]LogDerivedDataCache: Using Local data cache path C:/Users/Korisnik/AppData/Local/UnrealEngine/Common/DerivedDataCache: Writable
[2018.08.28-15.08.49:652][  0]LogMaterial: Verifying Global Shaders for PCD3D_SM5
[2018.08.28-15.08.49:652][  0]LogSlate: Using Freetype 2.6.0
[2018.08.28-15.08.49:653][  0]LogSlate: SlateFontCache - WITH_FREETYPE: 1, WITH_HARFBUZZ: 1
[2018.08.28-15.08.49:653][  0]LogSlate: SlateFontCache - WITH_FREETYPE: 1, WITH_HARFBUZZ: 1
[2018.08.28-15.08.50:183][  0]LogInit: Selected Device Profile: [Windows]
[2018.08.28-15.08.50:860][  0]LogSimplygon: Simplygon DLL not present - disabling.
[2018.08.28-15.08.50:959][  0]LogMeshReduction: Using SimplygonSwarm for distributed automatic mesh merging
[2018.08.28-15.08.50:959][  0]LogMeshReduction: Using QuadricMeshReduction for automatic static mesh reduction
[2018.08.28-15.08.50:959][  0]LogMeshReduction: No automatic skeletal mesh reduction module available
[2018.08.28-15.08.50:959][  0]LogMeshReduction: No automatic mesh merging module available
[2018.08.28-15.08.50:959][  0]LogMeshMerging: No automatic mesh merging module available
[2018.08.28-15.08.51:002][  0]LogNetVersion: RacerPrototype , NetCL: 3709383, EngineNetVer: 2, GameNetVer: 0 (Checksum: 2470993418)
[2018.08.28-15.08.51:292][  0]LogAssetRegistry: FAssetRegistry took 0.0285 seconds to start up
[2018.08.28-15.08.52:123][  0]LogPackageLocalizationCache: Processed 7 localized package path(s) for 2 prioritized culture(s) in 0.077461 seconds
[2018.08.28-15.08.52:129][  0]LogUObjectArray: 35870 objects as part of root set at end of initial load.
[2018.08.28-15.08.52:129][  0]LogUObjectAllocator: 7363704 out of 0 bytes used by permanent object pool.
[2018.08.28-15.08.52:129][  0]LogUObjectArray: CloseDisregardForGC: 0/0 objects in disregard for GC pool
[2018.08.28-15.08.52:254][  0]LogInit: WinSock: version 1.1 (2.2), MaxSocks=32767, MaxUdp=65467
[2018.08.28-15.08.57:348][  0]LogTcpMessaging: Initializing TcpMessaging bridge
[2018.08.28-15.08.57:424][  0]LogUdpMessaging: Initializing bridge on interface 0.0.0.0:0 to multicast group 230.0.0.1:6666.
[2018.08.28-15.08.58:896][  0]LogMaterial: Uniform references updated for custom material expression Custom.
[2018.08.28-15.08.59:801][  0]SourceControl: Source control is disabled
[2018.08.28-15.08.59:801][  0]SourceControl: Source control is disabled
[2018.08.28-15.08.59:924][  0]SourceControl: Source control is disabled
[2018.08.28-15.09.00:048][  0]SourceControl: Source control is disabled
[2018.08.28-15.09.01:882][  0]LogAndroidPermission: UAndroidPermissionCallbackProxy::GetInstance
[2018.08.28-15.09.02:492][  0]LogOcInput: OculusInput pre-init called
[2018.08.28-15.09.03:125][  0]LogEngine: Initializing Engine...
[2018.08.28-15.09.03:128][  0]LogHMD: Failed to initialize OpenVR with code 110
[2018.08.28-15.09.03:413][  0]LogStats: UGameplayTagsManager::ConstructGameplayTagTree: Construct from data asset -  0.000 s
[2018.08.28-15.09.03:413][  0]LogStats: UGameplayTagsManager::ConstructGameplayTagTree: GameplayTagTreeChangedEvent.Broadcast -  0.000 s
[2018.08.28-15.09.03:733][  0]LogAIModule: Creating AISystem for world Untitled
[2018.08.28-15.09.03:747][  0]LogInit: XAudio2 using 'Speakers (High Definition Audio Device)' : 2 channels at 44.1 kHz using 16 bits per sample (channel mask 0x3)
[2018.08.28-15.09.03:782][  0]LogInit: FAudioDevice initialized.
[2018.08.28-15.09.03:934][  0]LogDerivedDataCache: Saved boot cache 0.15s 78MB C:/Users/Korisnik/AppData/Local/UnrealEngine/4.18/DerivedDataCache/Boot.ddc.
[2018.08.28-15.09.04:000][  0]LogInit: Texture streaming: Enabled
[2018.08.28-15.09.04:235][  0]LogEngineSessionManager: EngineSessionManager initialized
[2018.08.28-15.09.04:547][  0]LogInit: Transaction tracking system initialized
[2018.08.28-15.09.05:326][  0]BlueprintLog: New page: Editor Load
[2018.08.28-15.09.07:491][  0]LocalizationService: Localization service is disabled
[2018.08.28-15.09.08:712][  0]LogLinker: Warning: Can't find file '/Game/VehicleAdvBP/AdvancedVehicleOverview'
[2018.08.28-15.09.08:712][  0]LogLinker: Warning: Can't find file '/Game/VehicleAdvBP/AdvancedVehicleOverview'
[2018.08.28-15.09.08:712][  0]LogUObjectGlobals: Warning: Failed to find object 'Class /Game/VehicleAdvBP/AdvancedVehicleOverview.AdvancedVehicleOverview_C'
[2018.08.28-15.09.09:227][  0]LogConsoleResponse: Display: 
[2018.08.28-15.09.09:569][  0]LogCook: Display: Max memory allowance for cook 16384mb min free memory 0mb
[2018.08.28-15.09.09:569][  0]LogCook: Display: Mobile HDR setting 1
[2018.08.28-15.09.09:569][  0]LogGameplayTags: Display: UGameplayTagsManager::DoneAddingNativeTags. DelegateIsBound: 0
[2018.08.28-15.09.09:939][  0]LogFileCache: Scanning file cache for directory 'C:/Users/Korisnik/Documents/RacerPrototype/RacerPrototype/Content/' took 0.02s
[2018.08.28-15.09.12:311][  0]SourceControl: Source control is disabled
[2018.08.28-15.09.12:311][  0]Cmd: MAP LOAD FILE="../../../../../../Users/Korisnik/Documents/RacerPrototype/RacerPrototype/Content/StarterContent/Maps/Minimal_Default.umap" TEMPLATE=0 SHOWPROGRESS=1 FEATURELEVEL=3
[2018.08.28-15.09.12:312][  0]LightingResults: New page: Lighting Build
[2018.08.28-15.09.12:412][  0]MapCheck: New page: Map Check
[2018.08.28-15.09.12:412][  0]LightingResults: New page: Lighting Build
[2018.08.28-15.09.12:558][  0]LogLinker: Warning: Can't find file '/Game/StarterContent/Maps/Minimal_Default_BuiltData'
[2018.08.28-15.09.12:558][  0]LogLinker: Warning: Can't find file for asset '/Game/StarterContent/Maps/Minimal_Default_BuiltData' while loading ../../../../../../Users/Korisnik/Documents/RacerPrototype/RacerPrototype/Content/StarterContent/Maps/Minimal_Default.umap.
[2018.08.28-15.09.12:558][  0]LoadErrors: Error: /Game/StarterContent/Maps/Minimal_Default : Can't find file for asset. /Game/StarterContent/Maps/Minimal_Default_BuiltData
[2018.08.28-15.09.12:659][  0]LogLinker: Warning: Can't find file '/Game/StarterContent/Maps/Minimal_Default_BuiltData'
[2018.08.28-15.09.12:659][  0]LogLinker: Warning: Can't find file for asset '/Game/StarterContent/Maps/Minimal_Default_BuiltData' while loading ../../../../../../Users/Korisnik/Documents/RacerPrototype/RacerPrototype/Content/StarterContent/Maps/Minimal_Default.umap.
[2018.08.28-15.09.12:660][  0]LoadErrors: Error: /Game/StarterContent/Maps/Minimal_Default : Can't find file for asset. /Game/StarterContent/Maps/Minimal_Default_BuiltData
[2018.08.28-15.09.12:710][  0]LogLinker: Warning: Can't find file '/Game/StarterContent/Maps/Minimal_Default_BuiltData'
[2018.08.28-15.09.12:710][  0]LogLinker: Warning: Can't find file for asset '/Game/StarterContent/Maps/Minimal_Default_BuiltData' while loading NULL.
[2018.08.28-15.09.12:710][  0]LogLinker: Warning: Can't find file '/Game/StarterContent/Maps/Minimal_Default_BuiltData'
[2018.08.28-15.09.12:710][  0]LogLinker: Warning: Can't find file for asset '/Game/StarterContent/Maps/Minimal_Default_BuiltData' while loading NULL.
[2018.08.28-15.09.12:732][  0]LogLinker: Warning: Can't find file '/Game/StarterContent/Maps/Minimal_Default_BuiltData'
[2018.08.28-15.09.12:732][  0]LoadErrors: Failed to load /Game/StarterContent/Maps/Minimal_Default_BuiltData.Minimal_Default_BuiltData Referenced by PersistentLevel
[2018.08.28-15.09.12:732][  0]LogLinker: Warning: Can't find file for asset '/Game/StarterContent/Maps/Minimal_Default_BuiltData' while loading NULL.
[2018.08.28-15.09.12:732][  0]LoadErrors: Failed to load /Game/StarterContent/Maps/Minimal_Default_BuiltData.Minimal_Default_BuiltData Referenced by PersistentLevel
[2018.08.28-15.09.12:923][  0]LogAIModule: Creating AISystem for world Minimal_Default
[2018.08.28-15.09.12:934][  0]LogEditorServer: Finished looking for orphan Actors (0.000 secs)
[2018.08.28-15.09.12:954][  0]Cmd: MAP CHECKDEP NOCLEARLOG
[2018.08.28-15.09.13:047][  0]MapCheck: Map check complete: 0 Error(s), 0 Warning(s), took 93.09ms to complete.
[2018.08.28-15.09.13:047][  0]LogFileHelpers: Loading map 'Minimal_Default' took 0.736
[2018.08.28-15.09.13:248][  0]LogCollectionManager: Loaded 0 collections in 0.003009 seconds
[2018.08.28-15.09.13:432][  0]LogFileCache: Scanning file cache for directory 'C:/Users/Korisnik/Documents/RacerPrototype/RacerPrototype/Saved/Collections/' took 0.01s
[2018.08.28-15.09.13:432][  0]LogFileCache: Scanning file cache for directory 'C:/Users/Korisnik/Documents/RacerPrototype/RacerPrototype/Content/Developers/Korisnik/Collections/' took 0.01s
[2018.08.28-15.09.13:433][  0]LogFileCache: Scanning file cache for directory 'C:/Users/Korisnik/Documents/RacerPrototype/RacerPrototype/Content/Collections/' took 0.01s
[2018.08.28-15.09.13:433][  0]LogCollectionManager: Rebuilt the GUID cache for 0 collections in 0.000000 seconds
[2018.08.28-15.09.13:444][  0]LogContentBrowser: Native class hierarchy populated in 0.0109 seconds. Added 2363 classes and 519 folders.
[2018.08.28-15.09.13:604][  0]LogContentBrowser: Native class hierarchy updated for 'WidgetCarousel' in 0.0003 seconds. Added 0 classes and 0 folders.
[2018.08.28-15.09.13:665][  0]LogContentBrowser: Native class hierarchy updated for 'AddContentDialog' in 0.0003 seconds. Added 0 classes and 0 folders.
[2018.08.28-15.09.13:769][  0]LogContentBrowser: Native class hierarchy updated for 'SceneOutliner' in 0.0003 seconds. Added 1 classes and 2 folders.
[2018.08.28-15.09.13:846][  0]LogSlate: Took 0.000431 seconds to synchronously load lazily loaded font '../../../Engine/Content/Slate/Fonts/Roboto-Regular.ttf' (155K)
[2018.08.28-15.09.13:851][  0]LogSlate: Took 0.000308 seconds to synchronously load lazily loaded font '../../../Engine/Content/Slate/Fonts/Roboto-Bold.ttf' (160K)
[2018.08.28-15.09.13:860][  0]LogSlate: Took 0.000320 seconds to synchronously load lazily loaded font '../../../Engine/Content/Editor/Slate/Fonts/FontAwesome.ttf' (139K)
[2018.08.28-15.09.14:000][  0]LogRenderer: Reallocating scene render targets to support 1136x652 Format 10 NumSamples 1 (Frame:1).
[2018.08.28-15.09.14:255][  0]LogContentBrowser: Native class hierarchy updated for 'HierarchicalLODOutliner' in 0.0003 seconds. Added 1 classes and 2 folders.
[2018.08.28-15.09.14:256][  0]LogLoad: (Engine Initialization) Total time: 36.70 seconds
[2018.08.28-15.09.14:256][  0]LogLoad: (Engine Initialization) Total Blueprint compile time: 0.00 seconds
[2018.08.28-15.09.14:256][  0]LogExternalProfiler: No external profilers were discovered.  External profiling features will not be available.
[2018.08.28-15.09.14:642][  0]LogContentStreaming: Texture pool size now 1000 MB
[2018.08.28-15.09.14:945][  1]LogAssetRegistry: Asset discovery search completed in 23.6755 seconds
[2018.08.28-15.09.14:948][  1]LogCollectionManager: Rebuilt the object cache for 0 collections in 0.000001 seconds (found 0 objects)
[2018.08.28-15.09.14:948][  1]LogCollectionManager: Fixed up redirectors for 0 collections in 0.000080 seconds (updated 0 objects)
[2018.08.28-15.09.52:972][115]LogSlate: Took 0.000258 seconds to synchronously load lazily loaded font '../../../Engine/Content/Slate/Fonts/Roboto-Light.ttf' (159K)
[2018.08.28-15.10.10:841][839]LogSlate: Took 0.000230 seconds to synchronously load lazily loaded font '../../../Engine/Content/Slate/Fonts/Roboto-Light.ttf' (159K)
[2018.08.28-15.10.11:301][839]LogContentBrowser: Native class hierarchy updated for 'BlueprintGraph' in 0.0007 seconds. Added 116 classes and 0 folders.
[2018.08.28-15.10.12:190][839]LogSlate: Took 0.000221 seconds to synchronously load lazily loaded font '../../../Engine/Content/Slate/Fonts/Roboto-Regular.ttf' (155K)
[2018.08.28-15.10.14:233][ 13]LogSlate: Took 0.011058 seconds to synchronously load lazily loaded font '../../../Engine/Content/Editor/Slate/Fonts/Roboto-BoldCondensed.ttf' (158K)
[2018.08.28-15.10.18:299][460]LogSlate: Took 0.000323 seconds to synchronously load lazily loaded font '../../../Engine/Content/Editor/Slate/Fonts/Roboto-Italic.ttf' (157K)
[2018.08.28-15.10.39:801][394]Cmd: TRANSACTION UNDO
[2018.08.28-15.10.39:801][394]LogEditorTransaction: Undo Add Variable
[2018.08.28-15.10.39:822][394]LogSlate: Took 0.000282 seconds to synchronously load lazily loaded font '../../../Engine/Content/Slate/Fonts/Roboto-Light.ttf' (159K)
[2018.08.28-15.12.20:241][722]LogSlate: Took 0.007356 seconds to synchronously load lazily loaded font '../../../Engine/Content/Editor/Slate/Fonts/Roboto-BoldCondensedItalic.ttf' (160K)
[2018.08.28-15.12.35:309][771]LogRenderer: Reallocating scene render targets to support 1576x808 Format 10 NumSamples 1 (Frame:1).
[2018.08.28-15.21.38:117][216]LogFileHelpers: Editor autosave (incl. sublevels) for '/Game/StarterContent/Maps/Minimal_Default' took 0.033
[2018.08.28-15.21.38:119][216]OBJ SavePackage: Generating thumbnails for [0] asset(s) in package [/Game/Blueprints/MyPlayerController] ([1] browsable assets)...
[2018.08.28-15.21.38:119][216]OBJ SavePackage: Finished generating thumbnails for package [/Game/Blueprints/MyPlayerController]
[2018.08.28-15.21.38:164][216]LogSavePackage: Save=17.35ms
[2018.08.28-15.21.38:164][216]LogSavePackage: Moving '../../../../../../Users/Korisnik/Documents/RacerPrototype/RacerPrototype/Saved/MyPlayerController_Auto1AFD15BB8475BE4BE7BA399A4DC61E688.tmp' to '../../../../../../Users/Korisnik/Documents/RacerPrototype/RacerPrototype/Saved/Autosaves/Game/Blueprints/MyPlayerController_Auto1.uasset'
[2018.08.28-15.21.38:165][216]LogSavePackage: Display: Finished SavePackage ../../../../../../Users/Korisnik/Documents/RacerPrototype/RacerPrototype/Saved/Autosaves/Game/Blueprints/MyPlayerController_Auto1.uasset
[2018.08.28-15.21.38:166][216]LogFileHelpers: Auto-saving content packages took 0.048
[2018.08.28-15.23.28:410][323]LogClass: Warning: Type mismatch in SaveSlot of SKEL_MyPlayerController_C - Previous (StructProperty) Current(StrProperty) for package:  FObjectReader
[2018.08.28-15.26.26:231][755]Cmd: OBJ SAVEPACKAGE PACKAGE="/Game/Blueprints/MyPlayerController" FILE="../../../../../../Users/Korisnik/Documents/RacerPrototype/RacerPrototype/Content/Blueprints/MyPlayerController.uasset" SILENT=true
[2018.08.28-15.26.26:274][755]LogSavePackage: Save=20.30ms
[2018.08.28-15.26.26:274][755]LogSavePackage: Moving '../../../../../../Users/Korisnik/Documents/RacerPrototype/RacerPrototype/Saved/MyPlayerController190C99FB4B466B69D2E63FBFC8F84D33.tmp' to '../../../../../../Users/Korisnik/Documents/RacerPrototype/RacerPrototype/Content/Blueprints/MyPlayerController.uasset'
[2018.08.28-15.26.26:280][755]LogSavePackage: Display: Finished SavePackage ../../../../../../Users/Korisnik/Documents/RacerPrototype/RacerPrototype/Content/Blueprints/MyPlayerController.uasset
[2018.08.28-15.30.09:178][ 44]BlueprintLog: New page: Compile MyPlayerController
[2018.08.28-15.30.09:912][ 95]Cmd: OBJ SAVEPACKAGE PACKAGE="/Game/Blueprints/MyPlayerController" FILE="../../../../../../Users/Korisnik/Documents/RacerPrototype/RacerPrototype/Content/Blueprints/MyPlayerController.uasset" SILENT=true
[2018.08.28-15.30.09:971][ 95]LogSavePackage: Save=31.22ms
[2018.08.28-15.30.09:971][ 95]LogSavePackage: Moving '../../../../../../Users/Korisnik/Documents/RacerPrototype/RacerPrototype/Saved/MyPlayerController1295B904442D29FFAE2224885B533B7A.tmp' to '../../../../../../Users/Korisnik/Documents/RacerPrototype/RacerPrototype/Content/Blueprints/MyPlayerController.uasset'
[2018.08.28-15.30.09:975][ 95]LogSavePackage: Display: Finished SavePackage ../../../../../../Users/Korisnik/Documents/RacerPrototype/RacerPrototype/Content/Blueprints/MyPlayerController.uasset
[2018.08.28-15.31.45:137][826]LogSlate: Warning: Prevented a slow task dialog from being summoned while a context menu was open
[2018.08.28-15.33.10:863][723]LogFileHelpers: Editor autosave (incl. sublevels) for '/Game/StarterContent/Maps/Minimal_Default' took 0.027
[2018.08.28-15.33.10:865][723]OBJ SavePackage: Generating thumbnails for [0] asset(s) in package [/Game/Blueprints/MyPlayerController] ([1] browsable assets)...
[2018.08.28-15.33.10:865][723]OBJ SavePackage: Finished generating thumbnails for package [/Game/Blueprints/MyPlayerController]
[2018.08.28-15.33.10:925][723]LogSavePackage: Save=37.74ms
[2018.08.28-15.33.10:925][723]LogSavePackage: Moving '../../../../../../Users/Korisnik/Documents/RacerPrototype/RacerPrototype/Saved/MyPlayerController_Auto2C78560DF4BB454989C50DE9011326D6F.tmp' to '../../../../../../Users/Korisnik/Documents/RacerPrototype/RacerPrototype/Saved/Autosaves/Game/Blueprints/MyPlayerController_Auto2.uasset'
[2018.08.28-15.33.10:927][723]LogSavePackage: Display: Finished SavePackage ../../../../../../Users/Korisnik/Documents/RacerPrototype/RacerPrototype/Saved/Autosaves/Game/Blueprints/MyPlayerController_Auto2.uasset
[2018.08.28-15.33.10:927][723]LogFileHelpers: Auto-saving content packages took 0.063
[2018.08.28-15.36.28:343][703]LogSlate: Warning: Prevented a slow task dialog from being summoned while a context menu was open
[2018.08.28-15.39.06:136][798]BlueprintLog: New page: Compile MyPlayerController
[2018.08.28-15.39.07:018][861]Cmd: OBJ SAVEPACKAGE PACKAGE="/Game/Blueprints/MyPlayerController" FILE="../../../../../../Users/Korisnik/Documents/RacerPrototype/RacerPrototype/Content/Blueprints/MyPlayerController.uasset" SILENT=true
[2018.08.28-15.39.07:091][861]LogSavePackage: Save=43.55ms
[2018.08.28-15.39.07:092][861]LogSavePackage: Moving '../../../../../../Users/Korisnik/Documents/RacerPrototype/RacerPrototype/Saved/MyPlayerController50E0B18F484D57D558B8649088271869.tmp' to '../../../../../../Users/Korisnik/Documents/RacerPrototype/RacerPrototype/Content/Blueprints/MyPlayerController.uasset'
[2018.08.28-15.39.07:096][861]LogSavePackage: Display: Finished SavePackage ../../../../../../Users/Korisnik/Documents/RacerPrototype/RacerPrototype/Content/Blueprints/MyPlayerController.uasset
[2018.08.28-15.46.26:774][848]BlueprintLog: New page: Compile MyPlayerController
[2018.08.28-15.46.27:616][904]Cmd: OBJ SAVEPACKAGE PACKAGE="/Game/Blueprints/MyPlayerController" FILE="../../../../../../Users/Korisnik/Documents/RacerPrototype/RacerPrototype/Content/Blueprints/MyPlayerController.uasset" SILENT=true
[2018.08.28-15.46.27:703][904]LogSavePackage: Save=50.17ms
[2018.08.28-15.46.27:703][904]LogSavePackage: Moving '../../../../../../Users/Korisnik/Documents/RacerPrototype/RacerPrototype/Saved/MyPlayerController7DADBD6F40C7A3AA8B4258B82B881AF9.tmp' to '../../../../../../Users/Korisnik/Documents/RacerPrototype/RacerPrototype/Content/Blueprints/MyPlayerController.uasset'
[2018.08.28-15.46.27:708][904]LogSavePackage: Display: Finished SavePackage ../../../../../../Users/Korisnik/Documents/RacerPrototype/RacerPrototype/Content/Blueprints/MyPlayerController.uasset
[2018.08.28-15.47.26:732][988]BlueprintLog: New page: Compile MyPlayerController
[2018.08.28-15.47.28:188][ 95]Cmd: OBJ SAVEPACKAGE PACKAGE="/Game/Blueprints/MyPlayerController" FILE="../../../../../../Users/Korisnik/Documents/RacerPrototype/RacerPrototype/Content/Blueprints/MyPlayerController.uasset" SILENT=true
[2018.08.28-15.47.28:280][ 95]LogSavePackage: Save=71.01ms
[2018.08.28-15.47.28:280][ 95]LogSavePackage: Moving '../../../../../../Users/Korisnik/Documents/RacerPrototype/RacerPrototype/Saved/MyPlayerController2850CC6F450894B4E256649F01424A39.tmp' to '../../../../../../Users/Korisnik/Documents/RacerPrototype/RacerPrototype/Content/Blueprints/MyPlayerController.uasset'
[2018.08.28-15.47.28:285][ 95]LogSavePackage: Display: Finished SavePackage ../../../../../../Users/Korisnik/Documents/RacerPrototype/RacerPrototype/Content/Blueprints/MyPlayerController.uasset
[2018.08.28-15.47.32:604][563]LogWindowsTextInputMethodSystem: Display: IME system now deactivated.
[2018.08.28-15.47.32:885][564]Cmd: QUIT_EDITOR
[2018.08.28-15.47.32:928][564]LogExit: Preparing to exit.
[2018.08.28-15.47.33:838][564]LogDirectoryWatcher: A directory notification for 'C:/Users/Korisnik/Documents/RacerPrototype/RacerPrototype/Content/' was aborted.
[2018.08.28-15.47.33:999][564]LogExit: Editor shut down
[2018.08.28-15.47.34:056][564]LogExit: Transaction tracking system shut down
[2018.08.28-15.47.34:312][564]LogDirectoryWatcher: A directory notification for '../../../Engine/Content/' was aborted.
[2018.08.28-15.47.34:312][564]LogDirectoryWatcher: A directory notification for '../../../../../../Users/Korisnik/Documents/RacerPrototype/RacerPrototype/Content/' was aborted.
[2018.08.28-15.47.34:312][564]LogDirectoryWatcher: A directory notification for '../../../Engine/Plugins/2D/Paper2D/Content/' was aborted.
[2018.08.28-15.47.34:312][564]LogDirectoryWatcher: A directory notification for '../../../Engine/Plugins/Media/MediaCompositing/Content/' was aborted.
[2018.08.28-15.47.34:312][564]LogDirectoryWatcher: A directory notification for '../../../Engine/Plugins/Runtime/AppleARKit/Content/' was aborted.
[2018.08.28-15.47.34:312][564]LogDirectoryWatcher: A directory notification for '../../../Engine/Plugins/Runtime/Oculus/OculusVR/Content/' was aborted.
[2018.08.28-15.47.34:312][564]LogDirectoryWatcher: A directory notification for '../../../Engine/Plugins/Runtime/Steam/SteamVR/Content/' was aborted.
[2018.08.28-15.47.34:502][564]LogExit: Object subsystem successfully closed.
[2018.08.28-15.47.34:538][564]LogD3D11RHI: Shutdown
[2018.08.28-15.47.34:538][564]LogD3D11RHI: CleanupD3DDevice
[2018.08.28-15.47.34:544][564]LogD3D11RHI: ~FD3D11DynamicRHI
[2018.08.28-15.47.34:578][564]LogModuleManager: Shutting down and abandoning module BlueprintGraph (550)
[2018.08.28-15.47.34:578][564]LogModuleManager: Shutting down and abandoning module HierarchicalLODOutliner (548)
[2018.08.28-15.47.34:578][564]LogModuleManager: Shutting down and abandoning module SceneOutliner (546)
[2018.08.28-15.47.34:578][564]LogModuleManager: Shutting down and abandoning module AddContentDialog (544)
[2018.08.28-15.47.34:578][564]LogDirectoryWatcher: A directory notification for 'C:/Program Files/Epic Games/UE_4.18/FeaturePacks/' was aborted.
[2018.08.28-15.47.34:586][564]LogModuleManager: Shutting down and abandoning module WidgetCarousel (543)
[2018.08.28-15.47.34:586][564]LogModuleManager: Shutting down and abandoning module EditorWidgets (540)
[2018.08.28-15.47.34:586][564]LogModuleManager: Shutting down and abandoning module CollectionManager (538)
[2018.08.28-15.47.34:586][564]LogDirectoryWatcher: A directory notification for 'C:/Users/Korisnik/Documents/RacerPrototype/RacerPrototype/Content/Collections/' was aborted.
[2018.08.28-15.47.34:586][564]LogDirectoryWatcher: A directory notification for 'C:/Users/Korisnik/Documents/RacerPrototype/RacerPrototype/Content/Developers/Korisnik/Collections/' was aborted.
[2018.08.28-15.47.34:586][564]LogDirectoryWatcher: A directory notification for 'C:/Users/Korisnik/Documents/RacerPrototype/RacerPrototype/Saved/Collections/' was aborted.
[2018.08.28-15.47.34:586][564]LogModuleManager: Shutting down and abandoning module StatsViewer (536)
[2018.08.28-15.47.34:586][564]LogModuleManager: Shutting down and abandoning module FoliageEdit (534)
[2018.08.28-15.47.34:586][564]LogModuleManager: Shutting down and abandoning module LandscapeEditor (532)
[2018.08.28-15.47.34:587][564]LogModuleManager: Shutting down and abandoning module MeshPaintMode (530)
[2018.08.28-15.47.34:587][564]LogModuleManager: Shutting down and abandoning module SceneDepthPickerMode (528)
[2018.08.28-15.47.34:587][564]LogModuleManager: Shutting down and abandoning module ActorPickerMode (526)
[2018.08.28-15.47.34:587][564]LogModuleManager: Shutting down and abandoning module GeometryMode (524)
[2018.08.28-15.47.34:587][564]LogModuleManager: Shutting down and abandoning module TextureAlignMode (522)
[2018.08.28-15.47.34:587][564]LogModuleManager: Shutting down and abandoning module BspMode (520)
[2018.08.28-15.47.34:587][564]LogModuleManager: Shutting down and abandoning module PIEPreviewDeviceProfileSelector (518)
[2018.08.28-15.47.34:587][564]LogModuleManager: Shutting down and abandoning module HardwareSurvey (516)
[2018.08.28-15.47.34:587][564]LogModuleManager: Shutting down and abandoning module SequenceRecorderSections (514)
[2018.08.28-15.47.34:587][564]LogModuleManager: Shutting down and abandoning module AutomationWorker (512)
[2018.08.28-15.47.34:587][564]LogModuleManager: Shutting down and abandoning module MatineeToLevelSequence (510)
[2018.08.28-15.47.34:587][564]LogModuleManager: Shutting down and abandoning module LevelSequenceEditor (508)
[2018.08.28-15.47.34:587][564]LogModuleManager: Shutting down and abandoning module PlacementMode (507)
[2018.08.28-15.47.34:587][564]LogModuleManager: Shutting down and abandoning module WmfMediaFactory (504)
[2018.08.28-15.47.34:587][564]LogModuleManager: Shutting down and abandoning module WmfMediaEditor (502)
[2018.08.28-15.47.34:587][564]LogModuleManager: Shutting down and abandoning module OpenExrWrapper (500)
[2018.08.28-15.47.34:587][564]LogModuleManager: Shutting down and abandoning module ImgMediaFactory (498)
[2018.08.28-15.47.34:587][564]LogModuleManager: Shutting down and abandoning module ImgMediaEditor (496)
[2018.08.28-15.47.34:587][564]LogModuleManager: Shutting down and abandoning module AvfMediaFactory (494)
[2018.08.28-15.47.34:587][564]LogModuleManager: Shutting down and abandoning module AvfMediaEditor (492)
[2018.08.28-15.47.34:587][564]LogModuleManager: Shutting down and abandoning module AndroidMediaFactory (490)
[2018.08.28-15.47.34:587][564]LogModuleManager: Shutting down and abandoning module AndroidMediaEditor (488)
[2018.08.28-15.47.34:587][564]LogModuleManager: Shutting down and abandoning module CharacterAI (486)
[2018.08.28-15.47.34:587][564]LogModuleManager: Shutting down and abandoning module AudioCapture (484)
[2018.08.28-15.47.34:587][564]LogModuleManager: Shutting down and abandoning module SequenceRecorder (483)
[2018.08.28-15.47.34:587][564]LogModuleManager: Shutting down and abandoning module SmartSnapping (480)
[2018.08.28-15.47.34:587][564]LogModuleManager: Shutting down and abandoning module SessionServices (478)
[2018.08.28-15.47.34:588][564]LogModuleManager: Shutting down and abandoning module ViewportSnapping (476)
[2018.08.28-15.47.34:588][564]LogModuleManager: Shutting down and abandoning module ViewportInteraction (474)
[2018.08.28-15.47.34:588][564]LogModuleManager: Shutting down and abandoning module ClothPainter (472)
[2018.08.28-15.47.34:588][564]LogModuleManager: Shutting down and abandoning module SkeletalMeshEditor (471)
[2018.08.28-15.47.34:588][564]LogModuleManager: Shutting down and abandoning module LogVisualizer (468)
[2018.08.28-15.47.34:588][564]LogModuleManager: Shutting down and abandoning module IntroTutorials (466)
[2018.08.28-15.47.34:588][564]LogModuleManager: Shutting down and abandoning module GameProjectGeneration (465)
[2018.08.28-15.47.34:588][564]LogModuleManager: Shutting down and abandoning module IOSPlatformEditor (462)
[2018.08.28-15.47.34:588][564]LogModuleManager: Shutting down and abandoning module HTML5PlatformEditor (460)
[2018.08.28-15.47.34:588][564]LogModuleManager: Shutting down and abandoning module AndroidPlatformEditor (458)
[2018.08.28-15.47.34:588][564]LogModuleManager: Shutting down and abandoning module AndroidDeviceDetection (457)
[2018.08.28-15.47.34:724][564]LogModuleManager: Shutting down and abandoning module WindowsPlatformEditor (454)
[2018.08.28-15.47.34:724][564]LogModuleManager: Shutting down and abandoning module IOSRuntimeSettings (452)
[2018.08.28-15.47.34:724][564]LogModuleManager: Shutting down and abandoning module AndroidRuntimeSettings (450)
[2018.08.28-15.47.34:724][564]LogModuleManager: Shutting down and abandoning module InputBindingEditor (448)
[2018.08.28-15.47.34:724][564]LogModuleManager: Shutting down and abandoning module MergeActors (446)
[2018.08.28-15.47.34:724][564]LogModuleManager: Shutting down and abandoning module SizeMap (444)
[2018.08.28-15.47.34:725][564]LogModuleManager: Shutting down and abandoning module TreeMap (442)
[2018.08.28-15.47.34:725][564]LogModuleManager: Shutting down and abandoning module ReferenceViewer (440)
[2018.08.28-15.47.34:725][564]LogModuleManager: Shutting down and abandoning module LocalizationDashboard (438)
[2018.08.28-15.47.34:725][564]LogModuleManager: Shutting down and abandoning module LocalizationService (437)
[2018.08.28-15.47.34:725][564]LogModuleManager: Shutting down and abandoning module HardwareTargeting (434)
[2018.08.28-15.47.34:725][564]LogModuleManager: Shutting down and abandoning module DeviceProfileEditor (432)
[2018.08.28-15.47.34:725][564]LogModuleManager: Shutting down and abandoning module UndoHistory (430)
[2018.08.28-15.47.34:725][564]LogModuleManager: Shutting down and abandoning module XmlParser (428)
[2018.08.28-15.47.34:725][564]LogModuleManager: Shutting down and abandoning module Blutility (426)
[2018.08.28-15.47.34:726][564]LogModuleManager: Shutting down and abandoning module ProjectSettingsViewer (424)
[2018.08.28-15.47.34:726][564]LogModuleManager: Shutting down and abandoning module ProjectTargetPlatformEditor (423)
[2018.08.28-15.47.34:726][564]LogModuleManager: Shutting down and abandoning module EditorSettingsViewer (420)
[2018.08.28-15.47.34:726][564]LogModuleManager: Shutting down and abandoning module SettingsEditor (418)
[2018.08.28-15.47.34:726][564]LogModuleManager: Shutting down and abandoning module ProjectLauncher (416)
[2018.08.28-15.47.34:726][564]LogModuleManager: Shutting down and abandoning module SessionFrontend (414)
[2018.08.28-15.47.34:726][564]LogModuleManager: Shutting down and abandoning module ProfilerClient (412)
[2018.08.28-15.47.34:726][564]LogModuleManager: Shutting down and abandoning module DeviceManager (410)
[2018.08.28-15.47.34:726][564]LogModuleManager: Shutting down and abandoning module TargetDeviceServices (409)
[2018.08.28-15.47.34:793][564]LogModuleManager: Shutting down and abandoning module AutomationController (406)
[2018.08.28-15.47.34:793][564]LogModuleManager: Shutting down and abandoning module AutomationWindow (404)
[2018.08.28-15.47.34:793][564]LogModuleManager: Shutting down and abandoning module Layers (402)
[2018.08.28-15.47.34:793][564]LogModuleManager: Shutting down and abandoning module ComponentVisualizers (400)
[2018.08.28-15.47.34:793][564]LogModuleManager: Shutting down and abandoning module DetailCustomizations (398)
[2018.08.28-15.47.34:793][564]LogModuleManager: Shutting down and abandoning module PackagesDialog (396)
[2018.08.28-15.47.34:794][564]LogModuleManager: Shutting down and abandoning module Persona (394)
[2018.08.28-15.47.34:794][564]LogModuleManager: Shutting down and abandoning module AdvancedPreviewScene (393)
[2018.08.28-15.47.34:794][564]LogModuleManager: Shutting down and abandoning module AnimGraph (391)
[2018.08.28-15.47.34:794][564]LogModuleManager: Shutting down and abandoning module Kismet (388)
[2018.08.28-15.47.34:841][564]LogModuleManager: Shutting down and abandoning module ClassViewer (386)
[2018.08.28-15.47.34:843][564]LogModuleManager: Shutting down and abandoning module Toolbox (384)
[2018.08.28-15.47.34:843][564]LogModuleManager: Shutting down and abandoning module ModuleUI (382)
[2018.08.28-15.47.34:843][564]LogModuleManager: Shutting down and abandoning module MovieSceneTools (380)
[2018.08.28-15.47.34:844][564]LogModuleManager: Shutting down and abandoning module OutputLog (378)
[2018.08.28-15.47.34:844][564]LogModuleManager: Shutting down and abandoning module GammaUI (376)
[2018.08.28-15.47.34:844][564]LogModuleManager: Shutting down and abandoning module Documentation (374)
[2018.08.28-15.47.34:844][564]LogModuleManager: Shutting down and abandoning module MovieSceneTracks (372)
[2018.08.28-15.47.34:844][564]LogModuleManager: Shutting down and abandoning module MovieScene (370)
[2018.08.28-15.47.34:844][564]LogModuleManager: Shutting down and abandoning module StreamingPauseRendering (368)
[2018.08.28-15.47.34:844][564]LogModuleManager: Shutting down and abandoning module LauncherPlatform (366)
[2018.08.28-15.47.34:844][564]LogModuleManager: Shutting down and abandoning module AnalyticsET (364)
[2018.08.28-15.47.34:844][564]LogModuleManager: Shutting down and abandoning module PortalServices (362)
[2018.08.28-15.47.34:844][564]LogModuleManager: Shutting down and abandoning module PortalRpc (360)
[2018.08.28-15.47.34:844][564]LogModuleManager: Shutting down and abandoning module MessagingRpc (358)
[2018.08.28-15.47.34:844][564]LogModuleManager: Shutting down and abandoning module AIModule (356)
[2018.08.28-15.47.34:844][564]LogModuleManager: Shutting down and abandoning module GameplayDebugger (355)
[2018.08.28-15.47.34:844][564]LogModuleManager: Shutting down and abandoning module AITestSuite (353)
[2018.08.28-15.47.34:844][564]LogModuleManager: Shutting down and abandoning module DesktopPlatform (350)
[2018.08.28-15.47.34:844][564]LogModuleManager: Shutting down and abandoning module ProfilerService (348)
[2018.08.28-15.47.35:000][564]LogModuleManager: Shutting down and abandoning module TaskGraph (346)
[2018.08.28-15.47.35:000][564]LogModuleManager: Shutting down and abandoning module SteamVRController (344)
[2018.08.28-15.47.35:000][564]LogModuleManager: Shutting down and abandoning module ProceduralMeshComponentEditor (342)
[2018.08.28-15.47.35:001][564]LogModuleManager: Shutting down and abandoning module ProceduralMeshComponent (340)
[2018.08.28-15.47.35:001][564]LogModuleManager: Shutting down and abandoning module OculusInput (338)
[2018.08.28-15.47.35:001][564]LogModuleManager: Shutting down and abandoning module MobilePatchingUtils (336)
[2018.08.28-15.47.35:001][564]LogModuleManager: Shutting down and abandoning module CustomMeshComponent (334)
[2018.08.28-15.47.35:001][564]LogModuleManager: Shutting down and abandoning module CableComponent (332)
[2018.08.28-15.47.35:001][564]LogModuleManager: Shutting down and abandoning module ArchVisCharacter (330)
[2018.08.28-15.47.35:001][564]LogModuleManager: Shutting down and abandoning module AndroidPermission (328)
[2018.08.28-15.47.35:001][564]LogModuleManager: Shutting down and abandoning module ActorSequence (324)
[2018.08.28-15.47.35:001][564]LogModuleManager: Shutting down and abandoning module MediaPlayerEditor (322)
[2018.08.28-15.47.35:001][564]LogModuleManager: Shutting down and abandoning module MediaCompositingEditor (320)
[2018.08.28-15.47.35:001][564]LogModuleManager: Shutting down and abandoning module MediaCompositing (318)
[2018.08.28-15.47.35:001][564]LogModuleManager: Shutting down and abandoning module HTML5Networking (316)
[2018.08.28-15.47.35:001][564]LogModuleManager: Shutting down and abandoning module AlembicImporter (314)
[2018.08.28-15.47.35:001][564]LogModuleManager: Shutting down and abandoning module AlembicLibrary (313)
[2018.08.28-15.47.35:001][564]LogModuleManager: Shutting down and abandoning module GeometryCache (312)
[2018.08.28-15.47.35:001][564]LogModuleManager: Shutting down and abandoning module GeometryCacheEd (311)
[2018.08.28-15.47.35:001][564]LogModuleManager: Shutting down and abandoning module SpeedTreeImporter (306)
[2018.08.28-15.47.35:001][564]LogModuleManager: Shutting down and abandoning module PluginBrowser (304)
[2018.08.28-15.47.35:001][564]LogModuleManager: Shutting down and abandoning module MobileLauncherProfileWizard (302)
[2018.08.28-15.47.35:001][564]LogModuleManager: Shutting down and abandoning module VisualStudioSourceCodeAccess (300)
[2018.08.28-15.47.35:001][564]LogModuleManager: Shutting down and abandoning module VisualStudioCodeSourceCodeAccess (298)
[2018.08.28-15.47.35:001][564]LogModuleManager: Shutting down and abandoning module UObjectPlugin (296)
[2018.08.28-15.47.35:001][564]LogModuleManager: Shutting down and abandoning module SubversionSourceControl (294)
[2018.08.28-15.47.35:001][564]LogModuleManager: Shutting down and abandoning module PerforceSourceControl (292)
[2018.08.28-15.47.35:002][564]LogModuleManager: Shutting down and abandoning module GitSourceControl (290)
[2018.08.28-15.47.35:002][564]LogModuleManager: Shutting down and abandoning module SourceControl (289)
[2018.08.28-15.47.35:002][564]LogModuleManager: Shutting down and abandoning module LightPropagationVolumeEditor (286)
[2018.08.28-15.47.35:002][564]LogModuleManager: Shutting down and abandoning module PaperTiledImporter (284)
[2018.08.28-15.47.35:002][564]LogModuleManager: Shutting down and abandoning module PaperSpriteSheetImporter (282)
[2018.08.28-15.47.35:002][564]LogModuleManager: Shutting down and abandoning module Paper2DEditor (280)
[2018.08.28-15.47.35:002][564]LogModuleManager: Shutting down and abandoning module MeshPaint (279)
[2018.08.28-15.47.35:002][564]LogModuleManager: Shutting down and abandoning module LevelEditor (277)
[2018.08.28-15.47.35:005][564]LogModuleManager: Shutting down and abandoning module PixelInspectorModule (276)
[2018.08.28-15.47.35:005][564]LogModuleManager: Shutting down and abandoning module MainFrame (274)
[2018.08.28-15.47.35:005][564]LogModuleManager: Shutting down and abandoning module HotReload (273)
[2018.08.28-15.47.35:006][564]LogModuleManager: Shutting down and abandoning module RuntimePhysXCooking (268)
[2018.08.28-15.47.35:006][564]LogModuleManager: Shutting down and abandoning module PhysXVehiclesEditor (266)
[2018.08.28-15.47.35:006][564]LogModuleManager: Shutting down and abandoning module PhysXVehicles (264)
[2018.08.28-15.47.35:006][564]LogModuleManager: Shutting down and abandoning module OculusEditor (262)
[2018.08.28-15.47.35:006][564]LogModuleManager: Shutting down and abandoning module LocationServicesBPLibrary (260)
[2018.08.28-15.47.35:006][564]LogModuleManager: Shutting down and abandoning module ImmediatePhysicsEditor (258)
[2018.08.28-15.47.35:006][564]LogModuleManager: Shutting down and abandoning module ImmediatePhysics (256)
[2018.08.28-15.47.35:006][564]LogModuleManager: Shutting down and abandoning module UdpMessaging (254)
[2018.08.28-15.47.35:107][564]LogModuleManager: Shutting down and abandoning module TcpMessaging (252)
[2018.08.28-15.47.35:208][564]LogModuleManager: Shutting down and abandoning module GameplayTagsEditor (250)
[2018.08.28-15.47.35:208][564]LogModuleManager: Shutting down and abandoning module FacialAnimationEditor (248)
[2018.08.28-15.47.35:208][564]LogModuleManager: Shutting down and abandoning module FacialAnimation (246)
[2018.08.28-15.47.35:208][564]LogModuleManager: Shutting down and abandoning module AssetManagerEditor (244)
[2018.08.28-15.47.35:208][564]LogModuleManager: Shutting down and abandoning module GraphEditor (243)
[2018.08.28-15.47.35:208][564]LogModuleManager: Shutting down and abandoning module ContentBrowser (241)
[2018.08.28-15.47.35:211][564]LogModuleManager: Shutting down and abandoning module LightPropagationVolumeRuntime (238)
[2018.08.28-15.47.35:211][564]LogModuleManager: Shutting down and abandoning module Paper2D (236)
[2018.08.28-15.47.35:211][564]LogModuleManager: Shutting down and abandoning module WindowsMoviePlayer (234)
[2018.08.28-15.47.35:211][564]LogModuleManager: Shutting down and abandoning module WmfMedia (232)
[2018.08.28-15.47.35:214][564]LogModuleManager: Shutting down and abandoning module ImgMedia (230)
[2018.08.28-15.47.35:214][564]LogModuleManager: Shutting down and abandoning module PacketHandler (228)
[2018.08.28-15.47.35:214][564]LogModuleManager: Shutting down and abandoning module ClothingSystemEditor (226)
[2018.08.28-15.47.35:214][564]LogModuleManager: Shutting down and abandoning module ClothingSystemRuntime (224)
[2018.08.28-15.47.35:214][564]LogModuleManager: Shutting down and abandoning module MediaAssets (222)
[2018.08.28-15.47.35:214][564]LogModuleManager: Shutting down and abandoning module Media (221)
[2018.08.28-15.47.35:221][564]LogModuleManager: Shutting down and abandoning module Overlay (218)
[2018.08.28-15.47.35:221][564]LogModuleManager: Shutting down and abandoning module OverlayEditor (217)
[2018.08.28-15.47.35:221][564]LogModuleManager: Shutting down and abandoning module VREditor (214)
[2018.08.28-15.47.35:221][564]LogModuleManager: Shutting down and abandoning module StringTableEditor (212)
[2018.08.28-15.47.35:221][564]LogModuleManager: Shutting down and abandoning module GameplayTasksEditor (210)
[2018.08.28-15.47.35:221][564]LogModuleManager: Shutting down and abandoning module BehaviorTreeEditor (208)
[2018.08.28-15.47.35:221][564]LogModuleManager: Shutting down and abandoning module FunctionalTesting (206)
[2018.08.28-15.47.35:221][564]LogModuleManager: Shutting down and abandoning module CollisionAnalyzer (204)
[2018.08.28-15.47.35:221][564]LogModuleManager: Shutting down and abandoning module WorkspaceMenuStructure (203)
[2018.08.28-15.47.35:221][564]LogModuleManager: Shutting down and abandoning module UMG (200)
[2018.08.28-15.47.35:221][564]LogModuleManager: Shutting down and abandoning module UMGEditor (199)
[2018.08.28-15.47.35:221][564]LogModuleManager: Shutting down and abandoning module Sequencer (198)
[2018.08.28-15.47.35:222][564]LogModuleManager: Shutting down and abandoning module MessageLog (195)
[2018.08.28-15.47.35:222][564]LogModuleManager: Shutting down and abandoning module SlateReflector (190)
[2018.08.28-15.47.35:222][564]LogModuleManager: Shutting down and abandoning module Slate (188)
[2018.08.28-15.47.35:222][564]LogModuleManager: Shutting down and abandoning module EditorStyle (186)
[2018.08.28-15.47.35:226][564]LogModuleManager: Shutting down and abandoning module MRMesh (184)
[2018.08.28-15.47.35:226][564]LogModuleManager: Shutting down and abandoning module SourceCodeAccess (182)
[2018.08.28-15.47.35:226][564]LogModuleManager: Shutting down and abandoning module HeadMountedDisplay (180)
[2018.08.28-15.47.35:226][564]LogModuleManager: Shutting down and abandoning module XAudio2 (178)
[2018.08.28-15.47.35:226][564]LogModuleManager: Shutting down and abandoning module Networking (176)
[2018.08.28-15.47.35:226][564]LogModuleManager: Shutting down and abandoning module Core (172)
[2018.08.28-15.47.35:226][564]LogModuleManager: Shutting down and abandoning module LevelSequence (168)
[2018.08.28-15.47.35:227][564]LogModuleManager: Shutting down and abandoning module DirectoryWatcher (166)
[2018.08.28-15.47.35:234][564]LogModuleManager: Shutting down and abandoning module KismetCompiler (164)
[2018.08.28-15.47.35:234][564]LogModuleManager: Shutting down and abandoning module MeshUtilities (162)
[2018.08.28-15.47.35:234][564]LogModuleManager: Shutting down and abandoning module MeshMergeUtilities (161)
[2018.08.28-15.47.35:234][564]LogModuleManager: Shutting down and abandoning module MeshReductionInterface (160)
[2018.08.28-15.47.35:234][564]LogModuleManager: Shutting down and abandoning module SimplygonSwarm (159)
[2018.08.28-15.47.35:234][564]LogModuleManager: Shutting down and abandoning module SimplygonMeshReduction (157)
[2018.08.28-15.47.35:234][564]LogModuleManager: Shutting down and abandoning module QuadricMeshReduction (155)
[2018.08.28-15.47.35:234][564]LogModuleManager: Shutting down and abandoning module MaterialBaking (151)
[2018.08.28-15.47.35:234][564]LogModuleManager: Shutting down and abandoning module DerivedDataCache (148)
[2018.08.28-15.47.35:237][564]LogDerivedDataCache: Shutdown
[2018.08.28-15.47.35:237][564]LogModuleManager: Shutting down and abandoning module TargetPlatform (146)
[2018.08.28-15.47.35:238][564]LogModuleManager: Shutting down and abandoning module VulkanShaderFormat (145)
[2018.08.28-15.47.35:238][564]LogModuleManager: Shutting down and abandoning module ShaderFormatVectorVM (143)
[2018.08.28-15.47.35:238][564]LogModuleManager: Shutting down and abandoning module ShaderFormatOpenGL (141)
[2018.08.28-15.47.35:238][564]LogModuleManager: Shutting down and abandoning module ShaderFormatD3D (139)
[2018.08.28-15.47.35:238][564]LogModuleManager: Shutting down and abandoning module MetalShaderFormat (137)
[2018.08.28-15.47.35:238][564]LogModuleManager: Shutting down and abandoning module TextureFormatUncompressed (135)
[2018.08.28-15.47.35:238][564]LogModuleManager: Shutting down and abandoning module TextureFormatPVR (133)
[2018.08.28-15.47.35:238][564]LogModuleManager: Shutting down and abandoning module TextureFormatDXT (131)
[2018.08.28-15.47.35:238][564]LogModuleManager: Shutting down and abandoning module TextureFormatIntelISPCTexComp (129)
[2018.08.28-15.47.35:239][564]LogModuleManager: Shutting down and abandoning module TextureFormatASTC (127)
[2018.08.28-15.47.35:239][564]LogModuleManager: Shutting down and abandoning module ImageWrapper (126)
[2018.08.28-15.47.35:239][564]LogModuleManager: Shutting down and abandoning module TextureFormatAndroid (123)
[2018.08.28-15.47.35:239][564]LogModuleManager: Shutting down and abandoning module AudioFormatOpus (121)
[2018.08.28-15.47.35:239][564]LogModuleManager: Shutting down and abandoning module AudioFormatOgg (119)
[2018.08.28-15.47.35:239][564]LogModuleManager: Shutting down and abandoning module AudioFormatADPCM (117)
[2018.08.28-15.47.35:239][564]LogModuleManager: Shutting down and abandoning module LinuxTargetPlatform (115)
[2018.08.28-15.47.35:239][564]LogModuleManager: Shutting down and abandoning module LinuxServerTargetPlatform (113)
[2018.08.28-15.47.35:239][564]LogModuleManager: Shutting down and abandoning module LinuxNoEditorTargetPlatform (111)
[2018.08.28-15.47.35:239][564]LogModuleManager: Shutting down and abandoning module LinuxClientTargetPlatform (109)
[2018.08.28-15.47.35:239][564]LogModuleManager: Shutting down and abandoning module TVOSTargetPlatform (107)
[2018.08.28-15.47.35:239][564]LogModuleManager: Shutting down and abandoning module Messaging (105)
[2018.08.28-15.47.35:240][564]LogModuleManager: Shutting down and abandoning module IOSTargetPlatform (103)
[2018.08.28-15.47.35:240][564]LogModuleManager: Shutting down and abandoning module HTML5TargetPlatform (101)
[2018.08.28-15.47.35:240][564]LogModuleManager: Shutting down and abandoning module AndroidTargetPlatform (99)
[2018.08.28-15.47.35:240][564]LogModuleManager: Shutting down and abandoning module Android_PVRTCTargetPlatform (97)
[2018.08.28-15.47.35:240][564]LogModuleManager: Shutting down and abandoning module Android_MultiTargetPlatform (95)
[2018.08.28-15.47.35:240][564]LogModuleManager: Shutting down and abandoning module Android_ETC2TargetPlatform (93)
[2018.08.28-15.47.35:240][564]LogModuleManager: Shutting down and abandoning module Android_ETC1TargetPlatform (91)
[2018.08.28-15.47.35:240][564]LogModuleManager: Shutting down and abandoning module Android_DXTTargetPlatform (89)
[2018.08.28-15.47.35:240][564]LogModuleManager: Shutting down and abandoning module Android_ATCTargetPlatform (87)
[2018.08.28-15.47.35:240][564]LogModuleManager: Shutting down and abandoning module Android_ASTCTargetPlatform (85)
[2018.08.28-15.47.35:240][564]LogModuleManager: Shutting down and abandoning module WindowsTargetPlatform (83)
[2018.08.28-15.47.35:240][564]LogModuleManager: Shutting down and abandoning module WindowsServerTargetPlatform (81)
[2018.08.28-15.47.35:240][564]LogModuleManager: Shutting down and abandoning module WindowsNoEditorTargetPlatform (79)
[2018.08.28-15.47.35:240][564]LogModuleManager: Shutting down and abandoning module WindowsClientTargetPlatform (77)
[2018.08.28-15.47.35:240][564]LogModuleManager: Shutting down and abandoning module MacTargetPlatform (75)
[2018.08.28-15.47.35:240][564]LogModuleManager: Shutting down and abandoning module MacServerTargetPlatform (73)
[2018.08.28-15.47.35:240][564]LogModuleManager: Shutting down and abandoning module MacNoEditorTargetPlatform (71)
[2018.08.28-15.47.35:240][564]LogModuleManager: Shutting down and abandoning module MacClientTargetPlatform (69)
[2018.08.28-15.47.35:240][564]LogModuleManager: Shutting down and abandoning module AllDesktopTargetPlatform (67)
[2018.08.28-15.47.35:240][564]LogModuleManager: Shutting down and abandoning module InputCore (64)
[2018.08.28-15.47.35:240][564]LogModuleManager: Shutting down and abandoning module Settings (62)
[2018.08.28-15.47.35:240][564]LogModuleManager: Shutting down and abandoning module PhysXCooking (60)
[2018.08.28-15.47.35:240][564]LogModuleManager: Shutting down and abandoning module SteamVR (58)
[2018.08.28-15.47.35:240][564]LogModuleManager: Shutting down and abandoning module OculusHMD (56)
[2018.08.28-15.47.35:241][564]LogModuleManager: Shutting down and abandoning module ExampleDeviceProfileSelector (54)
[2018.08.28-15.47.35:241][564]LogModuleManager: Shutting down and abandoning module AppleARKit (52)
[2018.08.28-15.47.35:241][564]LogModuleManager: Shutting down and abandoning module AugmentedReality (51)
[2018.08.28-15.47.35:241][564]LogModuleManager: Shutting down and abandoning module OnlineBlueprintSupport (48)
[2018.08.28-15.47.35:241][564]LogModuleManager: Shutting down and abandoning module OnlineSubsystem (44)
[2018.08.28-15.47.35:241][564]LogModuleManager: Shutting down and abandoning module XMPP (43)
[2018.08.28-15.47.35:241][564]LogModuleManager: Shutting down and abandoning module HTTP (41)
[2018.08.28-15.47.35:241][564]LogHttp: Display: Http module shutting down, but needs to wait on 1 outstanding Http requests:
[2018.08.28-15.47.35:241][564]LogHttp: Display: 	verb=[POST] url=[https://datarouter.ol.epicgames.com/datarouter/api/v1/public/data?SessionID=%7B7AF7C2EA-46E0-DE48-3F78-E9B300502201%7D&AppID=UEEditor.Rocket.Release&AppVersion=4.18.3-3832480%2B%2B%2BUE4%2BRelease-4.18&UserID=11bb5d074705f19ee66488a56331540b%7C3e091662578b498bbdc2c48eafa836ad%7Cd13da71c-44f4-4d39-8c6d-46ae9516c0cd&AppEnvironment=datacollector-binary&UploadType=eteventstream] status=Processing
[2018.08.28-15.47.35:270][564]LogModuleManager: Shutting down and abandoning module SSL (40)
[2018.08.28-15.47.35:272][564]LogModuleManager: Shutting down and abandoning module AnimationModifiers (36)
[2018.08.28-15.47.35:272][564]LogModuleManager: Shutting down and abandoning module PropertyEditor (35)
[2018.08.28-15.47.35:272][564]LogModuleManager: Shutting down and abandoning module AudioEditor (32)
[2018.08.28-15.47.35:272][564]LogModuleManager: Shutting down and abandoning module TextureCompressor (30)
[2018.08.28-15.47.35:272][564]LogModuleManager: Shutting down and abandoning module ShaderCore (28)
[2018.08.28-15.47.35:272][564]LogModuleManager: Shutting down and abandoning module Landscape (26)
[2018.08.28-15.47.35:272][564]LogModuleManager: Shutting down and abandoning module SlateRHIRenderer (24)
[2018.08.28-15.47.35:278][564]LogModuleManager: Shutting down and abandoning module OpenGLDrv (22)
[2018.08.28-15.47.35:278][564]LogModuleManager: Shutting down and abandoning module D3D11RHI (20)
[2018.08.28-15.47.35:278][564]LogModuleManager: Shutting down and abandoning module AnimGraphRuntime (18)
[2018.08.28-15.47.35:279][564]LogModuleManager: Shutting down and abandoning module Renderer (16)
[2018.08.28-15.47.35:279][564]LogModuleManager: Shutting down and abandoning module Engine (14)
[2018.08.28-15.47.35:279][564]LogModuleManager: Shutting down and abandoning module CoreUObject (12)
[2018.08.28-15.47.35:279][564]LogModuleManager: Shutting down and abandoning module NetworkFile (10)
[2018.08.28-15.47.35:279][564]LogModuleManager: Shutting down and abandoning module CookedIterativeFile (8)
[2018.08.28-15.47.35:279][564]LogModuleManager: Shutting down and abandoning module StreamingFile (6)
[2018.08.28-15.47.35:279][564]LogModuleManager: Shutting down and abandoning module SandboxFile (4)
[2018.08.28-15.47.35:279][564]LogModuleManager: Shutting down and abandoning module PakFile (2)
[2018.08.28-15.47.35:282][564]LogExit: Exiting.
[2018.08.28-15.47.35:314][564]Log file closed, 08/28/18 17:47:35
